Using pre-set license
Built from '2021.3/staging' branch; Version is '2021.3.11f1 (0a5ca18544bf) revision 679073'; Using compiler version '192829333'; Build Type 'Release'
OS: 'Windows 11  (10.0.22000) 64bit Core' Language: 'fr' Physical Memory: 16193 MB
BatchMode: 1, IsHumanControllingUs: 0, StartBugReporterOnCrash: 0, Is64bit: 1, IsPro: 1

COMMAND LINE ARGUMENTS:
C:\Program Files\Unity\Hub\Editor\2021.3.11f1\Editor\Unity.exe
-adb2
-batchMode
-noUpm
-name
AssetImportWorker5
-projectPath
C:/Users/aumai/Documents/Cours ICAN/Unity/Stonk/Paraxplorer
-logFile
Logs/AssetImportWorker5.log
-srvPort
64355
Successfully changed project path to: C:/Users/aumai/Documents/Cours ICAN/Unity/Stonk/Paraxplorer
C:/Users/aumai/Documents/Cours ICAN/Unity/Stonk/Paraxplorer
[UnityMemory] Configuration Parameters - Can be set up in boot.config
    "memorysetup-bucket-allocator-granularity=16"
    "memorysetup-bucket-allocator-bucket-count=8"
    "memorysetup-bucket-allocator-block-size=33554432"
    "memorysetup-bucket-allocator-block-count=8"
    "memorysetup-main-allocator-block-size=16777216"
    "memorysetup-thread-allocator-block-size=16777216"
    "memorysetup-gfx-main-allocator-block-size=16777216"
    "memorysetup-gfx-thread-allocator-block-size=16777216"
    "memorysetup-cache-allocator-block-size=4194304"
    "memorysetup-typetree-allocator-block-size=2097152"
    "memorysetup-profiler-bucket-allocator-granularity=16"
    "memorysetup-profiler-bucket-allocator-bucket-count=8"
    "memorysetup-profiler-bucket-allocator-block-size=33554432"
    "memorysetup-profiler-bucket-allocator-block-count=8"
    "memorysetup-profiler-allocator-block-size=16777216"
    "memorysetup-profiler-editor-allocator-block-size=1048576"
    "memorysetup-temp-allocator-size-main=16777216"
    "memorysetup-job-temp-allocator-block-size=2097152"
    "memorysetup-job-temp-allocator-block-size-background=1048576"
    "memorysetup-job-temp-allocator-reduction-small-platforms=262144"
    "memorysetup-temp-allocator-size-background-worker=32768"
    "memorysetup-temp-allocator-size-job-worker=262144"
    "memorysetup-temp-allocator-size-preload-manager=33554432"
    "memorysetup-temp-allocator-size-nav-mesh-worker=65536"
    "memorysetup-temp-allocator-size-audio-worker=65536"
    "memorysetup-temp-allocator-size-cloud-worker=32768"
    "memorysetup-temp-allocator-size-gi-baking-worker=262144"
    "memorysetup-temp-allocator-size-gfx=262144"
Refreshing native plugins compatible for Editor in 267.72 ms, found 4 plugins.
Preloading 0 native plugins for Editor in 0.00 ms.
Initialize engine version: 2021.3.11f1 (0a5ca18544bf)
[Subsystems] Discovering subsystems at path C:/Program Files/Unity/Hub/Editor/2021.3.11f1/Editor/Data/Resources/UnitySubsystems
[Subsystems] Discovering subsystems at path C:/Users/aumai/Documents/Cours ICAN/Unity/Stonk/Paraxplorer/Assets
GfxDevice: creating device client; threaded=0; jobified=0
Direct3D:
    Version:  Direct3D 11.0 [level 11.1]
    Renderer: NVIDIA GeForce GTX 1650 (ID=0x1f91)
    Vendor:   NVIDIA
    VRAM:     3962 MB
    Driver:   31.0.15.2225
Initialize mono
Mono path[0] = 'C:/Program Files/Unity/Hub/Editor/2021.3.11f1/Editor/Data/Managed'
Mono path[1] = 'C:/Program Files/Unity/Hub/Editor/2021.3.11f1/Editor/Data/MonoBleedingEdge/lib/mono/unityjit-win32'
Mono config path = 'C:/Program Files/Unity/Hub/Editor/2021.3.11f1/Editor/Data/MonoBleedingEdge/etc'
Using monoOptions --debugger-agent=transport=dt_socket,embedding=1,server=y,suspend=n,address=127.0.0.1:56588
Begin MonoManager ReloadAssembly
Registering precompiled unity dll's ...
Register platform support module: C:/Program Files/Unity/Hub/Editor/2021.3.11f1/Editor/Data/PlaybackEngines/WindowsStandaloneSupport/UnityEditor.WindowsStandalone.Extensions.dll
Register platform support module: C:/Program Files/Unity/Hub/Editor/2021.3.11f1/Editor/Data/PlaybackEngines/MetroSupport/UnityEditor.UWP.Extensions.dll
Registered in 0.021267 seconds.
Native extension for UWP target not found
Native extension for WindowsStandalone target not found
Refreshing native plugins compatible for Editor in 325.12 ms, found 4 plugins.
Preloading 0 native plugins for Editor in 0.00 ms.
Mono: successfully reloaded assembly
- Completed reload, in  2.449 seconds
Domain Reload Profiling:
	ReloadAssembly (2451ms)
		BeginReloadAssembly (286ms)
			ExecutionOrderSort (0ms)
			DisableScriptedObjects (0ms)
			BackupInstance (0ms)
			ReleaseScriptingObjects (0ms)
			CreateAndSetChildDomain (2ms)
		EndReloadAssembly (1727ms)
			LoadAssemblies (278ms)
			RebuildTransferFunctionScriptingTraits (0ms)
			SetupTypeCache (381ms)
			ReleaseScriptCaches (0ms)
			RebuildScriptCaches (94ms)
			SetupLoadedEditorAssemblies (1064ms)
				LogAssemblyErrors (0ms)
				InitializePlatformSupportModulesInManaged (28ms)
				SetLoadedEditorAssemblies (1ms)
				RefreshPlugins (325ms)
				BeforeProcessingInitializeOnLoad (4ms)
				ProcessInitializeOnLoadAttributes (528ms)
				ProcessInitializeOnLoadMethodAttributes (177ms)
				AfterProcessingInitializeOnLoad (0ms)
				EditorAssembliesLoaded (1ms)
			ExecutionOrderSort2 (0ms)
			AwakeInstancesAfterBackupRestoration (0ms)
Platform modules already initialized, skipping
Registering precompiled user dll's ...
Registered in 0.036779 seconds.
Begin MonoManager ReloadAssembly
Symbol file LoadedFromMemory doesn't match image C:\Users\aumai\Documents\Cours ICAN\Unity\Stonk\Paraxplorer\Library\PackageCache\com.unity.visualscripting@1.7.8\Editor\VisualScripting.Core\Dependencies\YamlDotNet\Unity.VisualScripting.YamlDotNet.dll
Symbol file LoadedFromMemory doesn't match image C:\Users\aumai\Documents\Cours ICAN\Unity\Stonk\Paraxplorer\Library\PackageCache\com.unity.visualscripting@1.7.8\Editor\VisualScripting.Core\Dependencies\DotNetZip\Unity.VisualScripting.IonicZip.dll
Native extension for UWP target not found
Native extension for WindowsStandalone target not found
Refreshing native plugins compatible for Editor in 328.29 ms, found 4 plugins.
Preloading 0 native plugins for Editor in 0.00 ms.
Mono: successfully reloaded assembly
- Completed reload, in  4.433 seconds
Domain Reload Profiling:
	ReloadAssembly (4436ms)
		BeginReloadAssembly (430ms)
			ExecutionOrderSort (0ms)
			DisableScriptedObjects (20ms)
			BackupInstance (0ms)
			ReleaseScriptingObjects (0ms)
			CreateAndSetChildDomain (56ms)
		EndReloadAssembly (3556ms)
			LoadAssemblies (375ms)
			RebuildTransferFunctionScriptingTraits (0ms)
			SetupTypeCache (888ms)
			ReleaseScriptCaches (2ms)
			RebuildScriptCaches (233ms)
			SetupLoadedEditorAssemblies (1909ms)
				LogAssemblyErrors (0ms)
				InitializePlatformSupportModulesInManaged (21ms)
				SetLoadedEditorAssemblies (1ms)
				RefreshPlugins (329ms)
				BeforeProcessingInitializeOnLoad (367ms)
				ProcessInitializeOnLoadAttributes (981ms)
				ProcessInitializeOnLoadMethodAttributes (174ms)
				AfterProcessingInitializeOnLoad (36ms)
				EditorAssembliesLoaded (1ms)
			ExecutionOrderSort2 (0ms)
			AwakeInstancesAfterBackupRestoration (23ms)
Platform modules already initialized, skipping
========================================================================
Worker process is ready to serve import requests
Launched and connected shader compiler UnityShaderCompiler.exe after 0.12 seconds
Refreshing native plugins compatible for Editor in 1.57 ms, found 4 plugins.
Preloading 0 native plugins for Editor in 0.00 ms.
Unloading 4069 Unused Serialized files (Serialized files now loaded: 0)
Unloading 38 unused Assets / (56.1 KB). Loaded Objects now: 4525.
Memory consumption went from 151.5 MB to 151.5 MB.
Total: 12.263100 ms (FindLiveObjects: 0.764000 ms CreateObjectMapping: 0.763900 ms MarkObjects: 10.497900 ms  DeleteObjects: 0.234500 ms)

AssetImportParameters requested are different than current active one (requested -> active):
  custom:video-decoder-ogg-theora: a1e56fd34408186e4bbccfd4996cb3dc -> 
  custom:container-muxer-webm: aa71ff27fc2769a1b78a27578f13a17b -> 
  custom:container-demuxer-webm: 4f35f7cbe854078d1ac9338744f61a02 -> 
  custom:video-encoder-webm-vp8: eb34c28f22e8b96e1ab97ce403110664 -> 
  custom:video-codec-MediaFoundation-h265: 746d11721c4dcdbdad8f713fa42b33f4 -> 
  custom:audio-encoder-webm-vorbis: bf7c407c2cedff20999df2af8eb42d56 -> 
  custom:framework-win-MediaFoundation: 216162199b28c13a410421893ffa2e32 -> 
  custom:container-demuxer-ogg: 62fdf1f143b41e24485cea50d1cbac27 -> 
  custom:video-decoder-webm-vp8: 9c59270c3fd7afecdb556c50c9e8de78 -> 
  custom:audio-decoder-ogg-vorbis: bf7c407c2cedff20999df2af8eb42d56 -> 
========================================================================
Received Prepare
Registering precompiled user dll's ...
Registered in 0.026801 seconds.
Begin MonoManager ReloadAssembly
Symbol file LoadedFromMemory doesn't match image C:\Users\aumai\Documents\Cours ICAN\Unity\Stonk\Paraxplorer\Library\PackageCache\com.unity.visualscripting@1.7.8\Editor\VisualScripting.Core\Dependencies\YamlDotNet\Unity.VisualScripting.YamlDotNet.dll
Symbol file LoadedFromMemory doesn't match image C:\Users\aumai\Documents\Cours ICAN\Unity\Stonk\Paraxplorer\Library\PackageCache\com.unity.visualscripting@1.7.8\Editor\VisualScripting.Core\Dependencies\DotNetZip\Unity.VisualScripting.IonicZip.dll
Native extension for UWP target not found
Native extension for WindowsStandalone target not found
Refreshing native plugins compatible for Editor in 2.66 ms, found 4 plugins.
Preloading 0 native plugins for Editor in 0.00 ms.
Mono: successfully reloaded assembly
- Completed reload, in  3.807 seconds
Domain Reload Profiling:
	ReloadAssembly (3810ms)
		BeginReloadAssembly (440ms)
			ExecutionOrderSort (0ms)
			DisableScriptedObjects (22ms)
			BackupInstance (0ms)
			ReleaseScriptingObjects (0ms)
			CreateAndSetChildDomain (118ms)
		EndReloadAssembly (2970ms)
			LoadAssemblies (335ms)
			RebuildTransferFunctionScriptingTraits (0ms)
			SetupTypeCache (890ms)
			ReleaseScriptCaches (4ms)
			RebuildScriptCaches (173ms)
			SetupLoadedEditorAssemblies (1376ms)
				LogAssemblyErrors (0ms)
				InitializePlatformSupportModulesInManaged (50ms)
				SetLoadedEditorAssemblies (2ms)
				RefreshPlugins (3ms)
				BeforeProcessingInitializeOnLoad (272ms)
				ProcessInitializeOnLoadAttributes (851ms)
				ProcessInitializeOnLoadMethodAttributes (161ms)
				AfterProcessingInitializeOnLoad (35ms)
				EditorAssembliesLoaded (0ms)
			ExecutionOrderSort2 (0ms)
			AwakeInstancesAfterBackupRestoration (33ms)
Platform modules already initialized, skipping
Refreshing native plugins compatible for Editor in 9.45 ms, found 4 plugins.
Preloading 0 native plugins for Editor in 0.00 ms.
Unloading 4058 Unused Serialized files (Serialized files now loaded: 0)
Unloading 25 unused Assets / (24.6 KB). Loaded Objects now: 4528.
Memory consumption went from 150.9 MB to 150.9 MB.
Total: 9.286400 ms (FindLiveObjects: 0.632400 ms CreateObjectMapping: 0.307600 ms MarkObjects: 8.256200 ms  DeleteObjects: 0.087900 ms)

AssetImportParameters requested are different than current active one (requested -> active):
  custom:video-decoder-ogg-theora: a1e56fd34408186e4bbccfd4996cb3dc -> 
  custom:container-muxer-webm: aa71ff27fc2769a1b78a27578f13a17b -> 
  custom:container-demuxer-webm: 4f35f7cbe854078d1ac9338744f61a02 -> 
  custom:video-encoder-webm-vp8: eb34c28f22e8b96e1ab97ce403110664 -> 
  custom:video-codec-MediaFoundation-h265: 746d11721c4dcdbdad8f713fa42b33f4 -> 
  custom:audio-encoder-webm-vorbis: bf7c407c2cedff20999df2af8eb42d56 -> 
  custom:framework-win-MediaFoundation: 216162199b28c13a410421893ffa2e32 -> 
  custom:container-demuxer-ogg: 62fdf1f143b41e24485cea50d1cbac27 -> 
  custom:video-decoder-webm-vp8: 9c59270c3fd7afecdb556c50c9e8de78 -> 
  custom:audio-decoder-ogg-vorbis: bf7c407c2cedff20999df2af8eb42d56 -> 
========================================================================
Received Prepare
Registering precompiled user dll's ...
Registered in 0.032159 seconds.
Begin MonoManager ReloadAssembly
Symbol file LoadedFromMemory doesn't match image C:\Users\aumai\Documents\Cours ICAN\Unity\Stonk\Paraxplorer\Library\PackageCache\com.unity.visualscripting@1.7.8\Editor\VisualScripting.Core\Dependencies\YamlDotNet\Unity.VisualScripting.YamlDotNet.dll
Symbol file LoadedFromMemory doesn't match image C:\Users\aumai\Documents\Cours ICAN\Unity\Stonk\Paraxplorer\Library\PackageCache\com.unity.visualscripting@1.7.8\Editor\VisualScripting.Core\Dependencies\DotNetZip\Unity.VisualScripting.IonicZip.dll
Native extension for UWP target not found
Native extension for WindowsStandalone target not found
Refreshing native plugins compatible for Editor in 1.94 ms, found 4 plugins.
Preloading 0 native plugins for Editor in 0.00 ms.
Mono: successfully reloaded assembly
- Completed reload, in  2.806 seconds
Domain Reload Profiling:
	ReloadAssembly (2808ms)
		BeginReloadAssembly (418ms)
			ExecutionOrderSort (0ms)
			DisableScriptedObjects (31ms)
			BackupInstance (0ms)
			ReleaseScriptingObjects (0ms)
			CreateAndSetChildDomain (135ms)
		EndReloadAssembly (2058ms)
			LoadAssemblies (289ms)
			RebuildTransferFunctionScriptingTraits (0ms)
			SetupTypeCache (649ms)
			ReleaseScriptCaches (3ms)
			RebuildScriptCaches (119ms)
			SetupLoadedEditorAssemblies (918ms)
				LogAssemblyErrors (0ms)
				InitializePlatformSupportModulesInManaged (33ms)
				SetLoadedEditorAssemblies (2ms)
				RefreshPlugins (2ms)
				BeforeProcessingInitializeOnLoad (206ms)
				ProcessInitializeOnLoadAttributes (563ms)
				ProcessInitializeOnLoadMethodAttributes (99ms)
				AfterProcessingInitializeOnLoad (13ms)
				EditorAssembliesLoaded (0ms)
			ExecutionOrderSort2 (0ms)
			AwakeInstancesAfterBackupRestoration (24ms)
Platform modules already initialized, skipping
Refreshing native plugins compatible for Editor in 10.30 ms, found 4 plugins.
Preloading 0 native plugins for Editor in 0.00 ms.
Unloading 4058 Unused Serialized files (Serialized files now loaded: 0)
Unloading 25 unused Assets / (24.7 KB). Loaded Objects now: 4531.
Memory consumption went from 150.9 MB to 150.9 MB.
Total: 12.074400 ms (FindLiveObjects: 1.027800 ms CreateObjectMapping: 0.967000 ms MarkObjects: 9.992300 ms  DeleteObjects: 0.080700 ms)

AssetImportParameters requested are different than current active one (requested -> active):
  custom:video-decoder-ogg-theora: a1e56fd34408186e4bbccfd4996cb3dc -> 
  custom:container-muxer-webm: aa71ff27fc2769a1b78a27578f13a17b -> 
  custom:container-demuxer-webm: 4f35f7cbe854078d1ac9338744f61a02 -> 
  custom:video-encoder-webm-vp8: eb34c28f22e8b96e1ab97ce403110664 -> 
  custom:video-codec-MediaFoundation-h265: 746d11721c4dcdbdad8f713fa42b33f4 -> 
  custom:audio-encoder-webm-vorbis: bf7c407c2cedff20999df2af8eb42d56 -> 
  custom:framework-win-MediaFoundation: 216162199b28c13a410421893ffa2e32 -> 
  custom:container-demuxer-ogg: 62fdf1f143b41e24485cea50d1cbac27 -> 
  custom:video-decoder-webm-vp8: 9c59270c3fd7afecdb556c50c9e8de78 -> 
  custom:audio-decoder-ogg-vorbis: bf7c407c2cedff20999df2af8eb42d56 -> 
========================================================================
Received Import Request.
  Time since last request: 354825.279112 seconds.
  path: Assets/Tiles/ice tile_1.asset
  artifactKey: Guid(f03138896303e8d45a6abe2cb589b248) Importer(815301076,1909f56bfc062723c751e8b465ee728b)
Start importing Assets/Tiles/ice tile_1.asset using Guid(f03138896303e8d45a6abe2cb589b248) Importer(815301076,1909f56bfc062723c751e8b465ee728b)  -> (artifact id: 'd78e0d9aff14696f984baf1b62299e19') in 0.288538 seconds 
========================================================================
Received Import Request.
  Time since last request: 0.000072 seconds.
  path: Assets/Tiles/ice tile_7.asset
  artifactKey: Guid(0c230f00ad522a1459cc224e474a6eb2) Importer(815301076,1909f56bfc062723c751e8b465ee728b)
Start importing Assets/Tiles/ice tile_7.asset using Guid(0c230f00ad522a1459cc224e474a6eb2) Importer(815301076,1909f56bfc062723c751e8b465ee728b)  -> (artifact id: '0a64b512fadd7f779e99a4955b7af3bf') in 0.025371 seconds 
========================================================================
Received Import Request.
  Time since last request: 0.000076 seconds.
  path: Assets/Tiles/ice tile_35.asset
  artifactKey: Guid(2f9d3b9eb0d22134aaf8e7deca8fe26d) Importer(815301076,1909f56bfc062723c751e8b465ee728b)
Start importing Assets/Tiles/ice tile_35.asset using Guid(2f9d3b9eb0d22134aaf8e7deca8fe26d) Importer(815301076,1909f56bfc062723c751e8b465ee728b)  -> (artifact id: 'cc8514317da7249938c60a9fb1241cee') in 0.026129 seconds 
========================================================================
Received Import Request.
  Time since last request: 0.000073 seconds.
  path: Assets/Tiles/ice tile_24.asset
  artifactKey: Guid(37dd78880d72d394692d3f31ab7918f9) Importer(815301076,1909f56bfc062723c751e8b465ee728b)
Start importing Assets/Tiles/ice tile_24.asset using Guid(37dd78880d72d394692d3f31ab7918f9) Importer(815301076,1909f56bfc062723c751e8b465ee728b)  -> (artifact id: '551be5eeeefc4c6c40e52f3d2a85e4c7') in 0.035591 seconds 
========================================================================
Received Import Request.
  Time since last request: 0.000054 seconds.
  path: Assets/Tiles/ice tile_38.asset
  artifactKey: Guid(fc993a0b28221304eb73c04420fe9afa) Importer(815301076,1909f56bfc062723c751e8b465ee728b)
Start importing Assets/Tiles/ice tile_38.asset using Guid(fc993a0b28221304eb73c04420fe9afa) Importer(815301076,1909f56bfc062723c751e8b465ee728b)  -> (artifact id: '65612a9c99922da1c146017d1aad7dfa') in 0.020530 seconds 
========================================================================
Received Import Request.
  Time since last request: 0.000058 seconds.
  path: Assets/Tiles/ice tile_2.asset
  artifactKey: Guid(e435a01cc28293d4d922de49dfb86df7) Importer(815301076,1909f56bfc062723c751e8b465ee728b)
Start importing Assets/Tiles/ice tile_2.asset using Guid(e435a01cc28293d4d922de49dfb86df7) Importer(815301076,1909f56bfc062723c751e8b465ee728b)  -> (artifact id: '1a92bd72eeacc07f09bcc6bf28aaaa70') in 0.020740 seconds 
========================================================================
Received Import Request.
  Time since last request: 0.000048 seconds.
  path: Assets/Tiles/ice tile_49.asset
  artifactKey: Guid(11f7ad91411ec0148ba058d51cbde22e) Importer(815301076,1909f56bfc062723c751e8b465ee728b)
Start importing Assets/Tiles/ice tile_49.asset using Guid(11f7ad91411ec0148ba058d51cbde22e) Importer(815301076,1909f56bfc062723c751e8b465ee728b)  -> (artifact id: 'a2b0eebfb8c68d37c4efdf433b312a71') in 0.019432 seconds 
========================================================================
Received Import Request.
  Time since last request: 0.000061 seconds.
  path: Assets/Tiles/ice tile_37.asset
  artifactKey: Guid(72f64003db25b73439366e87681c4a40) Importer(815301076,1909f56bfc062723c751e8b465ee728b)
Start importing Assets/Tiles/ice tile_37.asset using Guid(72f64003db25b73439366e87681c4a40) Importer(815301076,1909f56bfc062723c751e8b465ee728b)  -> (artifact id: 'c877478eb737ba920af5b610206b19b9') in 0.017251 seconds 
========================================================================
Received Import Request.
  Time since last request: 0.000086 seconds.
  path: Assets/Tiles/ice tile_42.asset
  artifactKey: Guid(b6cd5ed812a00544488485ca77e04c7b) Importer(815301076,1909f56bfc062723c751e8b465ee728b)
Start importing Assets/Tiles/ice tile_42.asset using Guid(b6cd5ed812a00544488485ca77e04c7b) Importer(815301076,1909f56bfc062723c751e8b465ee728b)  -> (artifact id: 'b1b36efde0f1846dc858f0476de6105c') in 0.018112 seconds 
========================================================================
Received Import Request.
  Time since last request: 0.000042 seconds.
  path: Assets/Tiles/ice tile_18.asset
  artifactKey: Guid(cbfe56ed951ff20459b40f39c45681dd) Importer(815301076,1909f56bfc062723c751e8b465ee728b)
Start importing Assets/Tiles/ice tile_18.asset using Guid(cbfe56ed951ff20459b40f39c45681dd) Importer(815301076,1909f56bfc062723c751e8b465ee728b)  -> (artifact id: 'f69d24735597c3218815c1538a055230') in 0.019931 seconds 
========================================================================
Received Import Request.
  Time since last request: 0.000042 seconds.
  path: Assets/Tiles/tile_2.asset
  artifactKey: Guid(1549f1d742094ab4a8be8d801a2900b4) Importer(815301076,1909f56bfc062723c751e8b465ee728b)
Start importing Assets/Tiles/tile_2.asset using Guid(1549f1d742094ab4a8be8d801a2900b4) Importer(815301076,1909f56bfc062723c751e8b465ee728b)  -> (artifact id: '2c7fdd4b3c44ad3d39ca129cdb61bec4') in 0.017709 seconds 
========================================================================
Received Import Request.
  Time since last request: 0.000054 seconds.
  path: Assets/Tiles/tile_8.asset
  artifactKey: Guid(68627b0a1d4e3b3429d2f077d4fdad34) Importer(815301076,1909f56bfc062723c751e8b465ee728b)
Start importing Assets/Tiles/tile_8.asset using Guid(68627b0a1d4e3b3429d2f077d4fdad34) Importer(815301076,1909f56bfc062723c751e8b465ee728b)  -> (artifact id: '5e8699d827d58bd3a8e9d1634b5feb1d') in 0.022961 seconds 
========================================================================
Received Import Request.
  Time since last request: 0.000051 seconds.
  path: Assets/Tiles/tile_13.asset
  artifactKey: Guid(def10e3d871af3f418204f481cc3e931) Importer(815301076,1909f56bfc062723c751e8b465ee728b)
Start importing Assets/Tiles/tile_13.asset using Guid(def10e3d871af3f418204f481cc3e931) Importer(815301076,1909f56bfc062723c751e8b465ee728b)  -> (artifact id: '1d3d164fdf5ca31fd9c393936f9589b5') in 0.022669 seconds 
========================================================================
Received Import Request.
  Time since last request: 0.000039 seconds.
  path: Assets/Tiles/tile_27.asset
  artifactKey: Guid(21e08dc05aeafb347adcc600c3643a02) Importer(815301076,1909f56bfc062723c751e8b465ee728b)
Start importing Assets/Tiles/tile_27.asset using Guid(21e08dc05aeafb347adcc600c3643a02) Importer(815301076,1909f56bfc062723c751e8b465ee728b)  -> (artifact id: '1feebccad7cd08ab234226b441d9a8a5') in 0.017901 seconds 
========================================================================
Received Import Request.
  Time since last request: 0.000063 seconds.
  path: Assets/Tiles/tile_44.asset
  artifactKey: Guid(ff131a10eff28e449b127f1ebf1fdf84) Importer(815301076,1909f56bfc062723c751e8b465ee728b)
Start importing Assets/Tiles/tile_44.asset using Guid(ff131a10eff28e449b127f1ebf1fdf84) Importer(815301076,1909f56bfc062723c751e8b465ee728b)  -> (artifact id: 'daa217d3cc2a73b80e522186399e23ec') in 0.018517 seconds 
========================================================================
Received Import Request.
  Time since last request: 0.000068 seconds.
  path: Assets/Tiles/tile_43.asset
  artifactKey: Guid(b17a48b158759de4998c531bb3b33364) Importer(815301076,1909f56bfc062723c751e8b465ee728b)
Start importing Assets/Tiles/tile_43.asset using Guid(b17a48b158759de4998c531bb3b33364) Importer(815301076,1909f56bfc062723c751e8b465ee728b)  -> (artifact id: 'f6d03b940b731dca7a9ac3c32d96dd0d') in 0.018021 seconds 
========================================================================
Received Import Request.
  Time since last request: 0.000051 seconds.
  path: Assets/Tiles/tile_42.asset
  artifactKey: Guid(b80963d01ff6e6d4d8b20312fbfc2456) Importer(815301076,1909f56bfc062723c751e8b465ee728b)
Start importing Assets/Tiles/tile_42.asset using Guid(b80963d01ff6e6d4d8b20312fbfc2456) Importer(815301076,1909f56bfc062723c751e8b465ee728b)  -> (artifact id: 'f476dc65b4edcce9a1dd566e1aaa41e2') in 0.018446 seconds 
========================================================================
Received Import Request.
  Time since last request: 0.000049 seconds.
  path: Assets/Tiles/tile_28.asset
  artifactKey: Guid(7620bfe9dbf246e4ab4e9c81c93c2529) Importer(815301076,1909f56bfc062723c751e8b465ee728b)
Start importing Assets/Tiles/tile_28.asset using Guid(7620bfe9dbf246e4ab4e9c81c93c2529) Importer(815301076,1909f56bfc062723c751e8b465ee728b)  -> (artifact id: '03686b1aeb39a19edc5598b741154c33') in 0.019883 seconds 
========================================================================
Received Import Request.
  Time since last request: 0.000075 seconds.
  path: Assets/Tiles/tile_46.asset
  artifactKey: Guid(89646f494ba98c544aa74f97b81e2839) Importer(815301076,1909f56bfc062723c751e8b465ee728b)
Start importing Assets/Tiles/tile_46.asset using Guid(89646f494ba98c544aa74f97b81e2839) Importer(815301076,1909f56bfc062723c751e8b465ee728b)  -> (artifact id: 'b647d6a2b0c7720880c170f34a0b8636') in 0.020039 seconds 
========================================================================
Received Import Request.
  Time since last request: 0.000051 seconds.
  path: Assets/Tiles/tile_3.asset
  artifactKey: Guid(20ed6cfd7c5e90546bec7893e3c58e0c) Importer(815301076,1909f56bfc062723c751e8b465ee728b)
Start importing Assets/Tiles/tile_3.asset using Guid(20ed6cfd7c5e90546bec7893e3c58e0c) Importer(815301076,1909f56bfc062723c751e8b465ee728b)  -> (artifact id: '28c09593dd49645013cd4a7ff4879f5c') in 0.017716 seconds 
========================================================================
Received Import Request.
  Time since last request: 0.000071 seconds.
  path: Assets/Tiles/ice tile_26.asset
  artifactKey: Guid(b4e8c47544c0d0247856a1054383b706) Importer(815301076,1909f56bfc062723c751e8b465ee728b)
Start importing Assets/Tiles/ice tile_26.asset using Guid(b4e8c47544c0d0247856a1054383b706) Importer(815301076,1909f56bfc062723c751e8b465ee728b)  -> (artifact id: '86212fd345c187a2a1df7878899b986c') in 0.019360 seconds 
========================================================================
Received Import Request.
  Time since last request: 0.000041 seconds.
  path: Assets/Tiles/ice tile_13.asset
  artifactKey: Guid(4e2a168897304f9468857a576b700438) Importer(815301076,1909f56bfc062723c751e8b465ee728b)
Start importing Assets/Tiles/ice tile_13.asset using Guid(4e2a168897304f9468857a576b700438) Importer(815301076,1909f56bfc062723c751e8b465ee728b)  -> (artifact id: 'ffbaafeda16222b475ba70e31ae8befe') in 0.018799 seconds 
========================================================================
Received Import Request.
  Time since last request: 0.000054 seconds.
  path: Assets/Tiles/tile_40.asset
  artifactKey: Guid(7912a0a2930c57d498e2a9fb5076b388) Importer(815301076,1909f56bfc062723c751e8b465ee728b)
Start importing Assets/Tiles/tile_40.asset using Guid(7912a0a2930c57d498e2a9fb5076b388) Importer(815301076,1909f56bfc062723c751e8b465ee728b)  -> (artifact id: '67e0e3d8b069cb538864388bfccd8022') in 0.022615 seconds 
========================================================================
Received Import Request.
  Time since last request: 0.000061 seconds.
  path: Assets/Tiles/ice tile_51.asset
  artifactKey: Guid(53c3178c4cea4914f8b0636c6ad0a3c8) Importer(815301076,1909f56bfc062723c751e8b465ee728b)
Start importing Assets/Tiles/ice tile_51.asset using Guid(53c3178c4cea4914f8b0636c6ad0a3c8) Importer(815301076,1909f56bfc062723c751e8b465ee728b)  -> (artifact id: 'b0c8eb6a2031e97f922af89e15de6521') in 0.018075 seconds 
========================================================================
Received Import Request.
  Time since last request: 0.000053 seconds.
  path: Assets/Tiles/ice tile_46.asset
  artifactKey: Guid(4800e3ccd9c89d042868de5830eb7fe5) Importer(815301076,1909f56bfc062723c751e8b465ee728b)
Start importing Assets/Tiles/ice tile_46.asset using Guid(4800e3ccd9c89d042868de5830eb7fe5) Importer(815301076,1909f56bfc062723c751e8b465ee728b)  -> (artifact id: '559b4caa64fda80ffc12595b912eea04') in 0.018614 seconds 
========================================================================
Received Import Request.
  Time since last request: 0.000043 seconds.
  path: Assets/Tiles/tile_36.asset
  artifactKey: Guid(49d4d737fda00ab4dac582165e3deea1) Importer(815301076,1909f56bfc062723c751e8b465ee728b)
Start importing Assets/Tiles/tile_36.asset using Guid(49d4d737fda00ab4dac582165e3deea1) Importer(815301076,1909f56bfc062723c751e8b465ee728b)  -> (artifact id: '8d36a2e867bf0a062aebeee1a84a262d') in 0.022820 seconds 
========================================================================
Received Import Request.
  Time since last request: 0.000050 seconds.
  path: Assets/Tiles/tile_52.asset
  artifactKey: Guid(63638e59af3c27144a27a6025365ab0c) Importer(815301076,1909f56bfc062723c751e8b465ee728b)
Start importing Assets/Tiles/tile_52.asset using Guid(63638e59af3c27144a27a6025365ab0c) Importer(815301076,1909f56bfc062723c751e8b465ee728b)  -> (artifact id: '8a05f745511a69cb58c68e1aa4c27bc2') in 0.022147 seconds 
========================================================================
Received Import Request.
  Time since last request: 0.000055 seconds.
  path: Assets/Tiles/ice tile_44.asset
  artifactKey: Guid(b5a7e261e5254474b9cde0672b3be6e4) Importer(815301076,1909f56bfc062723c751e8b465ee728b)
Start importing Assets/Tiles/ice tile_44.asset using Guid(b5a7e261e5254474b9cde0672b3be6e4) Importer(815301076,1909f56bfc062723c751e8b465ee728b)  -> (artifact id: '008bfebc1a5165088d51ca0b39c5116a') in 0.021383 seconds 
========================================================================
Received Import Request.
  Time since last request: 0.000050 seconds.
  path: Assets/Tiles/ice tile_33.asset
  artifactKey: Guid(f374e4700f4171346be71358d5b41a36) Importer(815301076,1909f56bfc062723c751e8b465ee728b)
Start importing Assets/Tiles/ice tile_33.asset using Guid(f374e4700f4171346be71358d5b41a36) Importer(815301076,1909f56bfc062723c751e8b465ee728b)  -> (artifact id: '9f858ed9154917aded06fb64096c31fd') in 0.023226 seconds 
========================================================================
Received Import Request.
  Time since last request: 0.000066 seconds.
  path: Assets/Tiles/ice tile_30.asset
  artifactKey: Guid(5bb523cee74b542449e94bbd17fd22f9) Importer(815301076,1909f56bfc062723c751e8b465ee728b)
Start importing Assets/Tiles/ice tile_30.asset using Guid(5bb523cee74b542449e94bbd17fd22f9) Importer(815301076,1909f56bfc062723c751e8b465ee728b)  -> (artifact id: '9dae3e12f26c54b86ae4f97b38b76dff') in 0.033145 seconds 
========================================================================
Received Import Request.
  Time since last request: 0.000076 seconds.
  path: Assets/Tiles/ice tile_9.asset
  artifactKey: Guid(c88414b03317a594f9c7542c1a566ef0) Importer(815301076,1909f56bfc062723c751e8b465ee728b)
Start importing Assets/Tiles/ice tile_9.asset using Guid(c88414b03317a594f9c7542c1a566ef0) Importer(815301076,1909f56bfc062723c751e8b465ee728b)  -> (artifact id: 'e1bb82c27fa2ab9b0fad26837e76f796') in 0.018297 seconds 
========================================================================
Received Import Request.
  Time since last request: 0.000051 seconds.
  path: Assets/Tiles/ice tile_27.asset
  artifactKey: Guid(2098ea77becf00b4fb6c51496113b72d) Importer(815301076,1909f56bfc062723c751e8b465ee728b)
Start importing Assets/Tiles/ice tile_27.asset using Guid(2098ea77becf00b4fb6c51496113b72d) Importer(815301076,1909f56bfc062723c751e8b465ee728b)  -> (artifact id: '437c0597ea35fb9fcacdffa3a3c8762b') in 0.018377 seconds 
========================================================================
Received Import Request.
  Time since last request: 0.000045 seconds.
  path: Assets/Tiles/tile_41.asset
  artifactKey: Guid(f46c6b40cce299c439d0606b92707135) Importer(815301076,1909f56bfc062723c751e8b465ee728b)
Start importing Assets/Tiles/tile_41.asset using Guid(f46c6b40cce299c439d0606b92707135) Importer(815301076,1909f56bfc062723c751e8b465ee728b)  -> (artifact id: 'c281c26fdf4b08b4d2c05267bd00710d') in 0.021829 seconds 
========================================================================
Received Import Request.
  Time since last request: 0.000062 seconds.
  path: Assets/Tiles/tile_30.asset
  artifactKey: Guid(57d21a424543eaf4da7d36448e61feb7) Importer(815301076,1909f56bfc062723c751e8b465ee728b)
Start importing Assets/Tiles/tile_30.asset using Guid(57d21a424543eaf4da7d36448e61feb7) Importer(815301076,1909f56bfc062723c751e8b465ee728b)  -> (artifact id: '45b027367c1e1bdab5c57a3618f4f785') in 0.023730 seconds 
========================================================================
Received Import Request.
  Time since last request: 0.000059 seconds.
  path: Assets/Tiles/tile_39.asset
  artifactKey: Guid(897b089d5cdd274438d248727f4e00f3) Importer(815301076,1909f56bfc062723c751e8b465ee728b)
Start importing Assets/Tiles/tile_39.asset using Guid(897b089d5cdd274438d248727f4e00f3) Importer(815301076,1909f56bfc062723c751e8b465ee728b)  -> (artifact id: '052b7a35703fd694928e53314db53562') in 0.018991 seconds 
========================================================================
Received Import Request.
  Time since last request: 0.000060 seconds.
  path: Assets/Tiles/ice tile_10.asset
  artifactKey: Guid(0fdb2b42d46ffde4bb42c6190da5b643) Importer(815301076,1909f56bfc062723c751e8b465ee728b)
Start importing Assets/Tiles/ice tile_10.asset using Guid(0fdb2b42d46ffde4bb42c6190da5b643) Importer(815301076,1909f56bfc062723c751e8b465ee728b)  -> (artifact id: '4a6dbfa520a2caf8aa1b209bd393f666') in 0.017246 seconds 
========================================================================
Received Import Request.
  Time since last request: 0.000073 seconds.
  path: Assets/Tiles/tile_7.asset
  artifactKey: Guid(7b90d930682a28c468f19eefdeef1711) Importer(815301076,1909f56bfc062723c751e8b465ee728b)
Start importing Assets/Tiles/tile_7.asset using Guid(7b90d930682a28c468f19eefdeef1711) Importer(815301076,1909f56bfc062723c751e8b465ee728b)  -> (artifact id: 'd56c3550c363f35f228c28f8ff5dc660') in 0.021885 seconds 
========================================================================
Received Import Request.
  Time since last request: 0.000217 seconds.
  path: Assets/Tiles/tile_0.asset
  artifactKey: Guid(98d4a39801775e742922376ea6515912) Importer(815301076,1909f56bfc062723c751e8b465ee728b)
Start importing Assets/Tiles/tile_0.asset using Guid(98d4a39801775e742922376ea6515912) Importer(815301076,1909f56bfc062723c751e8b465ee728b)  -> (artifact id: '3d1892f37601e906687482d1014e5cbb') in 0.021841 seconds 
========================================================================
Received Import Request.
  Time since last request: 0.000075 seconds.
  path: Assets/Tiles/tile_50.asset
  artifactKey: Guid(e2fe7850e990d844c84a2b210336e557) Importer(815301076,1909f56bfc062723c751e8b465ee728b)
Start importing Assets/Tiles/tile_50.asset using Guid(e2fe7850e990d844c84a2b210336e557) Importer(815301076,1909f56bfc062723c751e8b465ee728b)  -> (artifact id: '04fe975eb835eb513f078ddc23f6f32b') in 0.015741 seconds 
========================================================================
Received Import Request.
  Time since last request: 0.000041 seconds.
  path: Assets/Tiles/ice tile_12.asset
  artifactKey: Guid(f125a002a1181064ba4bc73e58637133) Importer(815301076,1909f56bfc062723c751e8b465ee728b)
Start importing Assets/Tiles/ice tile_12.asset using Guid(f125a002a1181064ba4bc73e58637133) Importer(815301076,1909f56bfc062723c751e8b465ee728b)  -> (artifact id: 'd822f70304091e7266ffd537bbce7889') in 0.020757 seconds 
========================================================================
Received Import Request.
  Time since last request: 0.000043 seconds.
  path: Assets/Tiles/ice tile_41.asset
  artifactKey: Guid(8022e2b4a9452204d8d43eb589c1f96e) Importer(815301076,1909f56bfc062723c751e8b465ee728b)
Start importing Assets/Tiles/ice tile_41.asset using Guid(8022e2b4a9452204d8d43eb589c1f96e) Importer(815301076,1909f56bfc062723c751e8b465ee728b)  -> (artifact id: 'b49d7f99ecfa1a51eae9e5beb9224ccb') in 0.015102 seconds 
========================================================================
Received Import Request.
  Time since last request: 0.000050 seconds.
  path: Assets/Tiles/ice tile_50.asset
  artifactKey: Guid(3204775ad2d93ad45b92fced940c70a0) Importer(815301076,1909f56bfc062723c751e8b465ee728b)
Start importing Assets/Tiles/ice tile_50.asset using Guid(3204775ad2d93ad45b92fced940c70a0) Importer(815301076,1909f56bfc062723c751e8b465ee728b)  -> (artifact id: '2d346e8dc4fcd159349de80e22f0a03a') in 0.018037 seconds 
========================================================================
Received Import Request.
  Time since last request: 0.000041 seconds.
  path: Assets/Tiles/tile_14.asset
  artifactKey: Guid(0cf5979b0a030a34c96ca045e10e293a) Importer(815301076,1909f56bfc062723c751e8b465ee728b)
Start importing Assets/Tiles/tile_14.asset using Guid(0cf5979b0a030a34c96ca045e10e293a) Importer(815301076,1909f56bfc062723c751e8b465ee728b)  -> (artifact id: 'df8393e03d9001258f497115fee635ee') in 0.019184 seconds 
========================================================================
Received Import Request.
  Time since last request: 0.000045 seconds.
  path: Assets/Tiles/tile_19.asset
  artifactKey: Guid(a9f203b6169308c4db033a5e40e88e05) Importer(815301076,1909f56bfc062723c751e8b465ee728b)
Start importing Assets/Tiles/tile_19.asset using Guid(a9f203b6169308c4db033a5e40e88e05) Importer(815301076,1909f56bfc062723c751e8b465ee728b)  -> (artifact id: '776f6cdc3fbcddd9b1513008f7c43990') in 0.016486 seconds 
========================================================================
Received Import Request.
  Time since last request: 0.000049 seconds.
  path: Assets/Tiles/tile_18.asset
  artifactKey: Guid(ad5f66cc783534a43964d5956b38f714) Importer(815301076,1909f56bfc062723c751e8b465ee728b)
Start importing Assets/Tiles/tile_18.asset using Guid(ad5f66cc783534a43964d5956b38f714) Importer(815301076,1909f56bfc062723c751e8b465ee728b)  -> (artifact id: 'dc02ab331b84890bbeef8edc30897c24') in 0.019072 seconds 
========================================================================
Received Import Request.
  Time since last request: 0.000075 seconds.
  path: Assets/Tiles/tile_29.asset
  artifactKey: Guid(5b4a4586a89126843803713b9b59d8f8) Importer(815301076,1909f56bfc062723c751e8b465ee728b)
Start importing Assets/Tiles/tile_29.asset using Guid(5b4a4586a89126843803713b9b59d8f8) Importer(815301076,1909f56bfc062723c751e8b465ee728b)  -> (artifact id: 'defc1de28f3e0edded0951ff0bc948a8') in 0.020173 seconds 
========================================================================
Received Import Request.
  Time since last request: 0.000063 seconds.
  path: Assets/Tiles/tile_21.asset
  artifactKey: Guid(b9c08d2972befba41b8a9a0c9cd4edc8) Importer(815301076,1909f56bfc062723c751e8b465ee728b)
Start importing Assets/Tiles/tile_21.asset using Guid(b9c08d2972befba41b8a9a0c9cd4edc8) Importer(815301076,1909f56bfc062723c751e8b465ee728b)  -> (artifact id: '2aee40d32a10a5add94c98d43e8986bb') in 0.020079 seconds 
========================================================================
Received Import Request.
  Time since last request: 0.000043 seconds.
  path: Assets/Tiles/ice tile_19.asset
  artifactKey: Guid(f08c1103452f4af4195d30bc133fdad1) Importer(815301076,1909f56bfc062723c751e8b465ee728b)
Start importing Assets/Tiles/ice tile_19.asset using Guid(f08c1103452f4af4195d30bc133fdad1) Importer(815301076,1909f56bfc062723c751e8b465ee728b)  -> (artifact id: '1c647f437d1beb0414e373fad27a4184') in 0.018573 seconds 
========================================================================
Received Import Request.
  Time since last request: 0.000051 seconds.
  path: Assets/Tiles/tile_37.asset
  artifactKey: Guid(50ec4025f984d7641b0d3d646f6132f0) Importer(815301076,1909f56bfc062723c751e8b465ee728b)
Start importing Assets/Tiles/tile_37.asset using Guid(50ec4025f984d7641b0d3d646f6132f0) Importer(815301076,1909f56bfc062723c751e8b465ee728b)  -> (artifact id: '98d01ab70a86f7be0d0222ecafa2823e') in 0.019391 seconds 
========================================================================
Received Import Request.
  Time since last request: 0.000054 seconds.
  path: Assets/Tiles/ice tile_5.asset
  artifactKey: Guid(6c8e6386f27b40942ac93c022e1b30d0) Importer(815301076,1909f56bfc062723c751e8b465ee728b)
Start importing Assets/Tiles/ice tile_5.asset using Guid(6c8e6386f27b40942ac93c022e1b30d0) Importer(815301076,1909f56bfc062723c751e8b465ee728b)  -> (artifact id: '85a11b7ac73325a29bdcedfe8e7a13ac') in 0.016638 seconds 
========================================================================
Received Import Request.
  Time since last request: 0.000045 seconds.
  path: Assets/Tiles/ice tile_31.asset
  artifactKey: Guid(f6427bb05975ac7488cd5bbb4638e4b5) Importer(815301076,1909f56bfc062723c751e8b465ee728b)
Start importing Assets/Tiles/ice tile_31.asset using Guid(f6427bb05975ac7488cd5bbb4638e4b5) Importer(815301076,1909f56bfc062723c751e8b465ee728b)  -> (artifact id: 'c50e39ddad6d410fbecc443c54ebb894') in 0.023407 seconds 
========================================================================
Received Import Request.
  Time since last request: 0.000049 seconds.
  path: Assets/Tiles/ice tile_8.asset
  artifactKey: Guid(aa3bcbacb07ad174e9b30b4b4c2419c1) Importer(815301076,1909f56bfc062723c751e8b465ee728b)
Start importing Assets/Tiles/ice tile_8.asset using Guid(aa3bcbacb07ad174e9b30b4b4c2419c1) Importer(815301076,1909f56bfc062723c751e8b465ee728b)  -> (artifact id: 'bd06f0d8f2282048f8c74fe3e221b497') in 0.017454 seconds 
========================================================================
Received Import Request.
  Time since last request: 0.000055 seconds.
  path: Assets/Tiles/ice tile_36.asset
  artifactKey: Guid(f58084adb63b53445ae6a3a8da8e1180) Importer(815301076,1909f56bfc062723c751e8b465ee728b)
Start importing Assets/Tiles/ice tile_36.asset using Guid(f58084adb63b53445ae6a3a8da8e1180) Importer(815301076,1909f56bfc062723c751e8b465ee728b)  -> (artifact id: '9be1b28aff99ecde02779c284d65f013') in 0.016596 seconds 
========================================================================
Received Import Request.
  Time since last request: 15.022034 seconds.
  path: Assets/Tiles/tile marron_2.asset
  artifactKey: Guid(1d28ded1136c39b4aa512ba3401f068e) Importer(815301076,1909f56bfc062723c751e8b465ee728b)
Start importing Assets/Tiles/tile marron_2.asset using Guid(1d28ded1136c39b4aa512ba3401f068e) Importer(815301076,1909f56bfc062723c751e8b465ee728b)  -> (artifact id: '543b503a9d7adc81478819b021040dd1') in 0.039920 seconds 
========================================================================
Received Import Request.
  Time since last request: 0.000133 seconds.
  path: Assets/Tiles/tile marron_14.asset
  artifactKey: Guid(c9fcb1b153fe7574684e5fa65abbfd65) Importer(815301076,1909f56bfc062723c751e8b465ee728b)
Start importing Assets/Tiles/tile marron_14.asset using Guid(c9fcb1b153fe7574684e5fa65abbfd65) Importer(815301076,1909f56bfc062723c751e8b465ee728b)  -> (artifact id: 'cf4c8c3b06d7724c1f47e6c02ae56bdf') in 0.033777 seconds 
========================================================================
Received Import Request.
  Time since last request: 0.000089 seconds.
  path: Assets/Tiles/tile marron_5.asset
  artifactKey: Guid(3882df9468ddff841bd479efee332bb7) Importer(815301076,1909f56bfc062723c751e8b465ee728b)
Start importing Assets/Tiles/tile marron_5.asset using Guid(3882df9468ddff841bd479efee332bb7) Importer(815301076,1909f56bfc062723c751e8b465ee728b)  -> (artifact id: 'efb70aa99a977b80705a10fe3eb3bac3') in 0.027047 seconds 
========================================================================
Received Import Request.
  Time since last request: 0.000073 seconds.
  path: Assets/Tiles/tile marron_13.asset
  artifactKey: Guid(f7027f549277e924bb19cbffba3496b5) Importer(815301076,1909f56bfc062723c751e8b465ee728b)
Start importing Assets/Tiles/tile marron_13.asset using Guid(f7027f549277e924bb19cbffba3496b5) Importer(815301076,1909f56bfc062723c751e8b465ee728b)  -> (artifact id: '54801db3aadd0c0cc0b1b000eb3a3280') in 0.028270 seconds 
========================================================================
Received Import Request.
  Time since last request: 0.000063 seconds.
  path: Assets/Tiles/tile marron_10.asset
  artifactKey: Guid(1f829442dacae284997b3e790cc2e0b7) Importer(815301076,1909f56bfc062723c751e8b465ee728b)
Start importing Assets/Tiles/tile marron_10.asset using Guid(1f829442dacae284997b3e790cc2e0b7) Importer(815301076,1909f56bfc062723c751e8b465ee728b)  -> (artifact id: '6a3fb07d3fea986e2a885baa90315b63') in 0.021523 seconds 
========================================================================
Received Import Request.
  Time since last request: 0.000047 seconds.
  path: Assets/Tiles/tile marron_19.asset
  artifactKey: Guid(e794d1bd14d1b864a928841b2e029b26) Importer(815301076,1909f56bfc062723c751e8b465ee728b)
Start importing Assets/Tiles/tile marron_19.asset using Guid(e794d1bd14d1b864a928841b2e029b26) Importer(815301076,1909f56bfc062723c751e8b465ee728b)  -> (artifact id: '3a052cb9b572911f291f0bcfca866649') in 0.022078 seconds 
========================================================================
Received Import Request.
  Time since last request: 0.000042 seconds.
  path: Assets/Tiles/tile marron_18.asset
  artifactKey: Guid(364748ce9c7f8f64586d41b7acc62139) Importer(815301076,1909f56bfc062723c751e8b465ee728b)
Start importing Assets/Tiles/tile marron_18.asset using Guid(364748ce9c7f8f64586d41b7acc62139) Importer(815301076,1909f56bfc062723c751e8b465ee728b)  -> (artifact id: '7444854d5aff295d3f3d239fd4d71bbe') in 0.032315 seconds 
========================================================================
Received Import Request.
  Time since last request: 0.000081 seconds.
  path: Assets/Tiles/tile marron_15.asset
  artifactKey: Guid(78f8e29ddef20eb4b949d5120ebf8162) Importer(815301076,1909f56bfc062723c751e8b465ee728b)
Start importing Assets/Tiles/tile marron_15.asset using Guid(78f8e29ddef20eb4b949d5120ebf8162) Importer(815301076,1909f56bfc062723c751e8b465ee728b)  -> (artifact id: 'aa9b5279446b5618eeeff68c00b8c64d') in 0.029408 seconds 
========================================================================
Received Import Request.
  Time since last request: 0.000087 seconds.
  path: Assets/Tiles/tile marron_6.asset
  artifactKey: Guid(8aeb04a24806ab846aa555af125ce079) Importer(815301076,1909f56bfc062723c751e8b465ee728b)
Start importing Assets/Tiles/tile marron_6.asset using Guid(8aeb04a24806ab846aa555af125ce079) Importer(815301076,1909f56bfc062723c751e8b465ee728b)  -> (artifact id: '2295d99788c7a1b32eb1943b0e809ad5') in 0.025737 seconds 
========================================================================
Received Import Request.
  Time since last request: 7.038491 seconds.
  path: Assets/Tiles/tile marron_25.asset
  artifactKey: Guid(d19d4ec5dfaf8c847a1d117272ae6968) Importer(815301076,1909f56bfc062723c751e8b465ee728b)
Start importing Assets/Tiles/tile marron_25.asset using Guid(d19d4ec5dfaf8c847a1d117272ae6968) Importer(815301076,1909f56bfc062723c751e8b465ee728b)  -> (artifact id: '59982869561e73700f1cf0a3b9179ece') in 0.028815 seconds 
========================================================================
Received Import Request.
  Time since last request: 0.000062 seconds.
  path: Assets/Tiles/tile marron_29.asset
  artifactKey: Guid(18cfb5c1d4e7d3f4fa42c9ca37ae94eb) Importer(815301076,1909f56bfc062723c751e8b465ee728b)
Start importing Assets/Tiles/tile marron_29.asset using Guid(18cfb5c1d4e7d3f4fa42c9ca37ae94eb) Importer(815301076,1909f56bfc062723c751e8b465ee728b)  -> (artifact id: '3e0886eaf1410a962b207d6ed874bb9e') in 0.046168 seconds 
========================================================================
Received Import Request.
  Time since last request: 0.165155 seconds.
  path: Assets/Tiles/tile marron_34.asset
  artifactKey: Guid(af2891d0fa3d8e149874e93fab026dff) Importer(815301076,1909f56bfc062723c751e8b465ee728b)
Start importing Assets/Tiles/tile marron_34.asset using Guid(af2891d0fa3d8e149874e93fab026dff) Importer(815301076,1909f56bfc062723c751e8b465ee728b)  -> (artifact id: 'b4246a42de246bc30f9f514254f035fe') in 0.024850 seconds 
========================================================================
Received Import Request.
  Time since last request: 0.000068 seconds.
  path: Assets/Tiles/tile marron_37.asset
  artifactKey: Guid(89df58640778f1b44a4a1ee8d2ff2440) Importer(815301076,1909f56bfc062723c751e8b465ee728b)
Start importing Assets/Tiles/tile marron_37.asset using Guid(89df58640778f1b44a4a1ee8d2ff2440) Importer(815301076,1909f56bfc062723c751e8b465ee728b)  -> (artifact id: '435212075e5fc0893ddb7c06f37457fc') in 0.028841 seconds 
========================================================================
Received Import Request.
  Time since last request: 0.000091 seconds.
  path: Assets/Tiles/tile marron_40.asset
  artifactKey: Guid(a33a7cb44e6fa6a4eafd614435291775) Importer(815301076,1909f56bfc062723c751e8b465ee728b)
Start importing Assets/Tiles/tile marron_40.asset using Guid(a33a7cb44e6fa6a4eafd614435291775) Importer(815301076,1909f56bfc062723c751e8b465ee728b)  -> (artifact id: '1667be85de96096464368cce4e2fa687') in 0.027377 seconds 
========================================================================
Received Import Request.
  Time since last request: 0.000054 seconds.
  path: Assets/Tiles/tile marron_50.asset
  artifactKey: Guid(b314e4dd717cb544490d38256b4153a3) Importer(815301076,1909f56bfc062723c751e8b465ee728b)
Start importing Assets/Tiles/tile marron_50.asset using Guid(b314e4dd717cb544490d38256b4153a3) Importer(815301076,1909f56bfc062723c751e8b465ee728b)  -> (artifact id: 'df22f21749645afbd12dc32bde57962b') in 0.024394 seconds 
========================================================================
Received Import Request.
  Time since last request: 0.000065 seconds.
  path: Assets/Tiles/tile marron_38.asset
  artifactKey: Guid(b248f8ad736343e4783786642d97b8ff) Importer(815301076,1909f56bfc062723c751e8b465ee728b)
Start importing Assets/Tiles/tile marron_38.asset using Guid(b248f8ad736343e4783786642d97b8ff) Importer(815301076,1909f56bfc062723c751e8b465ee728b)  -> (artifact id: '9bb5627bf4d61ef8aea4ac782cfbaf6d') in 0.023640 seconds 
========================================================================
Received Import Request.
  Time since last request: 38.640713 seconds.
  path: Assets/Tiles/tileset_tenebres_2.asset
  artifactKey: Guid(499c85cc8a8003043b9c6657e25e9825) Importer(815301076,1909f56bfc062723c751e8b465ee728b)
Start importing Assets/Tiles/tileset_tenebres_2.asset using Guid(499c85cc8a8003043b9c6657e25e9825) Importer(815301076,1909f56bfc062723c751e8b465ee728b)  -> (artifact id: '5d0fbd561c9f9d71bdda463fde035b50') in 0.032833 seconds 
========================================================================
Received Import Request.
  Time since last request: 0.000121 seconds.
  path: Assets/Tiles/tileset_tenebres_10.asset
  artifactKey: Guid(c038a620c4139a146a496db259c30d4c) Importer(815301076,1909f56bfc062723c751e8b465ee728b)
Start importing Assets/Tiles/tileset_tenebres_10.asset using Guid(c038a620c4139a146a496db259c30d4c) Importer(815301076,1909f56bfc062723c751e8b465ee728b)  -> (artifact id: '018e6a6ab8981c11b226e3e13b48785d') in 0.022163 seconds 
========================================================================
Received Import Request.
  Time since last request: 0.000051 seconds.
  path: Assets/Tiles/tileset_tenebres_9.asset
  artifactKey: Guid(fc9fd84a23406c447a6ab2b77c71d6fc) Importer(815301076,1909f56bfc062723c751e8b465ee728b)
Start importing Assets/Tiles/tileset_tenebres_9.asset using Guid(fc9fd84a23406c447a6ab2b77c71d6fc) Importer(815301076,1909f56bfc062723c751e8b465ee728b)  -> (artifact id: '2269c8fbd3ff814373fcd846d7e44b55') in 0.034771 seconds 
========================================================================
Received Import Request.
  Time since last request: 0.000070 seconds.
  path: Assets/Tiles/tileset_tenebres_13.asset
  artifactKey: Guid(674ff32ffbb0b1844ba523bbad98285a) Importer(815301076,1909f56bfc062723c751e8b465ee728b)
Start importing Assets/Tiles/tileset_tenebres_13.asset using Guid(674ff32ffbb0b1844ba523bbad98285a) Importer(815301076,1909f56bfc062723c751e8b465ee728b)  -> (artifact id: 'e40f4e0ae21aeb5b9acd0929093a1926') in 0.023610 seconds 
========================================================================
Received Import Request.
  Time since last request: 3.195855 seconds.
  path: Assets/Tiles/tileset_tenebres_17.asset
  artifactKey: Guid(a1800ab904c08a84ba81d77d48f84755) Importer(815301076,1909f56bfc062723c751e8b465ee728b)
Start importing Assets/Tiles/tileset_tenebres_17.asset using Guid(a1800ab904c08a84ba81d77d48f84755) Importer(815301076,1909f56bfc062723c751e8b465ee728b)  -> (artifact id: '666ab249f5e81cac97f2f87e253ba4ba') in 0.029916 seconds 
========================================================================
Received Import Request.
  Time since last request: 0.000066 seconds.
  path: Assets/Tiles/tileset_tenebres_21.asset
  artifactKey: Guid(d1a7205db59c4cc4b89d037566104f76) Importer(815301076,1909f56bfc062723c751e8b465ee728b)
Start importing Assets/Tiles/tileset_tenebres_21.asset using Guid(d1a7205db59c4cc4b89d037566104f76) Importer(815301076,1909f56bfc062723c751e8b465ee728b)  -> (artifact id: '1351f4037fcde4f4601e24b7084c7a96') in 0.043506 seconds 
========================================================================
Received Import Request.
  Time since last request: 30.710162 seconds.
  path: Assets/Tiles/tileset_tenebres_1.asset
  artifactKey: Guid(63a63e48bb4c3c6488ec2d56f9be854b) Importer(815301076,1909f56bfc062723c751e8b465ee728b)
Start importing Assets/Tiles/tileset_tenebres_1.asset using Guid(63a63e48bb4c3c6488ec2d56f9be854b) Importer(815301076,1909f56bfc062723c751e8b465ee728b)  -> (artifact id: '9dd8637ed10ab73de26ec9b4a5e8c212') in 0.094314 seconds 
========================================================================
Received Import Request.
  Time since last request: 0.000051 seconds.
  path: Assets/Tiles/tileset_tenebres_20.asset
  artifactKey: Guid(16165fbf93f390f448e5b86171d8f5bf) Importer(815301076,1909f56bfc062723c751e8b465ee728b)
Start importing Assets/Tiles/tileset_tenebres_20.asset using Guid(16165fbf93f390f448e5b86171d8f5bf) Importer(815301076,1909f56bfc062723c751e8b465ee728b)  -> (artifact id: 'c21b4ed2cf360f2c0ffe69b149fed240') in 0.023830 seconds 
========================================================================
Received Import Request.
  Time since last request: 0.000095 seconds.
  path: Assets/Tiles/tileset_tenebres_16.asset
  artifactKey: Guid(52680b0efacd4a647aa07a950c5ad66a) Importer(815301076,1909f56bfc062723c751e8b465ee728b)
Start importing Assets/Tiles/tileset_tenebres_16.asset using Guid(52680b0efacd4a647aa07a950c5ad66a) Importer(815301076,1909f56bfc062723c751e8b465ee728b)  -> (artifact id: 'f3389aaadafbb6fcd8e1318c1c2cdebf') in 0.020823 seconds 
========================================================================
Received Import Request.
  Time since last request: 0.000053 seconds.
  path: Assets/Tiles/tileset_tenebres_17.asset
  artifactKey: Guid(a1800ab904c08a84ba81d77d48f84755) Importer(815301076,1909f56bfc062723c751e8b465ee728b)
Start importing Assets/Tiles/tileset_tenebres_17.asset using Guid(a1800ab904c08a84ba81d77d48f84755) Importer(815301076,1909f56bfc062723c751e8b465ee728b)  -> (artifact id: 'f645695a3a2c6d4c0e47157fd309fb2e') in 0.024564 seconds 
========================================================================
Received Import Request.
  Time since last request: 0.000065 seconds.
  path: Assets/Tiles/tileset_tenebres_15.asset
  artifactKey: Guid(1a41d5e54fea14b43b3d44602bf186c8) Importer(815301076,1909f56bfc062723c751e8b465ee728b)
Start importing Assets/Tiles/tileset_tenebres_15.asset using Guid(1a41d5e54fea14b43b3d44602bf186c8) Importer(815301076,1909f56bfc062723c751e8b465ee728b)  -> (artifact id: '239325401ab76942123ad0587a5f0736') in 0.027724 seconds 
========================================================================
Received Import Request.
  Time since last request: 0.000101 seconds.
  path: Assets/Tiles/tileset_tenebres_3.asset
  artifactKey: Guid(eb4c89788775ae24bb332bc3057bbb88) Importer(815301076,1909f56bfc062723c751e8b465ee728b)
Start importing Assets/Tiles/tileset_tenebres_3.asset using Guid(eb4c89788775ae24bb332bc3057bbb88) Importer(815301076,1909f56bfc062723c751e8b465ee728b)  -> (artifact id: '6a5b9c005b890e1aaec69b3bb4d4b446') in 0.022580 seconds 
========================================================================
Received Import Request.
  Time since last request: 0.000058 seconds.
  path: Assets/Tiles/tileset_tenebres_19.asset
  artifactKey: Guid(45669ff8140ed924c9a6583acd8d6956) Importer(815301076,1909f56bfc062723c751e8b465ee728b)
Start importing Assets/Tiles/tileset_tenebres_19.asset using Guid(45669ff8140ed924c9a6583acd8d6956) Importer(815301076,1909f56bfc062723c751e8b465ee728b)  -> (artifact id: '8879bc9b772e0c1b62c7d0dc3528947a') in 0.023799 seconds 
========================================================================
Received Import Request.
  Time since last request: 0.000068 seconds.
  path: Assets/Tiles/tileset_tenebres_7.asset
  artifactKey: Guid(2083a648a66500544b7eb199a26e227d) Importer(815301076,1909f56bfc062723c751e8b465ee728b)
Start importing Assets/Tiles/tileset_tenebres_7.asset using Guid(2083a648a66500544b7eb199a26e227d) Importer(815301076,1909f56bfc062723c751e8b465ee728b)  -> (artifact id: '145dd05fa3d03a17c3a65cf19e3e1c3b') in 0.022447 seconds 
========================================================================
Received Import Request.
  Time since last request: 46.353424 seconds.
  path: Assets/Tiles/tile marron_1.asset
  artifactKey: Guid(bacb64097c55b2044ade08fc717ac36c) Importer(815301076,1909f56bfc062723c751e8b465ee728b)
Start importing Assets/Tiles/tile marron_1.asset using Guid(bacb64097c55b2044ade08fc717ac36c) Importer(815301076,1909f56bfc062723c751e8b465ee728b)  -> (artifact id: '6b49bffe1bbb67867eb68903feba577d') in 0.037449 seconds 
========================================================================
Received Import Request.
  Time since last request: 0.000068 seconds.
  path: Assets/Tiles/tile marron_27.asset
  artifactKey: Guid(395ece4f2db79394fa81f022500fd61f) Importer(815301076,1909f56bfc062723c751e8b465ee728b)
Start importing Assets/Tiles/tile marron_27.asset using Guid(395ece4f2db79394fa81f022500fd61f) Importer(815301076,1909f56bfc062723c751e8b465ee728b)  -> (artifact id: '2e3f44763928ca16a693be65a0e21e0f') in 0.021648 seconds 
========================================================================
Received Import Request.
  Time since last request: 0.000079 seconds.
  path: Assets/Tiles/tile marron_8.asset
  artifactKey: Guid(eb2ced2ae86222e4a9466bdfd3175bee) Importer(815301076,1909f56bfc062723c751e8b465ee728b)
Start importing Assets/Tiles/tile marron_8.asset using Guid(eb2ced2ae86222e4a9466bdfd3175bee) Importer(815301076,1909f56bfc062723c751e8b465ee728b)  -> (artifact id: '1024f8a1f6e4f3e56ec210968a237610') in 0.024675 seconds 
========================================================================
Received Import Request.
  Time since last request: 0.000048 seconds.
  path: Assets/Tiles/tile marron_10.asset
  artifactKey: Guid(1f829442dacae284997b3e790cc2e0b7) Importer(815301076,1909f56bfc062723c751e8b465ee728b)
Start importing Assets/Tiles/tile marron_10.asset using Guid(1f829442dacae284997b3e790cc2e0b7) Importer(815301076,1909f56bfc062723c751e8b465ee728b)  -> (artifact id: 'cfaa34435b44e57ff79bb8bb4d7dac5c') in 0.028220 seconds 
========================================================================
Received Import Request.
  Time since last request: 0.000060 seconds.
  path: Assets/Tiles/tile marron_30.asset
  artifactKey: Guid(ec8ec17d25e638740baa004cb39ad619) Importer(815301076,1909f56bfc062723c751e8b465ee728b)
Start importing Assets/Tiles/tile marron_30.asset using Guid(ec8ec17d25e638740baa004cb39ad619) Importer(815301076,1909f56bfc062723c751e8b465ee728b)  -> (artifact id: '7479f186762a5982069e91cd7d4eaf19') in 0.025863 seconds 
========================================================================
Received Import Request.
  Time since last request: 0.000070 seconds.
  path: Assets/Tiles/tile marron_24.asset
  artifactKey: Guid(964fac66d430c2c48b7c32c45ed7b37a) Importer(815301076,1909f56bfc062723c751e8b465ee728b)
Start importing Assets/Tiles/tile marron_24.asset using Guid(964fac66d430c2c48b7c32c45ed7b37a) Importer(815301076,1909f56bfc062723c751e8b465ee728b)  -> (artifact id: '24150e80dafff2dedbf7137d5a44fd4c') in 0.022323 seconds 
========================================================================
Received Import Request.
  Time since last request: 0.000058 seconds.
  path: Assets/Tiles/tile marron_4.asset
  artifactKey: Guid(d7b0d626342c3e54a9b1f4aad17adccd) Importer(815301076,1909f56bfc062723c751e8b465ee728b)
Start importing Assets/Tiles/tile marron_4.asset using Guid(d7b0d626342c3e54a9b1f4aad17adccd) Importer(815301076,1909f56bfc062723c751e8b465ee728b)  -> (artifact id: '3a5f59f10ab05fff260c40813e56453d') in 0.027674 seconds 
========================================================================
Received Import Request.
  Time since last request: 0.000105 seconds.
  path: Assets/Tiles/tile marron_11.asset
  artifactKey: Guid(63f16341a5e98e844988406c2e92182f) Importer(815301076,1909f56bfc062723c751e8b465ee728b)
Start importing Assets/Tiles/tile marron_11.asset using Guid(63f16341a5e98e844988406c2e92182f) Importer(815301076,1909f56bfc062723c751e8b465ee728b)  -> (artifact id: '673beeff5abb6ffbf218ab819d4ee56c') in 0.028201 seconds 
========================================================================
Received Import Request.
  Time since last request: 0.000164 seconds.
  path: Assets/Tiles/tile marron_6.asset
  artifactKey: Guid(8aeb04a24806ab846aa555af125ce079) Importer(815301076,1909f56bfc062723c751e8b465ee728b)
Start importing Assets/Tiles/tile marron_6.asset using Guid(8aeb04a24806ab846aa555af125ce079) Importer(815301076,1909f56bfc062723c751e8b465ee728b)  -> (artifact id: '9a4dfd5fc9dc268ba850750bb972c8ff') in 0.019314 seconds 
========================================================================
Received Import Request.
  Time since last request: 13.028701 seconds.
  path: Assets/Tiles/tile marron_34.asset
  artifactKey: Guid(af2891d0fa3d8e149874e93fab026dff) Importer(815301076,1909f56bfc062723c751e8b465ee728b)
Start importing Assets/Tiles/tile marron_34.asset using Guid(af2891d0fa3d8e149874e93fab026dff) Importer(815301076,1909f56bfc062723c751e8b465ee728b)  -> (artifact id: '9f29f06daa783800c5d9ba5e776908af') in 0.035671 seconds 
========================================================================
Received Import Request.
  Time since last request: 0.000072 seconds.
  path: Assets/Tiles/tile marron_36.asset
  artifactKey: Guid(818ce95a63d941d45b514440ffb9f331) Importer(815301076,1909f56bfc062723c751e8b465ee728b)
Start importing Assets/Tiles/tile marron_36.asset using Guid(818ce95a63d941d45b514440ffb9f331) Importer(815301076,1909f56bfc062723c751e8b465ee728b)  -> (artifact id: '877a06fee8a7a394cd307a041d2d9c84') in 0.031466 seconds 
========================================================================
Received Import Request.
  Time since last request: 0.000081 seconds.
  path: Assets/Tiles/tile marron_46.asset
  artifactKey: Guid(aad46f4a77615684ca3a2edf45587753) Importer(815301076,1909f56bfc062723c751e8b465ee728b)
Start importing Assets/Tiles/tile marron_46.asset using Guid(aad46f4a77615684ca3a2edf45587753) Importer(815301076,1909f56bfc062723c751e8b465ee728b)  -> (artifact id: 'fc39b09d537776571ea232490968beb5') in 0.038971 seconds 
========================================================================
Received Import Request.
  Time since last request: 0.000066 seconds.
  path: Assets/Tiles/tile marron_42.asset
  artifactKey: Guid(0c9f006165ee77947bf8396eb208d284) Importer(815301076,1909f56bfc062723c751e8b465ee728b)
Start importing Assets/Tiles/tile marron_42.asset using Guid(0c9f006165ee77947bf8396eb208d284) Importer(815301076,1909f56bfc062723c751e8b465ee728b)  -> (artifact id: '42489397fd9bf902c4429d7e2b1b08fb') in 0.021751 seconds 
========================================================================
Received Import Request.
  Time since last request: 0.000053 seconds.
  path: Assets/Tiles/tile marron_50.asset
  artifactKey: Guid(b314e4dd717cb544490d38256b4153a3) Importer(815301076,1909f56bfc062723c751e8b465ee728b)
Start importing Assets/Tiles/tile marron_50.asset using Guid(b314e4dd717cb544490d38256b4153a3) Importer(815301076,1909f56bfc062723c751e8b465ee728b)  -> (artifact id: '929760d5362c95d4e55ef6e9da16cfd2') in 0.017351 seconds 
========================================================================
Received Import Request.
  Time since last request: 38.059873 seconds.
  path: Assets/Tiles/donjon_1.asset
  artifactKey: Guid(01873d4060fff694e9f4d149988879a1) Importer(815301076,1909f56bfc062723c751e8b465ee728b)
Start importing Assets/Tiles/donjon_1.asset using Guid(01873d4060fff694e9f4d149988879a1) Importer(815301076,1909f56bfc062723c751e8b465ee728b)  -> (artifact id: 'b930b0b356a7749e5e1945c2d12bda3e') in 0.028060 seconds 
========================================================================
Received Import Request.
  Time since last request: 0.000074 seconds.
  path: Assets/Tiles/donjon_8.asset
  artifactKey: Guid(40e484cd8fba58c48a86f9edf2d9bd73) Importer(815301076,1909f56bfc062723c751e8b465ee728b)
Start importing Assets/Tiles/donjon_8.asset using Guid(40e484cd8fba58c48a86f9edf2d9bd73) Importer(815301076,1909f56bfc062723c751e8b465ee728b)  -> (artifact id: '40182bcd4b885a32a1d617313547cf89') in 0.023736 seconds 
========================================================================
Received Import Request.
  Time since last request: 0.000072 seconds.
  path: Assets/Tiles/donjon_6.asset
  artifactKey: Guid(6d8fdb2ffc6dd584ea7babfcff1412e9) Importer(815301076,1909f56bfc062723c751e8b465ee728b)
Start importing Assets/Tiles/donjon_6.asset using Guid(6d8fdb2ffc6dd584ea7babfcff1412e9) Importer(815301076,1909f56bfc062723c751e8b465ee728b)  -> (artifact id: '87f61376055bce831b6e18e0cafefa76') in 0.034170 seconds 
========================================================================
Received Import Request.
  Time since last request: 0.000371 seconds.
  path: Assets/Tiles/donjon_9.asset
  artifactKey: Guid(1ec4a287007ed1f43be953e38a3356c2) Importer(815301076,1909f56bfc062723c751e8b465ee728b)
Start importing Assets/Tiles/donjon_9.asset using Guid(1ec4a287007ed1f43be953e38a3356c2) Importer(815301076,1909f56bfc062723c751e8b465ee728b)  -> (artifact id: '962af6879e4d130ee797a46c2d9e19b2') in 0.062689 seconds 
========================================================================
Received Prepare
Registering precompiled user dll's ...
Registered in 0.031110 seconds.
Begin MonoManager ReloadAssembly
Symbol file LoadedFromMemory doesn't match image C:\Users\aumai\Documents\Cours ICAN\Unity\Stonk\Paraxplorer\Library\PackageCache\com.unity.visualscripting@1.7.8\Editor\VisualScripting.Core\Dependencies\YamlDotNet\Unity.VisualScripting.YamlDotNet.dll
Symbol file LoadedFromMemory doesn't match image C:\Users\aumai\Documents\Cours ICAN\Unity\Stonk\Paraxplorer\Library\PackageCache\com.unity.visualscripting@1.7.8\Editor\VisualScripting.Core\Dependencies\DotNetZip\Unity.VisualScripting.IonicZip.dll
Native extension for UWP target not found
Native extension for WindowsStandalone target not found
Refreshing native plugins compatible for Editor in 1.54 ms, found 4 plugins.
Preloading 0 native plugins for Editor in 0.00 ms.
Mono: successfully reloaded assembly
- Completed reload, in  1.976 seconds
Domain Reload Profiling:
	ReloadAssembly (1977ms)
		BeginReloadAssembly (281ms)
			ExecutionOrderSort (0ms)
			DisableScriptedObjects (15ms)
			BackupInstance (0ms)
			ReleaseScriptingObjects (0ms)
			CreateAndSetChildDomain (84ms)
		EndReloadAssembly (1517ms)
			LoadAssemblies (216ms)
			RebuildTransferFunctionScriptingTraits (0ms)
			SetupTypeCache (452ms)
			ReleaseScriptCaches (2ms)
			RebuildScriptCaches (98ms)
			SetupLoadedEditorAssemblies (692ms)
				LogAssemblyErrors (0ms)
				InitializePlatformSupportModulesInManaged (26ms)
				SetLoadedEditorAssemblies (1ms)
				RefreshPlugins (2ms)
				BeforeProcessingInitializeOnLoad (164ms)
				ProcessInitializeOnLoadAttributes (410ms)
				ProcessInitializeOnLoadMethodAttributes (75ms)
				AfterProcessingInitializeOnLoad (14ms)
				EditorAssembliesLoaded (0ms)
			ExecutionOrderSort2 (0ms)
			AwakeInstancesAfterBackupRestoration (19ms)
Platform modules already initialized, skipping
Refreshing native plugins compatible for Editor in 6.38 ms, found 4 plugins.
Preloading 0 native plugins for Editor in 0.00 ms.
Unloading 4058 Unused Serialized files (Serialized files now loaded: 0)
Unloading 25 unused Assets / (24.7 KB). Loaded Objects now: 4537.
Memory consumption went from 151.0 MB to 151.0 MB.
Total: 7.092800 ms (FindLiveObjects: 0.452900 ms CreateObjectMapping: 0.147700 ms MarkObjects: 6.394700 ms  DeleteObjects: 0.094900 ms)

AssetImportParameters requested are different than current active one (requested -> active):
  custom:video-decoder-ogg-theora: a1e56fd34408186e4bbccfd4996cb3dc -> 
  custom:container-muxer-webm: aa71ff27fc2769a1b78a27578f13a17b -> 
  custom:container-demuxer-webm: 4f35f7cbe854078d1ac9338744f61a02 -> 
  custom:video-encoder-webm-vp8: eb34c28f22e8b96e1ab97ce403110664 -> 
  custom:video-codec-MediaFoundation-h265: 746d11721c4dcdbdad8f713fa42b33f4 -> 
  custom:audio-encoder-webm-vorbis: bf7c407c2cedff20999df2af8eb42d56 -> 
  custom:framework-win-MediaFoundation: 216162199b28c13a410421893ffa2e32 -> 
  custom:container-demuxer-ogg: 62fdf1f143b41e24485cea50d1cbac27 -> 
  custom:video-decoder-webm-vp8: 9c59270c3fd7afecdb556c50c9e8de78 -> 
  custom:audio-decoder-ogg-vorbis: bf7c407c2cedff20999df2af8eb42d56 -> 
Editor requested this worker to shutdown with reason: Scaling down because of idle timeout
AssetImportWorker is now disconnected from the server
Process exiting
Exiting without the bug reporter. Application will terminate with return code 0