Using pre-set license
Built from '2021.3/staging' branch; Version is '2021.3.11f1 (0a5ca18544bf) revision 679073'; Using compiler version '192829333'; Build Type 'Release'
OS: 'Windows 11  (10.0.22000) 64bit Core' Language: 'fr' Physical Memory: 16193 MB
BatchMode: 1, IsHumanControllingUs: 0, StartBugReporterOnCrash: 0, Is64bit: 1, IsPro: 1

COMMAND LINE ARGUMENTS:
C:\Program Files\Unity\Hub\Editor\2021.3.11f1\Editor\Unity.exe
-adb2
-batchMode
-noUpm
-name
AssetImportWorker7
-projectPath
C:/Users/aumai/Documents/Cours ICAN/Unity/Stonk/Paraxplorer
-logFile
Logs/AssetImportWorker7.log
-srvPort
64355
Successfully changed project path to: C:/Users/aumai/Documents/Cours ICAN/Unity/Stonk/Paraxplorer
C:/Users/aumai/Documents/Cours ICAN/Unity/Stonk/Paraxplorer
[UnityMemory] Configuration Parameters - Can be set up in boot.config
    "memorysetup-bucket-allocator-granularity=16"
    "memorysetup-bucket-allocator-bucket-count=8"
    "memorysetup-bucket-allocator-block-size=33554432"
    "memorysetup-bucket-allocator-block-count=8"
    "memorysetup-main-allocator-block-size=16777216"
    "memorysetup-thread-allocator-block-size=16777216"
    "memorysetup-gfx-main-allocator-block-size=16777216"
    "memorysetup-gfx-thread-allocator-block-size=16777216"
    "memorysetup-cache-allocator-block-size=4194304"
    "memorysetup-typetree-allocator-block-size=2097152"
    "memorysetup-profiler-bucket-allocator-granularity=16"
    "memorysetup-profiler-bucket-allocator-bucket-count=8"
    "memorysetup-profiler-bucket-allocator-block-size=33554432"
    "memorysetup-profiler-bucket-allocator-block-count=8"
    "memorysetup-profiler-allocator-block-size=16777216"
    "memorysetup-profiler-editor-allocator-block-size=1048576"
    "memorysetup-temp-allocator-size-main=16777216"
    "memorysetup-job-temp-allocator-block-size=2097152"
    "memorysetup-job-temp-allocator-block-size-background=1048576"
    "memorysetup-job-temp-allocator-reduction-small-platforms=262144"
    "memorysetup-temp-allocator-size-background-worker=32768"
    "memorysetup-temp-allocator-size-job-worker=262144"
    "memorysetup-temp-allocator-size-preload-manager=33554432"
    "memorysetup-temp-allocator-size-nav-mesh-worker=65536"
    "memorysetup-temp-allocator-size-audio-worker=65536"
    "memorysetup-temp-allocator-size-cloud-worker=32768"
    "memorysetup-temp-allocator-size-gi-baking-worker=262144"
    "memorysetup-temp-allocator-size-gfx=262144"
Refreshing native plugins compatible for Editor in 317.74 ms, found 4 plugins.
Preloading 0 native plugins for Editor in 0.00 ms.
Initialize engine version: 2021.3.11f1 (0a5ca18544bf)
[Subsystems] Discovering subsystems at path C:/Program Files/Unity/Hub/Editor/2021.3.11f1/Editor/Data/Resources/UnitySubsystems
[Subsystems] Discovering subsystems at path C:/Users/aumai/Documents/Cours ICAN/Unity/Stonk/Paraxplorer/Assets
GfxDevice: creating device client; threaded=0; jobified=0
Direct3D:
    Version:  Direct3D 11.0 [level 11.1]
    Renderer: NVIDIA GeForce GTX 1650 (ID=0x1f91)
    Vendor:   NVIDIA
    VRAM:     3962 MB
    Driver:   31.0.15.2225
Initialize mono
Mono path[0] = 'C:/Program Files/Unity/Hub/Editor/2021.3.11f1/Editor/Data/Managed'
Mono path[1] = 'C:/Program Files/Unity/Hub/Editor/2021.3.11f1/Editor/Data/MonoBleedingEdge/lib/mono/unityjit-win32'
Mono config path = 'C:/Program Files/Unity/Hub/Editor/2021.3.11f1/Editor/Data/MonoBleedingEdge/etc'
Using monoOptions --debugger-agent=transport=dt_socket,embedding=1,server=y,suspend=n,address=127.0.0.1:56676
Begin MonoManager ReloadAssembly
Registering precompiled unity dll's ...
Register platform support module: C:/Program Files/Unity/Hub/Editor/2021.3.11f1/Editor/Data/PlaybackEngines/WindowsStandaloneSupport/UnityEditor.WindowsStandalone.Extensions.dll
Register platform support module: C:/Program Files/Unity/Hub/Editor/2021.3.11f1/Editor/Data/PlaybackEngines/MetroSupport/UnityEditor.UWP.Extensions.dll
Registered in 0.016369 seconds.
Native extension for UWP target not found
Native extension for WindowsStandalone target not found
Refreshing native plugins compatible for Editor in 357.54 ms, found 4 plugins.
Preloading 0 native plugins for Editor in 0.00 ms.
Mono: successfully reloaded assembly
- Completed reload, in  2.378 seconds
Domain Reload Profiling:
	ReloadAssembly (2380ms)
		BeginReloadAssembly (253ms)
			ExecutionOrderSort (0ms)
			DisableScriptedObjects (0ms)
			BackupInstance (0ms)
			ReleaseScriptingObjects (0ms)
			CreateAndSetChildDomain (2ms)
		EndReloadAssembly (1770ms)
			LoadAssemblies (245ms)
			RebuildTransferFunctionScriptingTraits (0ms)
			SetupTypeCache (282ms)
			ReleaseScriptCaches (0ms)
			RebuildScriptCaches (86ms)
			SetupLoadedEditorAssemblies (1218ms)
				LogAssemblyErrors (0ms)
				InitializePlatformSupportModulesInManaged (32ms)
				SetLoadedEditorAssemblies (1ms)
				RefreshPlugins (358ms)
				BeforeProcessingInitializeOnLoad (4ms)
				ProcessInitializeOnLoadAttributes (600ms)
				ProcessInitializeOnLoadMethodAttributes (223ms)
				AfterProcessingInitializeOnLoad (0ms)
				EditorAssembliesLoaded (0ms)
			ExecutionOrderSort2 (0ms)
			AwakeInstancesAfterBackupRestoration (0ms)
Platform modules already initialized, skipping
Registering precompiled user dll's ...
Registered in 0.038137 seconds.
Begin MonoManager ReloadAssembly
Symbol file LoadedFromMemory doesn't match image C:\Users\aumai\Documents\Cours ICAN\Unity\Stonk\Paraxplorer\Library\PackageCache\com.unity.visualscripting@1.7.8\Editor\VisualScripting.Core\Dependencies\YamlDotNet\Unity.VisualScripting.YamlDotNet.dll
Symbol file LoadedFromMemory doesn't match image C:\Users\aumai\Documents\Cours ICAN\Unity\Stonk\Paraxplorer\Library\PackageCache\com.unity.visualscripting@1.7.8\Editor\VisualScripting.Core\Dependencies\DotNetZip\Unity.VisualScripting.IonicZip.dll
Native extension for UWP target not found
Native extension for WindowsStandalone target not found
Refreshing native plugins compatible for Editor in 328.56 ms, found 4 plugins.
Preloading 0 native plugins for Editor in 0.00 ms.
Mono: successfully reloaded assembly
- Completed reload, in  4.364 seconds
Domain Reload Profiling:
	ReloadAssembly (4367ms)
		BeginReloadAssembly (383ms)
			ExecutionOrderSort (0ms)
			DisableScriptedObjects (20ms)
			BackupInstance (0ms)
			ReleaseScriptingObjects (0ms)
			CreateAndSetChildDomain (53ms)
		EndReloadAssembly (3511ms)
			LoadAssemblies (319ms)
			RebuildTransferFunctionScriptingTraits (0ms)
			SetupTypeCache (885ms)
			ReleaseScriptCaches (2ms)
			RebuildScriptCaches (202ms)
			SetupLoadedEditorAssemblies (1896ms)
				LogAssemblyErrors (0ms)
				InitializePlatformSupportModulesInManaged (19ms)
				SetLoadedEditorAssemblies (1ms)
				RefreshPlugins (329ms)
				BeforeProcessingInitializeOnLoad (371ms)
				ProcessInitializeOnLoadAttributes (978ms)
				ProcessInitializeOnLoadMethodAttributes (169ms)
				AfterProcessingInitializeOnLoad (30ms)
				EditorAssembliesLoaded (0ms)
			ExecutionOrderSort2 (0ms)
			AwakeInstancesAfterBackupRestoration (20ms)
Platform modules already initialized, skipping
========================================================================
Worker process is ready to serve import requests
Launched and connected shader compiler UnityShaderCompiler.exe after 0.13 seconds
Refreshing native plugins compatible for Editor in 2.99 ms, found 4 plugins.
Preloading 0 native plugins for Editor in 0.00 ms.
Unloading 4069 Unused Serialized files (Serialized files now loaded: 0)
Unloading 38 unused Assets / (56.1 KB). Loaded Objects now: 4525.
Memory consumption went from 151.3 MB to 151.2 MB.
Total: 12.511500 ms (FindLiveObjects: 0.970900 ms CreateObjectMapping: 0.739200 ms MarkObjects: 10.608700 ms  DeleteObjects: 0.190100 ms)

AssetImportParameters requested are different than current active one (requested -> active):
  custom:video-decoder-ogg-theora: a1e56fd34408186e4bbccfd4996cb3dc -> 
  custom:container-muxer-webm: aa71ff27fc2769a1b78a27578f13a17b -> 
  custom:container-demuxer-webm: 4f35f7cbe854078d1ac9338744f61a02 -> 
  custom:video-encoder-webm-vp8: eb34c28f22e8b96e1ab97ce403110664 -> 
  custom:video-codec-MediaFoundation-h265: 746d11721c4dcdbdad8f713fa42b33f4 -> 
  custom:audio-encoder-webm-vorbis: bf7c407c2cedff20999df2af8eb42d56 -> 
  custom:framework-win-MediaFoundation: 216162199b28c13a410421893ffa2e32 -> 
  custom:container-demuxer-ogg: 62fdf1f143b41e24485cea50d1cbac27 -> 
  custom:video-decoder-webm-vp8: 9c59270c3fd7afecdb556c50c9e8de78 -> 
  custom:audio-decoder-ogg-vorbis: bf7c407c2cedff20999df2af8eb42d56 -> 
========================================================================
Received Import Request.
  Time since last request: 354842.512908 seconds.
  path: Assets/Tiles/tile marron_3.asset
  artifactKey: Guid(c715915fc921e4c4a9fa7df8f13c79ea) Importer(815301076,1909f56bfc062723c751e8b465ee728b)
Start importing Assets/Tiles/tile marron_3.asset using Guid(c715915fc921e4c4a9fa7df8f13c79ea) Importer(815301076,1909f56bfc062723c751e8b465ee728b)  -> (artifact id: '40f00b44f3282e15269472869b4bc557') in 0.307233 seconds 
========================================================================
Received Import Request.
  Time since last request: 0.000327 seconds.
  path: Assets/Tiles/tile marron_9.asset
  artifactKey: Guid(0d00f5a52b2e01546ad7606fab08c971) Importer(815301076,1909f56bfc062723c751e8b465ee728b)
Start importing Assets/Tiles/tile marron_9.asset using Guid(0d00f5a52b2e01546ad7606fab08c971) Importer(815301076,1909f56bfc062723c751e8b465ee728b)  -> (artifact id: 'ea337edbe0c543ba3ccbce8842a1b3ed') in 0.027808 seconds 
========================================================================
Received Import Request.
  Time since last request: 0.000087 seconds.
  path: Assets/Tiles/tile marron_21.asset
  artifactKey: Guid(d3ab7602e1d60304cac550acc9757455) Importer(815301076,1909f56bfc062723c751e8b465ee728b)
Start importing Assets/Tiles/tile marron_21.asset using Guid(d3ab7602e1d60304cac550acc9757455) Importer(815301076,1909f56bfc062723c751e8b465ee728b)  -> (artifact id: '778879fdb1e7446b754337882b5fc9be') in 0.029034 seconds 
========================================================================
Received Import Request.
  Time since last request: 7.042311 seconds.
  path: Assets/Tiles/tile marron_26.asset
  artifactKey: Guid(2e7532220bbaf1e4e811719974be30ba) Importer(815301076,1909f56bfc062723c751e8b465ee728b)
Start importing Assets/Tiles/tile marron_26.asset using Guid(2e7532220bbaf1e4e811719974be30ba) Importer(815301076,1909f56bfc062723c751e8b465ee728b)  -> (artifact id: 'cdafccfe7cabc26dd12e9db8d7e53c46') in 0.031373 seconds 
========================================================================
Received Import Request.
  Time since last request: 0.000046 seconds.
  path: Assets/Tiles/tile marron_30.asset
  artifactKey: Guid(ec8ec17d25e638740baa004cb39ad619) Importer(815301076,1909f56bfc062723c751e8b465ee728b)
Start importing Assets/Tiles/tile marron_30.asset using Guid(ec8ec17d25e638740baa004cb39ad619) Importer(815301076,1909f56bfc062723c751e8b465ee728b)  -> (artifact id: 'b24c9024613280ff9df790d940505955') in 0.037093 seconds 
========================================================================
Received Import Request.
  Time since last request: 0.172730 seconds.
  path: Assets/Tiles/tile marron_35.asset
  artifactKey: Guid(456a254e4e00c9444b0f6177fc6113a8) Importer(815301076,1909f56bfc062723c751e8b465ee728b)
Start importing Assets/Tiles/tile marron_35.asset using Guid(456a254e4e00c9444b0f6177fc6113a8) Importer(815301076,1909f56bfc062723c751e8b465ee728b)  -> (artifact id: '7ccaeff8d600a1889e427c924108ebfc') in 0.023909 seconds 
========================================================================
Received Import Request.
  Time since last request: 0.000138 seconds.
  path: Assets/Tiles/tile marron_49.asset
  artifactKey: Guid(027a4ccb70503b04597342b928dd1023) Importer(815301076,1909f56bfc062723c751e8b465ee728b)
Start importing Assets/Tiles/tile marron_49.asset using Guid(027a4ccb70503b04597342b928dd1023) Importer(815301076,1909f56bfc062723c751e8b465ee728b)  -> (artifact id: 'a69db7a837fa50ebd1234039106a54f8') in 0.026430 seconds 
========================================================================
Received Import Request.
  Time since last request: 0.000095 seconds.
  path: Assets/Tiles/tile marron_48.asset
  artifactKey: Guid(756dde5107074364692b1268a746041b) Importer(815301076,1909f56bfc062723c751e8b465ee728b)
Start importing Assets/Tiles/tile marron_48.asset using Guid(756dde5107074364692b1268a746041b) Importer(815301076,1909f56bfc062723c751e8b465ee728b)  -> (artifact id: 'de82e9cc8c90df729e0d74be8479047a') in 0.025487 seconds 
========================================================================
Received Import Request.
  Time since last request: 0.000092 seconds.
  path: Assets/Tiles/tile marron_42.asset
  artifactKey: Guid(0c9f006165ee77947bf8396eb208d284) Importer(815301076,1909f56bfc062723c751e8b465ee728b)
Start importing Assets/Tiles/tile marron_42.asset using Guid(0c9f006165ee77947bf8396eb208d284) Importer(815301076,1909f56bfc062723c751e8b465ee728b)  -> (artifact id: '71717e32e5783cfc35d9fe6f847ecd0f') in 0.025117 seconds 
========================================================================
Received Import Request.
  Time since last request: 0.000046 seconds.
  path: Assets/Tiles/tile marron_44.asset
  artifactKey: Guid(b1f9f953724f23742b2a31952bb5b575) Importer(815301076,1909f56bfc062723c751e8b465ee728b)
Start importing Assets/Tiles/tile marron_44.asset using Guid(b1f9f953724f23742b2a31952bb5b575) Importer(815301076,1909f56bfc062723c751e8b465ee728b)  -> (artifact id: '7de7c672703b2abc2cab9829e1424c97') in 0.024186 seconds 
========================================================================
Received Import Request.
  Time since last request: 38.641962 seconds.
  path: Assets/Tiles/tileset_tenebres_3.asset
  artifactKey: Guid(eb4c89788775ae24bb332bc3057bbb88) Importer(815301076,1909f56bfc062723c751e8b465ee728b)
Start importing Assets/Tiles/tileset_tenebres_3.asset using Guid(eb4c89788775ae24bb332bc3057bbb88) Importer(815301076,1909f56bfc062723c751e8b465ee728b)  -> (artifact id: '74f18315c1fc23814e9d671114e6f1d9') in 0.028147 seconds 
========================================================================
Received Import Request.
  Time since last request: 0.000067 seconds.
  path: Assets/Tiles/tileset_tenebres_4.asset
  artifactKey: Guid(e2583ceccbf033644ae358d403576955) Importer(815301076,1909f56bfc062723c751e8b465ee728b)
Start importing Assets/Tiles/tileset_tenebres_4.asset using Guid(e2583ceccbf033644ae358d403576955) Importer(815301076,1909f56bfc062723c751e8b465ee728b)  -> (artifact id: '43da8d5ff83b504c8e96248aa6bbe43f') in 0.027074 seconds 
========================================================================
Received Import Request.
  Time since last request: 0.000081 seconds.
  path: Assets/Tiles/tileset_tenebres_8.asset
  artifactKey: Guid(ce26dcd40249713438bb4d6f7f9f320a) Importer(815301076,1909f56bfc062723c751e8b465ee728b)
Start importing Assets/Tiles/tileset_tenebres_8.asset using Guid(ce26dcd40249713438bb4d6f7f9f320a) Importer(815301076,1909f56bfc062723c751e8b465ee728b)  -> (artifact id: 'b649f99f771a4772242635872a288ac2') in 0.035101 seconds 
========================================================================
Received Import Request.
  Time since last request: 0.000061 seconds.
  path: Assets/Tiles/tileset_tenebres_7.asset
  artifactKey: Guid(2083a648a66500544b7eb199a26e227d) Importer(815301076,1909f56bfc062723c751e8b465ee728b)
Start importing Assets/Tiles/tileset_tenebres_7.asset using Guid(2083a648a66500544b7eb199a26e227d) Importer(815301076,1909f56bfc062723c751e8b465ee728b)  -> (artifact id: '4741b2cce0215d29f9f08a2c7d5a5a7c') in 0.022898 seconds 
========================================================================
Received Import Request.
  Time since last request: 3.209858 seconds.
  path: Assets/Tiles/tileset_tenebres_18.asset
  artifactKey: Guid(ff4f4e8ad9fcd1747ac38c2dc2c3bb81) Importer(815301076,1909f56bfc062723c751e8b465ee728b)
Start importing Assets/Tiles/tileset_tenebres_18.asset using Guid(ff4f4e8ad9fcd1747ac38c2dc2c3bb81) Importer(815301076,1909f56bfc062723c751e8b465ee728b)  -> (artifact id: '607fd9a83d9ace6f4a5a313c1de423ac') in 0.026680 seconds 
========================================================================
Received Import Request.
  Time since last request: 0.000053 seconds.
  path: Assets/Tiles/tileset_tenebres_23.asset
  artifactKey: Guid(cfdabf9a103d8764fbe6815b5e6a38c0) Importer(815301076,1909f56bfc062723c751e8b465ee728b)
Start importing Assets/Tiles/tileset_tenebres_23.asset using Guid(cfdabf9a103d8764fbe6815b5e6a38c0) Importer(815301076,1909f56bfc062723c751e8b465ee728b)  -> (artifact id: '42a2b53a939037427e84cd18786ba99b') in 0.035941 seconds 
========================================================================
Received Import Request.
  Time since last request: 30.713652 seconds.
  path: Assets/Tiles/tileset_tenebres_2.asset
  artifactKey: Guid(499c85cc8a8003043b9c6657e25e9825) Importer(815301076,1909f56bfc062723c751e8b465ee728b)
Start importing Assets/Tiles/tileset_tenebres_2.asset using Guid(499c85cc8a8003043b9c6657e25e9825) Importer(815301076,1909f56bfc062723c751e8b465ee728b)  -> (artifact id: '89035fc5cee93e93d45849a0c592820d') in 0.051006 seconds 
========================================================================
Received Import Request.
  Time since last request: 0.015183 seconds.
  path: Assets/Tiles/tileset_tenebres_14.asset
  artifactKey: Guid(20094f737757b904bad08959e4041ca3) Importer(815301076,1909f56bfc062723c751e8b465ee728b)
Start importing Assets/Tiles/tileset_tenebres_14.asset using Guid(20094f737757b904bad08959e4041ca3) Importer(815301076,1909f56bfc062723c751e8b465ee728b)  -> (artifact id: 'b75c6efe40b4a82e2390d9207370bac1') in 0.026135 seconds 
========================================================================
Received Import Request.
  Time since last request: 0.000060 seconds.
  path: Assets/Tiles/tileset_tenebres_22.asset
  artifactKey: Guid(ee9186350995bd94dbfef90270d7a419) Importer(815301076,1909f56bfc062723c751e8b465ee728b)
Start importing Assets/Tiles/tileset_tenebres_22.asset using Guid(ee9186350995bd94dbfef90270d7a419) Importer(815301076,1909f56bfc062723c751e8b465ee728b)  -> (artifact id: '9d53984f3c695676369f8bc120e501b9') in 0.026670 seconds 
========================================================================
Received Import Request.
  Time since last request: 0.000053 seconds.
  path: Assets/Tiles/tileset_tenebres_10.asset
  artifactKey: Guid(c038a620c4139a146a496db259c30d4c) Importer(815301076,1909f56bfc062723c751e8b465ee728b)
Start importing Assets/Tiles/tileset_tenebres_10.asset using Guid(c038a620c4139a146a496db259c30d4c) Importer(815301076,1909f56bfc062723c751e8b465ee728b)  -> (artifact id: '46e500700437c157e99957a8750a7fe9') in 0.026550 seconds 
========================================================================
Received Import Request.
  Time since last request: 0.000058 seconds.
  path: Assets/Tiles/tileset_tenebres_9.asset
  artifactKey: Guid(fc9fd84a23406c447a6ab2b77c71d6fc) Importer(815301076,1909f56bfc062723c751e8b465ee728b)
Start importing Assets/Tiles/tileset_tenebres_9.asset using Guid(fc9fd84a23406c447a6ab2b77c71d6fc) Importer(815301076,1909f56bfc062723c751e8b465ee728b)  -> (artifact id: '3e9409a62a47f8033281d4d2a152660d') in 0.023963 seconds 
========================================================================
Received Import Request.
  Time since last request: 0.000054 seconds.
  path: Assets/Tiles/tileset_tenebres_23.asset
  artifactKey: Guid(cfdabf9a103d8764fbe6815b5e6a38c0) Importer(815301076,1909f56bfc062723c751e8b465ee728b)
Start importing Assets/Tiles/tileset_tenebres_23.asset using Guid(cfdabf9a103d8764fbe6815b5e6a38c0) Importer(815301076,1909f56bfc062723c751e8b465ee728b)  -> (artifact id: 'd45b90a95323aba4eb3d82d597c9c6bc') in 0.022251 seconds 
========================================================================
Received Import Request.
  Time since last request: 0.000088 seconds.
  path: Assets/Tiles/tileset_tenebres_11.asset
  artifactKey: Guid(4b40a27e98be06a4c88216c4efd82ae5) Importer(815301076,1909f56bfc062723c751e8b465ee728b)
Start importing Assets/Tiles/tileset_tenebres_11.asset using Guid(4b40a27e98be06a4c88216c4efd82ae5) Importer(815301076,1909f56bfc062723c751e8b465ee728b)  -> (artifact id: '8b60e59a8bb0e2846f58049cc4a9c117') in 0.023982 seconds 
========================================================================
Received Import Request.
  Time since last request: 0.000056 seconds.
  path: Assets/Tiles/tileset_tenebres_18.asset
  artifactKey: Guid(ff4f4e8ad9fcd1747ac38c2dc2c3bb81) Importer(815301076,1909f56bfc062723c751e8b465ee728b)
Start importing Assets/Tiles/tileset_tenebres_18.asset using Guid(ff4f4e8ad9fcd1747ac38c2dc2c3bb81) Importer(815301076,1909f56bfc062723c751e8b465ee728b)  -> (artifact id: 'ef7d1810d2ce3343421ec2e84ff99b40') in 0.021046 seconds 
========================================================================
Received Import Request.
  Time since last request: 46.381435 seconds.
  path: Assets/Tiles/tile marron_2.asset
  artifactKey: Guid(1d28ded1136c39b4aa512ba3401f068e) Importer(815301076,1909f56bfc062723c751e8b465ee728b)
Start importing Assets/Tiles/tile marron_2.asset using Guid(1d28ded1136c39b4aa512ba3401f068e) Importer(815301076,1909f56bfc062723c751e8b465ee728b)  -> (artifact id: 'dc9ad3908f24104d44f917ec8ac19742') in 0.051864 seconds 
========================================================================
Received Import Request.
  Time since last request: 0.000059 seconds.
  path: Assets/Tiles/tile marron_14.asset
  artifactKey: Guid(c9fcb1b153fe7574684e5fa65abbfd65) Importer(815301076,1909f56bfc062723c751e8b465ee728b)
Start importing Assets/Tiles/tile marron_14.asset using Guid(c9fcb1b153fe7574684e5fa65abbfd65) Importer(815301076,1909f56bfc062723c751e8b465ee728b)  -> (artifact id: 'e8085ed1c19c82fe25aca1bd8613907b') in 0.030095 seconds 
========================================================================
Received Import Request.
  Time since last request: 0.000051 seconds.
  path: Assets/Tiles/tile marron_5.asset
  artifactKey: Guid(3882df9468ddff841bd479efee332bb7) Importer(815301076,1909f56bfc062723c751e8b465ee728b)
Start importing Assets/Tiles/tile marron_5.asset using Guid(3882df9468ddff841bd479efee332bb7) Importer(815301076,1909f56bfc062723c751e8b465ee728b)  -> (artifact id: '7769230e55484e852ea6f029fa3883ab') in 0.024884 seconds 
========================================================================
Received Import Request.
  Time since last request: 0.000077 seconds.
  path: Assets/Tiles/tile marron_20.asset
  artifactKey: Guid(df3c73a550c9cdc49b9a7bc080ada184) Importer(815301076,1909f56bfc062723c751e8b465ee728b)
Start importing Assets/Tiles/tile marron_20.asset using Guid(df3c73a550c9cdc49b9a7bc080ada184) Importer(815301076,1909f56bfc062723c751e8b465ee728b)  -> (artifact id: 'dc7d3d4728ea66d5e442d78199c62623') in 0.028660 seconds 
========================================================================
Received Import Request.
  Time since last request: 0.000073 seconds.
  path: Assets/Tiles/tile marron_29.asset
  artifactKey: Guid(18cfb5c1d4e7d3f4fa42c9ca37ae94eb) Importer(815301076,1909f56bfc062723c751e8b465ee728b)
Start importing Assets/Tiles/tile marron_29.asset using Guid(18cfb5c1d4e7d3f4fa42c9ca37ae94eb) Importer(815301076,1909f56bfc062723c751e8b465ee728b)  -> (artifact id: '9a2fcbb1f8c68fae9d3983420c894f12') in 0.025872 seconds 
========================================================================
Received Import Request.
  Time since last request: 0.000062 seconds.
  path: Assets/Tiles/tile marron_16.asset
  artifactKey: Guid(ae8e5681d34e9484d9ba295f36ddc33e) Importer(815301076,1909f56bfc062723c751e8b465ee728b)
Start importing Assets/Tiles/tile marron_16.asset using Guid(ae8e5681d34e9484d9ba295f36ddc33e) Importer(815301076,1909f56bfc062723c751e8b465ee728b)  -> (artifact id: '207f19801afe340439b1338fa7f59c9a') in 0.022295 seconds 
========================================================================
Received Import Request.
  Time since last request: 0.000047 seconds.
  path: Assets/Tiles/tile marron_7.asset
  artifactKey: Guid(74625d6ab0200974bb921d9138468c82) Importer(815301076,1909f56bfc062723c751e8b465ee728b)
Start importing Assets/Tiles/tile marron_7.asset using Guid(74625d6ab0200974bb921d9138468c82) Importer(815301076,1909f56bfc062723c751e8b465ee728b)  -> (artifact id: '3633f1109fe8c6b2e24d0770b648b309') in 0.029712 seconds 
========================================================================
Received Import Request.
  Time since last request: 0.000068 seconds.
  path: Assets/Tiles/tile marron_15.asset
  artifactKey: Guid(78f8e29ddef20eb4b949d5120ebf8162) Importer(815301076,1909f56bfc062723c751e8b465ee728b)
Start importing Assets/Tiles/tile marron_15.asset using Guid(78f8e29ddef20eb4b949d5120ebf8162) Importer(815301076,1909f56bfc062723c751e8b465ee728b)  -> (artifact id: '0427728a7a9bbb3c48c53b34e30b10ee') in 0.028832 seconds 
========================================================================
Received Import Request.
  Time since last request: 0.000056 seconds.
  path: Assets/Tiles/tile marron_25.asset
  artifactKey: Guid(d19d4ec5dfaf8c847a1d117272ae6968) Importer(815301076,1909f56bfc062723c751e8b465ee728b)
Start importing Assets/Tiles/tile marron_25.asset using Guid(d19d4ec5dfaf8c847a1d117272ae6968) Importer(815301076,1909f56bfc062723c751e8b465ee728b)  -> (artifact id: 'f735381d81f857eedb4fbc427573e8ee') in 0.026301 seconds 
========================================================================
Received Import Request.
  Time since last request: 13.035842 seconds.
  path: Assets/Tiles/tile marron_35.asset
  artifactKey: Guid(456a254e4e00c9444b0f6177fc6113a8) Importer(815301076,1909f56bfc062723c751e8b465ee728b)
Start importing Assets/Tiles/tile marron_35.asset using Guid(456a254e4e00c9444b0f6177fc6113a8) Importer(815301076,1909f56bfc062723c751e8b465ee728b)  -> (artifact id: 'ec8b4f50b3d0299ebf0f6a50dc9a2a2c') in 0.036712 seconds 
========================================================================
Received Import Request.
  Time since last request: 0.000053 seconds.
  path: Assets/Tiles/tile marron_39.asset
  artifactKey: Guid(23606f17c0cbe5f46837de36ee7608b5) Importer(815301076,1909f56bfc062723c751e8b465ee728b)
Start importing Assets/Tiles/tile marron_39.asset using Guid(23606f17c0cbe5f46837de36ee7608b5) Importer(815301076,1909f56bfc062723c751e8b465ee728b)  -> (artifact id: '4b3b37614da855b5c108a9cab2c7dcf8') in 0.029573 seconds 
========================================================================
Received Import Request.
  Time since last request: 0.000067 seconds.
  path: Assets/Tiles/tile marron_49.asset
  artifactKey: Guid(027a4ccb70503b04597342b928dd1023) Importer(815301076,1909f56bfc062723c751e8b465ee728b)
Start importing Assets/Tiles/tile marron_49.asset using Guid(027a4ccb70503b04597342b928dd1023) Importer(815301076,1909f56bfc062723c751e8b465ee728b)  -> (artifact id: '21ef3331813a29e544dbde28f76aea13') in 0.036161 seconds 
========================================================================
Received Import Request.
  Time since last request: 0.000071 seconds.
  path: Assets/Tiles/tile marron_44.asset
  artifactKey: Guid(b1f9f953724f23742b2a31952bb5b575) Importer(815301076,1909f56bfc062723c751e8b465ee728b)
Start importing Assets/Tiles/tile marron_44.asset using Guid(b1f9f953724f23742b2a31952bb5b575) Importer(815301076,1909f56bfc062723c751e8b465ee728b)  -> (artifact id: '2c753074e65a9403c5cbc0cf8cee1d58') in 0.023928 seconds 
========================================================================
Received Import Request.
  Time since last request: 0.000064 seconds.
  path: Assets/Tiles/tile marron_38.asset
  artifactKey: Guid(b248f8ad736343e4783786642d97b8ff) Importer(815301076,1909f56bfc062723c751e8b465ee728b)
Start importing Assets/Tiles/tile marron_38.asset using Guid(b248f8ad736343e4783786642d97b8ff) Importer(815301076,1909f56bfc062723c751e8b465ee728b)  -> (artifact id: '477f28bb29cbfbdeadee00929c37e86a') in 0.018372 seconds 
========================================================================
Received Import Request.
  Time since last request: 38.067410 seconds.
  path: Assets/Tiles/donjon_2.asset
  artifactKey: Guid(2c35bb8e89deb1e45bb080492eed8554) Importer(815301076,1909f56bfc062723c751e8b465ee728b)
Start importing Assets/Tiles/donjon_2.asset using Guid(2c35bb8e89deb1e45bb080492eed8554) Importer(815301076,1909f56bfc062723c751e8b465ee728b)  -> (artifact id: 'ed96e5e9096ab958363990ef71aaf556') in 0.034372 seconds 
========================================================================
Received Import Request.
  Time since last request: 0.000075 seconds.
  path: Assets/Tiles/donjon_10.asset
  artifactKey: Guid(250bd266fe24a5742a68efd224f05e05) Importer(815301076,1909f56bfc062723c751e8b465ee728b)
Start importing Assets/Tiles/donjon_10.asset using Guid(250bd266fe24a5742a68efd224f05e05) Importer(815301076,1909f56bfc062723c751e8b465ee728b)  -> (artifact id: '65e522d9368b2f287b9338cc9f963c5f') in 0.034278 seconds 
========================================================================
Received Import Request.
  Time since last request: 0.000082 seconds.
  path: Assets/Tiles/donjon_7.asset
  artifactKey: Guid(3016369e397346b48893cec562aeaefa) Importer(815301076,1909f56bfc062723c751e8b465ee728b)
Start importing Assets/Tiles/donjon_7.asset using Guid(3016369e397346b48893cec562aeaefa) Importer(815301076,1909f56bfc062723c751e8b465ee728b)  -> (artifact id: '8cacc8abcb4bd2140aeb8c1bca5a8dc0') in 0.036657 seconds 
========================================================================
Received Import Request.
  Time since last request: 0.000396 seconds.
  path: Assets/Tiles/donjon_5.asset
  artifactKey: Guid(dbf1594a2fe519447b340641926de6cd) Importer(815301076,1909f56bfc062723c751e8b465ee728b)
Start importing Assets/Tiles/donjon_5.asset using Guid(dbf1594a2fe519447b340641926de6cd) Importer(815301076,1909f56bfc062723c751e8b465ee728b)  -> (artifact id: '37a6badc2a4b09cbbdb49b0e4cee24d7') in 0.042073 seconds 
========================================================================
Received Prepare
Registering precompiled user dll's ...
Registered in 0.039168 seconds.
Begin MonoManager ReloadAssembly
Symbol file LoadedFromMemory doesn't match image C:\Users\aumai\Documents\Cours ICAN\Unity\Stonk\Paraxplorer\Library\PackageCache\com.unity.visualscripting@1.7.8\Editor\VisualScripting.Core\Dependencies\YamlDotNet\Unity.VisualScripting.YamlDotNet.dll
Symbol file LoadedFromMemory doesn't match image C:\Users\aumai\Documents\Cours ICAN\Unity\Stonk\Paraxplorer\Library\PackageCache\com.unity.visualscripting@1.7.8\Editor\VisualScripting.Core\Dependencies\DotNetZip\Unity.VisualScripting.IonicZip.dll
Native extension for UWP target not found
Native extension for WindowsStandalone target not found
Refreshing native plugins compatible for Editor in 4.51 ms, found 4 plugins.
Preloading 0 native plugins for Editor in 0.00 ms.
Mono: successfully reloaded assembly
- Completed reload, in  1.967 seconds
Domain Reload Profiling:
	ReloadAssembly (1968ms)
		BeginReloadAssembly (266ms)
			ExecutionOrderSort (0ms)
			DisableScriptedObjects (14ms)
			BackupInstance (0ms)
			ReleaseScriptingObjects (0ms)
			CreateAndSetChildDomain (67ms)
		EndReloadAssembly (1514ms)
			LoadAssemblies (219ms)
			RebuildTransferFunctionScriptingTraits (0ms)
			SetupTypeCache (460ms)
			ReleaseScriptCaches (2ms)
			RebuildScriptCaches (91ms)
			SetupLoadedEditorAssemblies (689ms)
				LogAssemblyErrors (0ms)
				InitializePlatformSupportModulesInManaged (29ms)
				SetLoadedEditorAssemblies (2ms)
				RefreshPlugins (5ms)
				BeforeProcessingInitializeOnLoad (157ms)
				ProcessInitializeOnLoadAttributes (409ms)
				ProcessInitializeOnLoadMethodAttributes (74ms)
				AfterProcessingInitializeOnLoad (14ms)
				EditorAssembliesLoaded (0ms)
			ExecutionOrderSort2 (0ms)
			AwakeInstancesAfterBackupRestoration (17ms)
Platform modules already initialized, skipping
Refreshing native plugins compatible for Editor in 6.93 ms, found 4 plugins.
Preloading 0 native plugins for Editor in 0.00 ms.
Unloading 4058 Unused Serialized files (Serialized files now loaded: 0)
Unloading 25 unused Assets / (24.6 KB). Loaded Objects now: 4531.
Memory consumption went from 150.7 MB to 150.7 MB.
Total: 6.531700 ms (FindLiveObjects: 0.424800 ms CreateObjectMapping: 0.136600 ms MarkObjects: 5.916300 ms  DeleteObjects: 0.052500 ms)

AssetImportParameters requested are different than current active one (requested -> active):
  custom:video-decoder-ogg-theora: a1e56fd34408186e4bbccfd4996cb3dc -> 
  custom:container-muxer-webm: aa71ff27fc2769a1b78a27578f13a17b -> 
  custom:container-demuxer-webm: 4f35f7cbe854078d1ac9338744f61a02 -> 
  custom:video-encoder-webm-vp8: eb34c28f22e8b96e1ab97ce403110664 -> 
  custom:video-codec-MediaFoundation-h265: 746d11721c4dcdbdad8f713fa42b33f4 -> 
  custom:audio-encoder-webm-vorbis: bf7c407c2cedff20999df2af8eb42d56 -> 
  custom:framework-win-MediaFoundation: 216162199b28c13a410421893ffa2e32 -> 
  custom:container-demuxer-ogg: 62fdf1f143b41e24485cea50d1cbac27 -> 
  custom:video-decoder-webm-vp8: 9c59270c3fd7afecdb556c50c9e8de78 -> 
  custom:audio-decoder-ogg-vorbis: bf7c407c2cedff20999df2af8eb42d56 -> 
========================================================================
Received Prepare
Registering precompiled user dll's ...
Registered in 0.012232 seconds.
Begin MonoManager ReloadAssembly
Symbol file LoadedFromMemory doesn't match image C:\Users\aumai\Documents\Cours ICAN\Unity\Stonk\Paraxplorer\Library\PackageCache\com.unity.visualscripting@1.7.8\Editor\VisualScripting.Core\Dependencies\YamlDotNet\Unity.VisualScripting.YamlDotNet.dll
Symbol file LoadedFromMemory doesn't match image C:\Users\aumai\Documents\Cours ICAN\Unity\Stonk\Paraxplorer\Library\PackageCache\com.unity.visualscripting@1.7.8\Editor\VisualScripting.Core\Dependencies\DotNetZip\Unity.VisualScripting.IonicZip.dll
Native extension for UWP target not found
Native extension for WindowsStandalone target not found
Refreshing native plugins compatible for Editor in 2.35 ms, found 4 plugins.
Preloading 0 native plugins for Editor in 0.00 ms.
Mono: successfully reloaded assembly
- Completed reload, in  3.437 seconds
Domain Reload Profiling:
	ReloadAssembly (3439ms)
		BeginReloadAssembly (392ms)
			ExecutionOrderSort (0ms)
			DisableScriptedObjects (17ms)
			BackupInstance (0ms)
			ReleaseScriptingObjects (0ms)
			CreateAndSetChildDomain (100ms)
		EndReloadAssembly (2691ms)
			LoadAssemblies (316ms)
			RebuildTransferFunctionScriptingTraits (0ms)
			SetupTypeCache (787ms)
			ReleaseScriptCaches (3ms)
			RebuildScriptCaches (146ms)
			SetupLoadedEditorAssemblies (1264ms)
				LogAssemblyErrors (0ms)
				InitializePlatformSupportModulesInManaged (43ms)
				SetLoadedEditorAssemblies (2ms)
				RefreshPlugins (3ms)
				BeforeProcessingInitializeOnLoad (275ms)
				ProcessInitializeOnLoadAttributes (766ms)
				ProcessInitializeOnLoadMethodAttributes (146ms)
				AfterProcessingInitializeOnLoad (30ms)
				EditorAssembliesLoaded (0ms)
			ExecutionOrderSort2 (0ms)
			AwakeInstancesAfterBackupRestoration (28ms)
Platform modules already initialized, skipping
Refreshing native plugins compatible for Editor in 10.49 ms, found 4 plugins.
Preloading 0 native plugins for Editor in 0.00 ms.
Unloading 4058 Unused Serialized files (Serialized files now loaded: 0)
Unloading 25 unused Assets / (24.8 KB). Loaded Objects now: 4534.
Memory consumption went from 150.7 MB to 150.7 MB.
Total: 9.633500 ms (FindLiveObjects: 0.697400 ms CreateObjectMapping: 0.371400 ms MarkObjects: 8.498700 ms  DeleteObjects: 0.063300 ms)

AssetImportParameters requested are different than current active one (requested -> active):
  custom:video-decoder-ogg-theora: a1e56fd34408186e4bbccfd4996cb3dc -> 
  custom:container-muxer-webm: aa71ff27fc2769a1b78a27578f13a17b -> 
  custom:container-demuxer-webm: 4f35f7cbe854078d1ac9338744f61a02 -> 
  custom:video-encoder-webm-vp8: eb34c28f22e8b96e1ab97ce403110664 -> 
  custom:video-codec-MediaFoundation-h265: 746d11721c4dcdbdad8f713fa42b33f4 -> 
  custom:audio-encoder-webm-vorbis: bf7c407c2cedff20999df2af8eb42d56 -> 
  custom:framework-win-MediaFoundation: 216162199b28c13a410421893ffa2e32 -> 
  custom:container-demuxer-ogg: 62fdf1f143b41e24485cea50d1cbac27 -> 
  custom:video-decoder-webm-vp8: 9c59270c3fd7afecdb556c50c9e8de78 -> 
  custom:audio-decoder-ogg-vorbis: bf7c407c2cedff20999df2af8eb42d56 -> 
