Using pre-set license
Built from '2021.3/staging' branch; Version is '2021.3.11f1 (0a5ca18544bf) revision 679073'; Using compiler version '192829333'; Build Type 'Release'
OS: 'Windows 11  (10.0.22000) 64bit Core' Language: 'fr' Physical Memory: 16193 MB
BatchMode: 1, IsHumanControllingUs: 0, StartBugReporterOnCrash: 0, Is64bit: 1, IsPro: 1

COMMAND LINE ARGUMENTS:
C:\Program Files\Unity\Hub\Editor\2021.3.11f1\Editor\Unity.exe
-adb2
-batchMode
-noUpm
-name
AssetImportWorker4
-projectPath
C:/Users/aumai/Documents/Cours ICAN/Unity/Stonk/Paraxplorer
-logFile
Logs/AssetImportWorker4.log
-srvPort
64355
Successfully changed project path to: C:/Users/aumai/Documents/Cours ICAN/Unity/Stonk/Paraxplorer
C:/Users/aumai/Documents/Cours ICAN/Unity/Stonk/Paraxplorer
[UnityMemory] Configuration Parameters - Can be set up in boot.config
    "memorysetup-bucket-allocator-granularity=16"
    "memorysetup-bucket-allocator-bucket-count=8"
    "memorysetup-bucket-allocator-block-size=33554432"
    "memorysetup-bucket-allocator-block-count=8"
    "memorysetup-main-allocator-block-size=16777216"
    "memorysetup-thread-allocator-block-size=16777216"
    "memorysetup-gfx-main-allocator-block-size=16777216"
    "memorysetup-gfx-thread-allocator-block-size=16777216"
    "memorysetup-cache-allocator-block-size=4194304"
    "memorysetup-typetree-allocator-block-size=2097152"
    "memorysetup-profiler-bucket-allocator-granularity=16"
    "memorysetup-profiler-bucket-allocator-bucket-count=8"
    "memorysetup-profiler-bucket-allocator-block-size=33554432"
    "memorysetup-profiler-bucket-allocator-block-count=8"
    "memorysetup-profiler-allocator-block-size=16777216"
    "memorysetup-profiler-editor-allocator-block-size=1048576"
    "memorysetup-temp-allocator-size-main=16777216"
    "memorysetup-job-temp-allocator-block-size=2097152"
    "memorysetup-job-temp-allocator-block-size-background=1048576"
    "memorysetup-job-temp-allocator-reduction-small-platforms=262144"
    "memorysetup-temp-allocator-size-background-worker=32768"
    "memorysetup-temp-allocator-size-job-worker=262144"
    "memorysetup-temp-allocator-size-preload-manager=33554432"
    "memorysetup-temp-allocator-size-nav-mesh-worker=65536"
    "memorysetup-temp-allocator-size-audio-worker=65536"
    "memorysetup-temp-allocator-size-cloud-worker=32768"
    "memorysetup-temp-allocator-size-gi-baking-worker=262144"
    "memorysetup-temp-allocator-size-gfx=262144"
Refreshing native plugins compatible for Editor in 262.60 ms, found 4 plugins.
Preloading 0 native plugins for Editor in 0.00 ms.
Initialize engine version: 2021.3.11f1 (0a5ca18544bf)
[Subsystems] Discovering subsystems at path C:/Program Files/Unity/Hub/Editor/2021.3.11f1/Editor/Data/Resources/UnitySubsystems
[Subsystems] Discovering subsystems at path C:/Users/aumai/Documents/Cours ICAN/Unity/Stonk/Paraxplorer/Assets
GfxDevice: creating device client; threaded=0; jobified=0
Direct3D:
    Version:  Direct3D 11.0 [level 11.1]
    Renderer: NVIDIA GeForce GTX 1650 (ID=0x1f91)
    Vendor:   NVIDIA
    VRAM:     3962 MB
    Driver:   31.0.15.2225
Initialize mono
Mono path[0] = 'C:/Program Files/Unity/Hub/Editor/2021.3.11f1/Editor/Data/Managed'
Mono path[1] = 'C:/Program Files/Unity/Hub/Editor/2021.3.11f1/Editor/Data/MonoBleedingEdge/lib/mono/unityjit-win32'
Mono config path = 'C:/Program Files/Unity/Hub/Editor/2021.3.11f1/Editor/Data/MonoBleedingEdge/etc'
Using monoOptions --debugger-agent=transport=dt_socket,embedding=1,server=y,suspend=n,address=127.0.0.1:56444
Begin MonoManager ReloadAssembly
Registering precompiled unity dll's ...
Register platform support module: C:/Program Files/Unity/Hub/Editor/2021.3.11f1/Editor/Data/PlaybackEngines/WindowsStandaloneSupport/UnityEditor.WindowsStandalone.Extensions.dll
Register platform support module: C:/Program Files/Unity/Hub/Editor/2021.3.11f1/Editor/Data/PlaybackEngines/MetroSupport/UnityEditor.UWP.Extensions.dll
Registered in 0.021941 seconds.
Native extension for UWP target not found
Native extension for WindowsStandalone target not found
Refreshing native plugins compatible for Editor in 315.86 ms, found 4 plugins.
Preloading 0 native plugins for Editor in 0.00 ms.
Mono: successfully reloaded assembly
- Completed reload, in  2.413 seconds
Domain Reload Profiling:
	ReloadAssembly (2415ms)
		BeginReloadAssembly (279ms)
			ExecutionOrderSort (0ms)
			DisableScriptedObjects (0ms)
			BackupInstance (0ms)
			ReleaseScriptingObjects (0ms)
			CreateAndSetChildDomain (2ms)
		EndReloadAssembly (1700ms)
			LoadAssemblies (269ms)
			RebuildTransferFunctionScriptingTraits (0ms)
			SetupTypeCache (379ms)
			ReleaseScriptCaches (0ms)
			RebuildScriptCaches (92ms)
			SetupLoadedEditorAssemblies (1042ms)
				LogAssemblyErrors (0ms)
				InitializePlatformSupportModulesInManaged (30ms)
				SetLoadedEditorAssemblies (1ms)
				RefreshPlugins (316ms)
				BeforeProcessingInitializeOnLoad (4ms)
				ProcessInitializeOnLoadAttributes (519ms)
				ProcessInitializeOnLoadMethodAttributes (172ms)
				AfterProcessingInitializeOnLoad (0ms)
				EditorAssembliesLoaded (1ms)
			ExecutionOrderSort2 (0ms)
			AwakeInstancesAfterBackupRestoration (0ms)
Platform modules already initialized, skipping
Registering precompiled user dll's ...
Registered in 0.038267 seconds.
Begin MonoManager ReloadAssembly
Symbol file LoadedFromMemory doesn't match image C:\Users\aumai\Documents\Cours ICAN\Unity\Stonk\Paraxplorer\Library\PackageCache\com.unity.visualscripting@1.7.8\Editor\VisualScripting.Core\Dependencies\YamlDotNet\Unity.VisualScripting.YamlDotNet.dll
Symbol file LoadedFromMemory doesn't match image C:\Users\aumai\Documents\Cours ICAN\Unity\Stonk\Paraxplorer\Library\PackageCache\com.unity.visualscripting@1.7.8\Editor\VisualScripting.Core\Dependencies\DotNetZip\Unity.VisualScripting.IonicZip.dll
Native extension for UWP target not found
Native extension for WindowsStandalone target not found
Refreshing native plugins compatible for Editor in 324.36 ms, found 4 plugins.
Preloading 0 native plugins for Editor in 0.00 ms.
Mono: successfully reloaded assembly
- Completed reload, in  4.412 seconds
Domain Reload Profiling:
	ReloadAssembly (4415ms)
		BeginReloadAssembly (425ms)
			ExecutionOrderSort (0ms)
			DisableScriptedObjects (20ms)
			BackupInstance (0ms)
			ReleaseScriptingObjects (0ms)
			CreateAndSetChildDomain (51ms)
		EndReloadAssembly (3539ms)
			LoadAssemblies (378ms)
			RebuildTransferFunctionScriptingTraits (0ms)
			SetupTypeCache (890ms)
			ReleaseScriptCaches (2ms)
			RebuildScriptCaches (227ms)
			SetupLoadedEditorAssemblies (1891ms)
				LogAssemblyErrors (0ms)
				InitializePlatformSupportModulesInManaged (21ms)
				SetLoadedEditorAssemblies (1ms)
				RefreshPlugins (325ms)
				BeforeProcessingInitializeOnLoad (371ms)
				ProcessInitializeOnLoadAttributes (971ms)
				ProcessInitializeOnLoadMethodAttributes (170ms)
				AfterProcessingInitializeOnLoad (33ms)
				EditorAssembliesLoaded (1ms)
			ExecutionOrderSort2 (0ms)
			AwakeInstancesAfterBackupRestoration (26ms)
Platform modules already initialized, skipping
========================================================================
Worker process is ready to serve import requests
Launched and connected shader compiler UnityShaderCompiler.exe after 0.13 seconds
Refreshing native plugins compatible for Editor in 1.60 ms, found 4 plugins.
Preloading 0 native plugins for Editor in 0.00 ms.
Unloading 4069 Unused Serialized files (Serialized files now loaded: 0)
Unloading 38 unused Assets / (56.1 KB). Loaded Objects now: 4525.
Memory consumption went from 151.5 MB to 151.5 MB.
Total: 13.332500 ms (FindLiveObjects: 0.795000 ms CreateObjectMapping: 0.883300 ms MarkObjects: 11.397000 ms  DeleteObjects: 0.254100 ms)

AssetImportParameters requested are different than current active one (requested -> active):
  custom:video-decoder-ogg-theora: a1e56fd34408186e4bbccfd4996cb3dc -> 
  custom:container-muxer-webm: aa71ff27fc2769a1b78a27578f13a17b -> 
  custom:container-demuxer-webm: 4f35f7cbe854078d1ac9338744f61a02 -> 
  custom:video-encoder-webm-vp8: eb34c28f22e8b96e1ab97ce403110664 -> 
  custom:video-codec-MediaFoundation-h265: 746d11721c4dcdbdad8f713fa42b33f4 -> 
  custom:audio-encoder-webm-vorbis: bf7c407c2cedff20999df2af8eb42d56 -> 
  custom:framework-win-MediaFoundation: 216162199b28c13a410421893ffa2e32 -> 
  custom:container-demuxer-ogg: 62fdf1f143b41e24485cea50d1cbac27 -> 
  custom:video-decoder-webm-vp8: 9c59270c3fd7afecdb556c50c9e8de78 -> 
  custom:audio-decoder-ogg-vorbis: bf7c407c2cedff20999df2af8eb42d56 -> 
========================================================================
Received Prepare
Registering precompiled user dll's ...
Registered in 0.029709 seconds.
Begin MonoManager ReloadAssembly
Symbol file LoadedFromMemory doesn't match image C:\Users\aumai\Documents\Cours ICAN\Unity\Stonk\Paraxplorer\Library\PackageCache\com.unity.visualscripting@1.7.8\Editor\VisualScripting.Core\Dependencies\YamlDotNet\Unity.VisualScripting.YamlDotNet.dll
Symbol file LoadedFromMemory doesn't match image C:\Users\aumai\Documents\Cours ICAN\Unity\Stonk\Paraxplorer\Library\PackageCache\com.unity.visualscripting@1.7.8\Editor\VisualScripting.Core\Dependencies\DotNetZip\Unity.VisualScripting.IonicZip.dll
Native extension for UWP target not found
Native extension for WindowsStandalone target not found
Refreshing native plugins compatible for Editor in 1.65 ms, found 4 plugins.
Preloading 0 native plugins for Editor in 0.00 ms.
Mono: successfully reloaded assembly
- Completed reload, in  3.763 seconds
Domain Reload Profiling:
	ReloadAssembly (3765ms)
		BeginReloadAssembly (419ms)
			ExecutionOrderSort (0ms)
			DisableScriptedObjects (28ms)
			BackupInstance (0ms)
			ReleaseScriptingObjects (0ms)
			CreateAndSetChildDomain (103ms)
		EndReloadAssembly (2984ms)
			LoadAssemblies (331ms)
			RebuildTransferFunctionScriptingTraits (0ms)
			SetupTypeCache (891ms)
			ReleaseScriptCaches (4ms)
			RebuildScriptCaches (171ms)
			SetupLoadedEditorAssemblies (1380ms)
				LogAssemblyErrors (0ms)
				InitializePlatformSupportModulesInManaged (51ms)
				SetLoadedEditorAssemblies (1ms)
				RefreshPlugins (2ms)
				BeforeProcessingInitializeOnLoad (279ms)
				ProcessInitializeOnLoadAttributes (847ms)
				ProcessInitializeOnLoadMethodAttributes (161ms)
				AfterProcessingInitializeOnLoad (38ms)
				EditorAssembliesLoaded (1ms)
			ExecutionOrderSort2 (0ms)
			AwakeInstancesAfterBackupRestoration (38ms)
Platform modules already initialized, skipping
Refreshing native plugins compatible for Editor in 12.49 ms, found 4 plugins.
Preloading 0 native plugins for Editor in 0.00 ms.
Unloading 4058 Unused Serialized files (Serialized files now loaded: 0)
Unloading 25 unused Assets / (24.7 KB). Loaded Objects now: 4528.
Memory consumption went from 150.9 MB to 150.8 MB.
Total: 9.870800 ms (FindLiveObjects: 0.724500 ms CreateObjectMapping: 0.393000 ms MarkObjects: 8.672200 ms  DeleteObjects: 0.077600 ms)

AssetImportParameters requested are different than current active one (requested -> active):
  custom:video-decoder-ogg-theora: a1e56fd34408186e4bbccfd4996cb3dc -> 
  custom:container-muxer-webm: aa71ff27fc2769a1b78a27578f13a17b -> 
  custom:container-demuxer-webm: 4f35f7cbe854078d1ac9338744f61a02 -> 
  custom:video-encoder-webm-vp8: eb34c28f22e8b96e1ab97ce403110664 -> 
  custom:video-codec-MediaFoundation-h265: 746d11721c4dcdbdad8f713fa42b33f4 -> 
  custom:audio-encoder-webm-vorbis: bf7c407c2cedff20999df2af8eb42d56 -> 
  custom:framework-win-MediaFoundation: 216162199b28c13a410421893ffa2e32 -> 
  custom:container-demuxer-ogg: 62fdf1f143b41e24485cea50d1cbac27 -> 
  custom:video-decoder-webm-vp8: 9c59270c3fd7afecdb556c50c9e8de78 -> 
  custom:audio-decoder-ogg-vorbis: bf7c407c2cedff20999df2af8eb42d56 -> 
========================================================================
Received Prepare
Registering precompiled user dll's ...
Registered in 0.029430 seconds.
Begin MonoManager ReloadAssembly
Symbol file LoadedFromMemory doesn't match image C:\Users\aumai\Documents\Cours ICAN\Unity\Stonk\Paraxplorer\Library\PackageCache\com.unity.visualscripting@1.7.8\Editor\VisualScripting.Core\Dependencies\YamlDotNet\Unity.VisualScripting.YamlDotNet.dll
Symbol file LoadedFromMemory doesn't match image C:\Users\aumai\Documents\Cours ICAN\Unity\Stonk\Paraxplorer\Library\PackageCache\com.unity.visualscripting@1.7.8\Editor\VisualScripting.Core\Dependencies\DotNetZip\Unity.VisualScripting.IonicZip.dll
Native extension for UWP target not found
Native extension for WindowsStandalone target not found
Refreshing native plugins compatible for Editor in 0.89 ms, found 4 plugins.
Preloading 0 native plugins for Editor in 0.00 ms.
Mono: successfully reloaded assembly
- Completed reload, in  2.860 seconds
Domain Reload Profiling:
	ReloadAssembly (2862ms)
		BeginReloadAssembly (429ms)
			ExecutionOrderSort (0ms)
			DisableScriptedObjects (30ms)
			BackupInstance (0ms)
			ReleaseScriptingObjects (0ms)
			CreateAndSetChildDomain (132ms)
		EndReloadAssembly (2078ms)
			LoadAssemblies (295ms)
			RebuildTransferFunctionScriptingTraits (0ms)
			SetupTypeCache (644ms)
			ReleaseScriptCaches (2ms)
			RebuildScriptCaches (132ms)
			SetupLoadedEditorAssemblies (898ms)
				LogAssemblyErrors (0ms)
				InitializePlatformSupportModulesInManaged (35ms)
				SetLoadedEditorAssemblies (1ms)
				RefreshPlugins (1ms)
				BeforeProcessingInitializeOnLoad (185ms)
				ProcessInitializeOnLoadAttributes (574ms)
				ProcessInitializeOnLoadMethodAttributes (80ms)
				AfterProcessingInitializeOnLoad (22ms)
				EditorAssembliesLoaded (0ms)
			ExecutionOrderSort2 (0ms)
			AwakeInstancesAfterBackupRestoration (15ms)
Platform modules already initialized, skipping
Refreshing native plugins compatible for Editor in 8.12 ms, found 4 plugins.
Preloading 0 native plugins for Editor in 0.00 ms.
Unloading 4058 Unused Serialized files (Serialized files now loaded: 0)
Unloading 25 unused Assets / (24.6 KB). Loaded Objects now: 4531.
Memory consumption went from 150.9 MB to 150.9 MB.
Total: 12.404900 ms (FindLiveObjects: 0.555000 ms CreateObjectMapping: 0.299400 ms MarkObjects: 11.492500 ms  DeleteObjects: 0.055900 ms)

AssetImportParameters requested are different than current active one (requested -> active):
  custom:video-decoder-ogg-theora: a1e56fd34408186e4bbccfd4996cb3dc -> 
  custom:container-muxer-webm: aa71ff27fc2769a1b78a27578f13a17b -> 
  custom:container-demuxer-webm: 4f35f7cbe854078d1ac9338744f61a02 -> 
  custom:video-encoder-webm-vp8: eb34c28f22e8b96e1ab97ce403110664 -> 
  custom:video-codec-MediaFoundation-h265: 746d11721c4dcdbdad8f713fa42b33f4 -> 
  custom:audio-encoder-webm-vorbis: bf7c407c2cedff20999df2af8eb42d56 -> 
  custom:framework-win-MediaFoundation: 216162199b28c13a410421893ffa2e32 -> 
  custom:container-demuxer-ogg: 62fdf1f143b41e24485cea50d1cbac27 -> 
  custom:video-decoder-webm-vp8: 9c59270c3fd7afecdb556c50c9e8de78 -> 
  custom:audio-decoder-ogg-vorbis: bf7c407c2cedff20999df2af8eb42d56 -> 
========================================================================
Received Import Request.
  Time since last request: 354825.277446 seconds.
  path: Assets/Tiles/ice tile_0.asset
  artifactKey: Guid(01d5146da8ac2ec4eb4a9965b3d96c62) Importer(815301076,1909f56bfc062723c751e8b465ee728b)
Start importing Assets/Tiles/ice tile_0.asset using Guid(01d5146da8ac2ec4eb4a9965b3d96c62) Importer(815301076,1909f56bfc062723c751e8b465ee728b)  -> (artifact id: '178e755ae499f3901a1016149137972b') in 0.279917 seconds 
========================================================================
Received Import Request.
  Time since last request: 0.000071 seconds.
  path: Assets/Tiles/ice tile_11.asset
  artifactKey: Guid(e8d877e55cc524b49ac60b0de66b790f) Importer(815301076,1909f56bfc062723c751e8b465ee728b)
Start importing Assets/Tiles/ice tile_11.asset using Guid(e8d877e55cc524b49ac60b0de66b790f) Importer(815301076,1909f56bfc062723c751e8b465ee728b)  -> (artifact id: 'bee3f50c9c7e2378213d482c2938d67a') in 0.023782 seconds 
========================================================================
Received Import Request.
  Time since last request: 0.000078 seconds.
  path: Assets/Tiles/ice tile_15.asset
  artifactKey: Guid(b8a9f043fb039c745bff222b2b0d816d) Importer(815301076,1909f56bfc062723c751e8b465ee728b)
Start importing Assets/Tiles/ice tile_15.asset using Guid(b8a9f043fb039c745bff222b2b0d816d) Importer(815301076,1909f56bfc062723c751e8b465ee728b)  -> (artifact id: '6772203ca3da332c616bcf3620358bbc') in 0.026557 seconds 
========================================================================
Received Import Request.
  Time since last request: 0.000071 seconds.
  path: Assets/Tiles/ice tile_14.asset
  artifactKey: Guid(c5a80491fb5702440a96b515187a7d2a) Importer(815301076,1909f56bfc062723c751e8b465ee728b)
Start importing Assets/Tiles/ice tile_14.asset using Guid(c5a80491fb5702440a96b515187a7d2a) Importer(815301076,1909f56bfc062723c751e8b465ee728b)  -> (artifact id: '8c5518339d6a415bf9923fbce6a31940') in 0.035057 seconds 
========================================================================
Received Import Request.
  Time since last request: 0.000072 seconds.
  path: Assets/Tiles/ice tile_25.asset
  artifactKey: Guid(e7a52f1031a4b074a8f72b4e4862dc97) Importer(815301076,1909f56bfc062723c751e8b465ee728b)
Start importing Assets/Tiles/ice tile_25.asset using Guid(e7a52f1031a4b074a8f72b4e4862dc97) Importer(815301076,1909f56bfc062723c751e8b465ee728b)  -> (artifact id: '0ace80d27c5be74ec73aec9db046f459') in 0.019314 seconds 
========================================================================
Received Import Request.
  Time since last request: 0.000046 seconds.
  path: Assets/Tiles/ice tile_16.asset
  artifactKey: Guid(76414680ecd7ca749ac53bdc09147610) Importer(815301076,1909f56bfc062723c751e8b465ee728b)
Start importing Assets/Tiles/ice tile_16.asset using Guid(76414680ecd7ca749ac53bdc09147610) Importer(815301076,1909f56bfc062723c751e8b465ee728b)  -> (artifact id: '9c8899f96ab0fef6dc3b9bf95079504a') in 0.018752 seconds 
========================================================================
Received Import Request.
  Time since last request: 0.000048 seconds.
  path: Assets/Tiles/ice tile_3.asset
  artifactKey: Guid(afecc52b873714d4ea81691815da04f3) Importer(815301076,1909f56bfc062723c751e8b465ee728b)
Start importing Assets/Tiles/ice tile_3.asset using Guid(afecc52b873714d4ea81691815da04f3) Importer(815301076,1909f56bfc062723c751e8b465ee728b)  -> (artifact id: '8b0949a75b72d2dee5008b28233cd4f5') in 0.019703 seconds 
========================================================================
Received Import Request.
  Time since last request: 0.000060 seconds.
  path: Assets/Tiles/ice tile_28.asset
  artifactKey: Guid(d71fe729f3e8ee346973c6caef70a9ba) Importer(815301076,1909f56bfc062723c751e8b465ee728b)
Start importing Assets/Tiles/ice tile_28.asset using Guid(d71fe729f3e8ee346973c6caef70a9ba) Importer(815301076,1909f56bfc062723c751e8b465ee728b)  -> (artifact id: 'a3572840eb2a718981d019066e96106a') in 0.018110 seconds 
========================================================================
Received Import Request.
  Time since last request: 0.000054 seconds.
  path: Assets/Tiles/ice tile_43.asset
  artifactKey: Guid(e338738c3115cf24c85f8d334732a12b) Importer(815301076,1909f56bfc062723c751e8b465ee728b)
Start importing Assets/Tiles/ice tile_43.asset using Guid(e338738c3115cf24c85f8d334732a12b) Importer(815301076,1909f56bfc062723c751e8b465ee728b)  -> (artifact id: '8ac66aeeff959767bc75c8fdcffd4ea1') in 0.021208 seconds 
========================================================================
Received Import Request.
  Time since last request: 0.000047 seconds.
  path: Assets/Tiles/ice tile_39.asset
  artifactKey: Guid(995ab757d3cfcde4a857772fbe7e489f) Importer(815301076,1909f56bfc062723c751e8b465ee728b)
Start importing Assets/Tiles/ice tile_39.asset using Guid(995ab757d3cfcde4a857772fbe7e489f) Importer(815301076,1909f56bfc062723c751e8b465ee728b)  -> (artifact id: '600feb929a77c69d01014bb7c9cdb0fe') in 0.020570 seconds 
========================================================================
Received Import Request.
  Time since last request: 0.000046 seconds.
  path: Assets/Tiles/tile_6.asset
  artifactKey: Guid(19e756d9b8e3ae441b4f32d39c21d29c) Importer(815301076,1909f56bfc062723c751e8b465ee728b)
Start importing Assets/Tiles/tile_6.asset using Guid(19e756d9b8e3ae441b4f32d39c21d29c) Importer(815301076,1909f56bfc062723c751e8b465ee728b)  -> (artifact id: 'b52c8a8025912f223364f89aa96b03c1') in 0.019289 seconds 
========================================================================
Received Import Request.
  Time since last request: 0.000050 seconds.
  path: Assets/Tiles/tile_11.asset
  artifactKey: Guid(8813147ede3c771498eef92107d7481a) Importer(815301076,1909f56bfc062723c751e8b465ee728b)
Start importing Assets/Tiles/tile_11.asset using Guid(8813147ede3c771498eef92107d7481a) Importer(815301076,1909f56bfc062723c751e8b465ee728b)  -> (artifact id: 'a003faa70bd86061d0262261670a5636') in 0.023335 seconds 
========================================================================
Received Import Request.
  Time since last request: 0.000060 seconds.
  path: Assets/Tiles/ice tile_40.asset
  artifactKey: Guid(dcde394ce539f244189cf23e6c761321) Importer(815301076,1909f56bfc062723c751e8b465ee728b)
Start importing Assets/Tiles/ice tile_40.asset using Guid(dcde394ce539f244189cf23e6c761321) Importer(815301076,1909f56bfc062723c751e8b465ee728b)  -> (artifact id: 'c4644e105e7f5926b91999484c2bbc11') in 0.017673 seconds 
========================================================================
Received Import Request.
  Time since last request: 0.000043 seconds.
  path: Assets/Tiles/tile_24.asset
  artifactKey: Guid(07fd051b5b1081e4495142ded5ce243e) Importer(815301076,1909f56bfc062723c751e8b465ee728b)
Start importing Assets/Tiles/tile_24.asset using Guid(07fd051b5b1081e4495142ded5ce243e) Importer(815301076,1909f56bfc062723c751e8b465ee728b)  -> (artifact id: 'a81bbc7ecb1c213932ab7168085a8a4c') in 0.020010 seconds 
========================================================================
Received Import Request.
  Time since last request: 0.000046 seconds.
  path: Assets/Tiles/tile_32.asset
  artifactKey: Guid(bd35c40b98d932b489932e28c02e7536) Importer(815301076,1909f56bfc062723c751e8b465ee728b)
Start importing Assets/Tiles/tile_32.asset using Guid(bd35c40b98d932b489932e28c02e7536) Importer(815301076,1909f56bfc062723c751e8b465ee728b)  -> (artifact id: '76f9f9ac5f4c281aa39102ef086ae52d') in 0.018075 seconds 
========================================================================
Received Import Request.
  Time since last request: 0.000079 seconds.
  path: Assets/Tiles/tile_31.asset
  artifactKey: Guid(b6674f1e4dda43f42882d03fc50e4f2b) Importer(815301076,1909f56bfc062723c751e8b465ee728b)
Start importing Assets/Tiles/tile_31.asset using Guid(b6674f1e4dda43f42882d03fc50e4f2b) Importer(815301076,1909f56bfc062723c751e8b465ee728b)  -> (artifact id: 'e109753f93070a4cbc4057947f6b9cf5') in 0.020243 seconds 
========================================================================
Received Import Request.
  Time since last request: 0.000038 seconds.
  path: Assets/Tiles/tile_47.asset
  artifactKey: Guid(558ae4a862f30574e8c40347b2476f23) Importer(815301076,1909f56bfc062723c751e8b465ee728b)
Start importing Assets/Tiles/tile_47.asset using Guid(558ae4a862f30574e8c40347b2476f23) Importer(815301076,1909f56bfc062723c751e8b465ee728b)  -> (artifact id: '7112d746ed4922c844d96fd4eddc6ab7') in 0.018409 seconds 
========================================================================
Received Import Request.
  Time since last request: 0.000050 seconds.
  path: Assets/Tiles/tile_51.asset
  artifactKey: Guid(128552eaebd370143a76fdcf2633483e) Importer(815301076,1909f56bfc062723c751e8b465ee728b)
Start importing Assets/Tiles/tile_51.asset using Guid(128552eaebd370143a76fdcf2633483e) Importer(815301076,1909f56bfc062723c751e8b465ee728b)  -> (artifact id: '6f77e8115234b1baa99fb81313c1e229') in 0.019097 seconds 
========================================================================
Received Import Request.
  Time since last request: 0.000039 seconds.
  path: Assets/Tiles/tile_26.asset
  artifactKey: Guid(876950b350b7ed546945b853a66886ac) Importer(815301076,1909f56bfc062723c751e8b465ee728b)
Start importing Assets/Tiles/tile_26.asset using Guid(876950b350b7ed546945b853a66886ac) Importer(815301076,1909f56bfc062723c751e8b465ee728b)  -> (artifact id: 'bda92b3c8d3177416a4f48f2ed80b7fc') in 0.021520 seconds 
========================================================================
Received Import Request.
  Time since last request: 0.000051 seconds.
  path: Assets/Tiles/tile_25.asset
  artifactKey: Guid(277200235252034429f9ce5202352fb8) Importer(815301076,1909f56bfc062723c751e8b465ee728b)
Start importing Assets/Tiles/tile_25.asset using Guid(277200235252034429f9ce5202352fb8) Importer(815301076,1909f56bfc062723c751e8b465ee728b)  -> (artifact id: '860622caaea3f6fa8179ce2071f67aa5') in 0.020111 seconds 
========================================================================
Received Import Request.
  Time since last request: 0.000066 seconds.
  path: Assets/Tiles/tile_4.asset
  artifactKey: Guid(cafb61b9f1527cd45adb2b8d68734cab) Importer(815301076,1909f56bfc062723c751e8b465ee728b)
Start importing Assets/Tiles/tile_4.asset using Guid(cafb61b9f1527cd45adb2b8d68734cab) Importer(815301076,1909f56bfc062723c751e8b465ee728b)  -> (artifact id: '1ccc109b922c0233dc13e810f9efd055') in 0.018819 seconds 
========================================================================
Received Import Request.
  Time since last request: 0.000054 seconds.
  path: Assets/Tiles/ice tile_47.asset
  artifactKey: Guid(0f3badbbf8a0ac84fb9c94b55f5b1f7f) Importer(815301076,1909f56bfc062723c751e8b465ee728b)
Start importing Assets/Tiles/ice tile_47.asset using Guid(0f3badbbf8a0ac84fb9c94b55f5b1f7f) Importer(815301076,1909f56bfc062723c751e8b465ee728b)  -> (artifact id: 'd64ee6cdcb936a2034bd456a7de44163') in 0.021645 seconds 
========================================================================
Received Import Request.
  Time since last request: 0.000085 seconds.
  path: Assets/Tiles/ice tile_29.asset
  artifactKey: Guid(595bd0c4b8e431448b51e753b9f2446f) Importer(815301076,1909f56bfc062723c751e8b465ee728b)
Start importing Assets/Tiles/ice tile_29.asset using Guid(595bd0c4b8e431448b51e753b9f2446f) Importer(815301076,1909f56bfc062723c751e8b465ee728b)  -> (artifact id: '1b0d48c6dc0a957f1fd5c45087c082c1') in 0.017209 seconds 
========================================================================
Received Import Request.
  Time since last request: 0.000056 seconds.
  path: Assets/Tiles/tile_48.asset
  artifactKey: Guid(641369fa74ba4414195be14ca16cbd0f) Importer(815301076,1909f56bfc062723c751e8b465ee728b)
Start importing Assets/Tiles/tile_48.asset using Guid(641369fa74ba4414195be14ca16cbd0f) Importer(815301076,1909f56bfc062723c751e8b465ee728b)  -> (artifact id: '39fe18a065fa5a14fcec5337e8e21b42') in 0.019671 seconds 
========================================================================
Received Import Request.
  Time since last request: 0.000071 seconds.
  path: Assets/Tiles/tile_22.asset
  artifactKey: Guid(c2e2c094c0358cf4da77b5cbdb493e24) Importer(815301076,1909f56bfc062723c751e8b465ee728b)
Start importing Assets/Tiles/tile_22.asset using Guid(c2e2c094c0358cf4da77b5cbdb493e24) Importer(815301076,1909f56bfc062723c751e8b465ee728b)  -> (artifact id: '9d0041319dc87ecfb11a63f752293e96') in 0.018054 seconds 
========================================================================
Received Import Request.
  Time since last request: 0.000060 seconds.
  path: Assets/Tiles/tile_49.asset
  artifactKey: Guid(286578ecf28a8fa469e9e14358e25a78) Importer(815301076,1909f56bfc062723c751e8b465ee728b)
Start importing Assets/Tiles/tile_49.asset using Guid(286578ecf28a8fa469e9e14358e25a78) Importer(815301076,1909f56bfc062723c751e8b465ee728b)  -> (artifact id: '957e2edc4e103bc28a71d5b3edc7c9c1') in 0.020917 seconds 
========================================================================
Received Import Request.
  Time since last request: 0.000046 seconds.
  path: Assets/Tiles/tile_1.asset
  artifactKey: Guid(dc5a53e225e61fd4480ee0d3007806f4) Importer(815301076,1909f56bfc062723c751e8b465ee728b)
Start importing Assets/Tiles/tile_1.asset using Guid(dc5a53e225e61fd4480ee0d3007806f4) Importer(815301076,1909f56bfc062723c751e8b465ee728b)  -> (artifact id: '99e9eb8726357471e7f488eabe6f50e1') in 0.021797 seconds 
========================================================================
Received Import Request.
  Time since last request: 0.000050 seconds.
  path: Assets/Tiles/tile_5.asset
  artifactKey: Guid(b69ff4e3c3420b04db10af5e65acb8ca) Importer(815301076,1909f56bfc062723c751e8b465ee728b)
Start importing Assets/Tiles/tile_5.asset using Guid(b69ff4e3c3420b04db10af5e65acb8ca) Importer(815301076,1909f56bfc062723c751e8b465ee728b)  -> (artifact id: 'f317402101435903e3700efc321158ff') in 0.030105 seconds 
========================================================================
Received Import Request.
  Time since last request: 0.000056 seconds.
  path: Assets/Tiles/ice tile_22.asset
  artifactKey: Guid(962f29a2c7540454b82c303202dad02d) Importer(815301076,1909f56bfc062723c751e8b465ee728b)
Start importing Assets/Tiles/ice tile_22.asset using Guid(962f29a2c7540454b82c303202dad02d) Importer(815301076,1909f56bfc062723c751e8b465ee728b)  -> (artifact id: '53398345d2614cc0f747f84090502d0f') in 0.029946 seconds 
========================================================================
Received Import Request.
  Time since last request: 0.000073 seconds.
  path: Assets/Tiles/tile_23.asset
  artifactKey: Guid(709ad0b8a8daf984299f891feffd289b) Importer(815301076,1909f56bfc062723c751e8b465ee728b)
Start importing Assets/Tiles/tile_23.asset using Guid(709ad0b8a8daf984299f891feffd289b) Importer(815301076,1909f56bfc062723c751e8b465ee728b)  -> (artifact id: 'a9dbf922265a20c8a94a6b086c606432') in 0.021731 seconds 
========================================================================
Received Import Request.
  Time since last request: 0.000057 seconds.
  path: Assets/Tiles/tile_10.asset
  artifactKey: Guid(1c33cd38e52a46a42b2aece8abbd5116) Importer(815301076,1909f56bfc062723c751e8b465ee728b)
Start importing Assets/Tiles/tile_10.asset using Guid(1c33cd38e52a46a42b2aece8abbd5116) Importer(815301076,1909f56bfc062723c751e8b465ee728b)  -> (artifact id: '17b2298bf2e894f9e793466f2071dd79') in 0.016819 seconds 
========================================================================
Received Import Request.
  Time since last request: 0.000044 seconds.
  path: Assets/Tiles/tile_33.asset
  artifactKey: Guid(819d9fe7410174f4ba3be9676e3c09da) Importer(815301076,1909f56bfc062723c751e8b465ee728b)
Start importing Assets/Tiles/tile_33.asset using Guid(819d9fe7410174f4ba3be9676e3c09da) Importer(815301076,1909f56bfc062723c751e8b465ee728b)  -> (artifact id: 'faa749f5617024d16763a6a67d893ac0') in 0.021039 seconds 
========================================================================
Received Import Request.
  Time since last request: 0.000045 seconds.
  path: Assets/Tiles/ice tile_34.asset
  artifactKey: Guid(5190fc52724237d418bd46a8b12d2e82) Importer(815301076,1909f56bfc062723c751e8b465ee728b)
Start importing Assets/Tiles/ice tile_34.asset using Guid(5190fc52724237d418bd46a8b12d2e82) Importer(815301076,1909f56bfc062723c751e8b465ee728b)  -> (artifact id: 'dbf810ca6436dd473f634ce81c2a9aaf') in 0.019908 seconds 
========================================================================
Received Import Request.
  Time since last request: 0.000059 seconds.
  path: Assets/Tiles/ice tile_48.asset
  artifactKey: Guid(4d0cd9196f9636c488c62cb2c5299ba3) Importer(815301076,1909f56bfc062723c751e8b465ee728b)
Start importing Assets/Tiles/ice tile_48.asset using Guid(4d0cd9196f9636c488c62cb2c5299ba3) Importer(815301076,1909f56bfc062723c751e8b465ee728b)  -> (artifact id: '700a48b9fc3e888355731d2139bb7886') in 0.020461 seconds 
========================================================================
Received Import Request.
  Time since last request: 0.000049 seconds.
  path: Assets/Tiles/ice tile_6.asset
  artifactKey: Guid(887f06e704f35ac4b964f1c651e588d2) Importer(815301076,1909f56bfc062723c751e8b465ee728b)
Start importing Assets/Tiles/ice tile_6.asset using Guid(887f06e704f35ac4b964f1c651e588d2) Importer(815301076,1909f56bfc062723c751e8b465ee728b)  -> (artifact id: 'a1fb355191e13c02387085cada3e68ed') in 0.020295 seconds 
========================================================================
Received Import Request.
  Time since last request: 0.000059 seconds.
  path: Assets/Tiles/ice tile_21.asset
  artifactKey: Guid(50d313bb165d78745bd9759b5530fb92) Importer(815301076,1909f56bfc062723c751e8b465ee728b)
Start importing Assets/Tiles/ice tile_21.asset using Guid(50d313bb165d78745bd9759b5530fb92) Importer(815301076,1909f56bfc062723c751e8b465ee728b)  -> (artifact id: 'b976e78453f01356e9c84e15af0363d3') in 0.018852 seconds 
========================================================================
Received Import Request.
  Time since last request: 0.000091 seconds.
  path: Assets/Tiles/tile_34.asset
  artifactKey: Guid(1acff5e6fb7944841a7e4b8903125366) Importer(815301076,1909f56bfc062723c751e8b465ee728b)
Start importing Assets/Tiles/tile_34.asset using Guid(1acff5e6fb7944841a7e4b8903125366) Importer(815301076,1909f56bfc062723c751e8b465ee728b)  -> (artifact id: '242bb7fa89acfc41e9f41b5449f86d88') in 0.023591 seconds 
========================================================================
Received Import Request.
  Time since last request: 0.000055 seconds.
  path: Assets/Tiles/tile_35.asset
  artifactKey: Guid(cf728027ce070fb4d89fc7912410ecea) Importer(815301076,1909f56bfc062723c751e8b465ee728b)
Start importing Assets/Tiles/tile_35.asset using Guid(cf728027ce070fb4d89fc7912410ecea) Importer(815301076,1909f56bfc062723c751e8b465ee728b)  -> (artifact id: '9e2056891057b541a653e1c05fb7a8c5') in 0.017996 seconds 
========================================================================
Received Import Request.
  Time since last request: 0.000048 seconds.
  path: Assets/Tiles/tile_45.asset
  artifactKey: Guid(b66ca2d4687ed7c4e82dbc5b0872aaf6) Importer(815301076,1909f56bfc062723c751e8b465ee728b)
Start importing Assets/Tiles/tile_45.asset using Guid(b66ca2d4687ed7c4e82dbc5b0872aaf6) Importer(815301076,1909f56bfc062723c751e8b465ee728b)  -> (artifact id: 'e252b0b965fa24121c7d980b37a27e18') in 0.019364 seconds 
========================================================================
Received Import Request.
  Time since last request: 0.000061 seconds.
  path: Assets/Tiles/ice tile_52.asset
  artifactKey: Guid(cd401b439ff9fb443afa35dd5d2fd2ab) Importer(815301076,1909f56bfc062723c751e8b465ee728b)
Start importing Assets/Tiles/ice tile_52.asset using Guid(cd401b439ff9fb443afa35dd5d2fd2ab) Importer(815301076,1909f56bfc062723c751e8b465ee728b)  -> (artifact id: 'd687a0e7977e201a7664a947ebbcd6f8') in 0.020191 seconds 
========================================================================
Received Import Request.
  Time since last request: 0.000050 seconds.
  path: Assets/Tiles/ice tile_17.asset
  artifactKey: Guid(c956cdc7de40c294d92c33ffd862bf85) Importer(815301076,1909f56bfc062723c751e8b465ee728b)
Start importing Assets/Tiles/ice tile_17.asset using Guid(c956cdc7de40c294d92c33ffd862bf85) Importer(815301076,1909f56bfc062723c751e8b465ee728b)  -> (artifact id: 'cf97b4537397b13c091cf96aaddc6759') in 0.016533 seconds 
========================================================================
Received Import Request.
  Time since last request: 0.000048 seconds.
  path: Assets/Tiles/tile_12.asset
  artifactKey: Guid(c5a9853dcd4362a4199406586097892d) Importer(815301076,1909f56bfc062723c751e8b465ee728b)
Start importing Assets/Tiles/tile_12.asset using Guid(c5a9853dcd4362a4199406586097892d) Importer(815301076,1909f56bfc062723c751e8b465ee728b)  -> (artifact id: '25df67671494b57cbde2d4974ea32b35') in 0.018240 seconds 
========================================================================
Received Import Request.
  Time since last request: 0.000114 seconds.
  path: Assets/Tiles/tile_20.asset
  artifactKey: Guid(d265e38f5e38d954abe2b4f144095d7f) Importer(815301076,1909f56bfc062723c751e8b465ee728b)
Start importing Assets/Tiles/tile_20.asset using Guid(d265e38f5e38d954abe2b4f144095d7f) Importer(815301076,1909f56bfc062723c751e8b465ee728b)  -> (artifact id: 'be5e72147920b97238cce003d292391e') in 0.018913 seconds 
========================================================================
Received Import Request.
  Time since last request: 0.000064 seconds.
  path: Assets/Tiles/tile_9.asset
  artifactKey: Guid(3999ef298ea0a884ca5df70b0eba7430) Importer(815301076,1909f56bfc062723c751e8b465ee728b)
Start importing Assets/Tiles/tile_9.asset using Guid(3999ef298ea0a884ca5df70b0eba7430) Importer(815301076,1909f56bfc062723c751e8b465ee728b)  -> (artifact id: '74755c5e2ce9e97ca86dc41ffdf8a01b') in 0.019220 seconds 
========================================================================
Received Import Request.
  Time since last request: 0.000275 seconds.
  path: Assets/Tiles/tile_17.asset
  artifactKey: Guid(46b009177d0c8a24e937a5926ed77a42) Importer(815301076,1909f56bfc062723c751e8b465ee728b)
Start importing Assets/Tiles/tile_17.asset using Guid(46b009177d0c8a24e937a5926ed77a42) Importer(815301076,1909f56bfc062723c751e8b465ee728b)  -> (artifact id: '6d74484b08de8a8730e28a523850702a') in 0.017576 seconds 
========================================================================
Received Import Request.
  Time since last request: 0.000045 seconds.
  path: Assets/Tiles/tile_15.asset
  artifactKey: Guid(6e16570d55e405c4e9b43613da1b2712) Importer(815301076,1909f56bfc062723c751e8b465ee728b)
Start importing Assets/Tiles/tile_15.asset using Guid(6e16570d55e405c4e9b43613da1b2712) Importer(815301076,1909f56bfc062723c751e8b465ee728b)  -> (artifact id: '6378bd116747f941c1bbe59663c7b658') in 0.021103 seconds 
========================================================================
Received Import Request.
  Time since last request: 0.000046 seconds.
  path: Assets/Tiles/ice tile_20.asset
  artifactKey: Guid(725ca596827cd07439fa5a5e3649867f) Importer(815301076,1909f56bfc062723c751e8b465ee728b)
Start importing Assets/Tiles/ice tile_20.asset using Guid(725ca596827cd07439fa5a5e3649867f) Importer(815301076,1909f56bfc062723c751e8b465ee728b)  -> (artifact id: 'c4fa48001986b12d786db8ffe0b45b60') in 0.019499 seconds 
========================================================================
Received Import Request.
  Time since last request: 0.000048 seconds.
  path: Assets/Tiles/ice tile_23.asset
  artifactKey: Guid(020d55ed1b0ebf1499c8391c3e01aea0) Importer(815301076,1909f56bfc062723c751e8b465ee728b)
Start importing Assets/Tiles/ice tile_23.asset using Guid(020d55ed1b0ebf1499c8391c3e01aea0) Importer(815301076,1909f56bfc062723c751e8b465ee728b)  -> (artifact id: '0aac412868741f77495cd84bd1c32b95') in 0.017785 seconds 
========================================================================
Received Import Request.
  Time since last request: 0.000039 seconds.
  path: Assets/Tiles/tile_38.asset
  artifactKey: Guid(0f8d78e7af1225d4aa305bf073a05956) Importer(815301076,1909f56bfc062723c751e8b465ee728b)
Start importing Assets/Tiles/tile_38.asset using Guid(0f8d78e7af1225d4aa305bf073a05956) Importer(815301076,1909f56bfc062723c751e8b465ee728b)  -> (artifact id: '0b96e62bd46dd09ecccf595ccdf9099a') in 0.019324 seconds 
========================================================================
Received Import Request.
  Time since last request: 0.000036 seconds.
  path: Assets/Tiles/ice tile_32.asset
  artifactKey: Guid(b22021d2796437d4fa3e3f70f5c5806a) Importer(815301076,1909f56bfc062723c751e8b465ee728b)
Start importing Assets/Tiles/ice tile_32.asset using Guid(b22021d2796437d4fa3e3f70f5c5806a) Importer(815301076,1909f56bfc062723c751e8b465ee728b)  -> (artifact id: '356ec662675e49f49bdb2b4fd8e8866a') in 0.025726 seconds 
========================================================================
Received Import Request.
  Time since last request: 0.000051 seconds.
  path: Assets/Tiles/ice tile_4.asset
  artifactKey: Guid(be2be9455cdcb3d44ab9fcd0c6596cde) Importer(815301076,1909f56bfc062723c751e8b465ee728b)
Start importing Assets/Tiles/ice tile_4.asset using Guid(be2be9455cdcb3d44ab9fcd0c6596cde) Importer(815301076,1909f56bfc062723c751e8b465ee728b)  -> (artifact id: 'c7ba81271c16fd75ee1c81618c666f00') in 0.017995 seconds 
========================================================================
Received Import Request.
  Time since last request: 0.000068 seconds.
  path: Assets/Tiles/tile_16.asset
  artifactKey: Guid(95613096997f9c246b96943316b72b66) Importer(815301076,1909f56bfc062723c751e8b465ee728b)
Start importing Assets/Tiles/tile_16.asset using Guid(95613096997f9c246b96943316b72b66) Importer(815301076,1909f56bfc062723c751e8b465ee728b)  -> (artifact id: '78ef9cdc2305a3176711e563fc479a35') in 0.019116 seconds 
========================================================================
Received Import Request.
  Time since last request: 0.000070 seconds.
  path: Assets/Tiles/ice tile_45.asset
  artifactKey: Guid(da093793507be6a40894fe1c1fc2da94) Importer(815301076,1909f56bfc062723c751e8b465ee728b)
Start importing Assets/Tiles/ice tile_45.asset using Guid(da093793507be6a40894fe1c1fc2da94) Importer(815301076,1909f56bfc062723c751e8b465ee728b)  -> (artifact id: '92b98bdc5bcd5057cebd7cc71e955623') in 0.017684 seconds 
========================================================================
Received Import Request.
  Time since last request: 14.988636 seconds.
  path: Assets/Tiles/tile marron_0.asset
  artifactKey: Guid(2683a417f913f5b44851701b8dd42dd6) Importer(815301076,1909f56bfc062723c751e8b465ee728b)
Start importing Assets/Tiles/tile marron_0.asset using Guid(2683a417f913f5b44851701b8dd42dd6) Importer(815301076,1909f56bfc062723c751e8b465ee728b)  -> (artifact id: '07cd3864c9d2695639eeaccd7205e083') in 0.062463 seconds 
========================================================================
Received Import Request.
  Time since last request: 0.001306 seconds.
  path: Assets/Tiles/tile marron_17.asset
  artifactKey: Guid(bfef348a92dd35840af343ed427d4eb0) Importer(815301076,1909f56bfc062723c751e8b465ee728b)
Start importing Assets/Tiles/tile marron_17.asset using Guid(bfef348a92dd35840af343ed427d4eb0) Importer(815301076,1909f56bfc062723c751e8b465ee728b)  -> (artifact id: '679cef00bb227ab1c71cb13f5b19e547') in 0.027900 seconds 
========================================================================
Received Import Request.
  Time since last request: 0.000108 seconds.
  path: Assets/Tiles/tile marron_8.asset
  artifactKey: Guid(eb2ced2ae86222e4a9466bdfd3175bee) Importer(815301076,1909f56bfc062723c751e8b465ee728b)
Start importing Assets/Tiles/tile marron_8.asset using Guid(eb2ced2ae86222e4a9466bdfd3175bee) Importer(815301076,1909f56bfc062723c751e8b465ee728b)  -> (artifact id: '9d6ead88271c514797b247a7d2852cf8') in 0.028658 seconds 
========================================================================
Received Import Request.
  Time since last request: 0.000061 seconds.
  path: Assets/Tiles/tile marron_20.asset
  artifactKey: Guid(df3c73a550c9cdc49b9a7bc080ada184) Importer(815301076,1909f56bfc062723c751e8b465ee728b)
Start importing Assets/Tiles/tile marron_20.asset using Guid(df3c73a550c9cdc49b9a7bc080ada184) Importer(815301076,1909f56bfc062723c751e8b465ee728b)  -> (artifact id: '7af2fcb3457fc01ddea8966c66ddad78') in 0.034505 seconds 
========================================================================
Received Import Request.
  Time since last request: 0.000058 seconds.
  path: Assets/Tiles/tile marron_22.asset
  artifactKey: Guid(cc8248e022f8f404d8650bc4e8b1c574) Importer(815301076,1909f56bfc062723c751e8b465ee728b)
Start importing Assets/Tiles/tile marron_22.asset using Guid(cc8248e022f8f404d8650bc4e8b1c574) Importer(815301076,1909f56bfc062723c751e8b465ee728b)  -> (artifact id: 'a89d9589952569d69a2341c867979ccc') in 0.022125 seconds 
========================================================================
Received Import Request.
  Time since last request: 0.000061 seconds.
  path: Assets/Tiles/tile marron_16.asset
  artifactKey: Guid(ae8e5681d34e9484d9ba295f36ddc33e) Importer(815301076,1909f56bfc062723c751e8b465ee728b)
Start importing Assets/Tiles/tile marron_16.asset using Guid(ae8e5681d34e9484d9ba295f36ddc33e) Importer(815301076,1909f56bfc062723c751e8b465ee728b)  -> (artifact id: '65e11859d672323aee162eaa53d6bf84') in 0.023632 seconds 
========================================================================
Received Import Request.
  Time since last request: 0.000081 seconds.
  path: Assets/Tiles/tile marron_7.asset
  artifactKey: Guid(74625d6ab0200974bb921d9138468c82) Importer(815301076,1909f56bfc062723c751e8b465ee728b)
Start importing Assets/Tiles/tile marron_7.asset using Guid(74625d6ab0200974bb921d9138468c82) Importer(815301076,1909f56bfc062723c751e8b465ee728b)  -> (artifact id: '60413babe994101fcbba816bee016425') in 0.036412 seconds 
========================================================================
Received Import Request.
  Time since last request: 0.000060 seconds.
  path: Assets/Tiles/tile marron_11.asset
  artifactKey: Guid(63f16341a5e98e844988406c2e92182f) Importer(815301076,1909f56bfc062723c751e8b465ee728b)
Start importing Assets/Tiles/tile marron_11.asset using Guid(63f16341a5e98e844988406c2e92182f) Importer(815301076,1909f56bfc062723c751e8b465ee728b)  -> (artifact id: '91499c50cd9f62ccd81a6656864db119') in 0.023438 seconds 
========================================================================
Received Import Request.
  Time since last request: 7.058051 seconds.
  path: Assets/Tiles/tile marron_23.asset
  artifactKey: Guid(fb1610abf98924547893ef1f99a07cf6) Importer(815301076,1909f56bfc062723c751e8b465ee728b)
Start importing Assets/Tiles/tile marron_23.asset using Guid(fb1610abf98924547893ef1f99a07cf6) Importer(815301076,1909f56bfc062723c751e8b465ee728b)  -> (artifact id: '286596d601503b481732f5888ba8a44c') in 0.037098 seconds 
========================================================================
Received Import Request.
  Time since last request: 0.000095 seconds.
  path: Assets/Tiles/tile marron_27.asset
  artifactKey: Guid(395ece4f2db79394fa81f022500fd61f) Importer(815301076,1909f56bfc062723c751e8b465ee728b)
Start importing Assets/Tiles/tile marron_27.asset using Guid(395ece4f2db79394fa81f022500fd61f) Importer(815301076,1909f56bfc062723c751e8b465ee728b)  -> (artifact id: 'f60e7e2ea80f339fe04c67dd2e74ec7e') in 0.036539 seconds 
========================================================================
Received Import Request.
  Time since last request: 0.000083 seconds.
  path: Assets/Tiles/tile marron_28.asset
  artifactKey: Guid(f314bdfdf1b5d0149b93b4e5fe0dcb5b) Importer(815301076,1909f56bfc062723c751e8b465ee728b)
Start importing Assets/Tiles/tile marron_28.asset using Guid(f314bdfdf1b5d0149b93b4e5fe0dcb5b) Importer(815301076,1909f56bfc062723c751e8b465ee728b)  -> (artifact id: 'd646859722e0fc167a0eca888ce74af1') in 0.021662 seconds 
========================================================================
Received Import Request.
  Time since last request: 0.134685 seconds.
  path: Assets/Tiles/tile marron_32.asset
  artifactKey: Guid(39ddeb6a92f102c4f908d473e18fe99c) Importer(815301076,1909f56bfc062723c751e8b465ee728b)
Start importing Assets/Tiles/tile marron_32.asset using Guid(39ddeb6a92f102c4f908d473e18fe99c) Importer(815301076,1909f56bfc062723c751e8b465ee728b)  -> (artifact id: '3099d77e88f2636c2aed2ec0c5b110b1') in 0.028468 seconds 
========================================================================
Received Import Request.
  Time since last request: 0.000061 seconds.
  path: Assets/Tiles/tile marron_47.asset
  artifactKey: Guid(0211baab8afeff94984cd44adee1f10c) Importer(815301076,1909f56bfc062723c751e8b465ee728b)
Start importing Assets/Tiles/tile marron_47.asset using Guid(0211baab8afeff94984cd44adee1f10c) Importer(815301076,1909f56bfc062723c751e8b465ee728b)  -> (artifact id: '4f69940cf547361e4a1c292a3b51dd92') in 0.025651 seconds 
========================================================================
Received Import Request.
  Time since last request: 0.000078 seconds.
  path: Assets/Tiles/tile marron_43.asset
  artifactKey: Guid(0dea3e03b19973d42bdafd9284853555) Importer(815301076,1909f56bfc062723c751e8b465ee728b)
Start importing Assets/Tiles/tile marron_43.asset using Guid(0dea3e03b19973d42bdafd9284853555) Importer(815301076,1909f56bfc062723c751e8b465ee728b)  -> (artifact id: '70d4758449e5037cc666c36819de7635') in 0.026658 seconds 
========================================================================
Received Import Request.
  Time since last request: 0.000077 seconds.
  path: Assets/Tiles/tile marron_51.asset
  artifactKey: Guid(98809d18839f0114bb2b5606f270f576) Importer(815301076,1909f56bfc062723c751e8b465ee728b)
Start importing Assets/Tiles/tile marron_51.asset using Guid(98809d18839f0114bb2b5606f270f576) Importer(815301076,1909f56bfc062723c751e8b465ee728b)  -> (artifact id: 'e94dd2f214c206a12db6280562b4eaf1') in 0.022228 seconds 
========================================================================
Received Import Request.
  Time since last request: 0.000073 seconds.
  path: Assets/Tiles/tile marron_36.asset
  artifactKey: Guid(818ce95a63d941d45b514440ffb9f331) Importer(815301076,1909f56bfc062723c751e8b465ee728b)
Start importing Assets/Tiles/tile marron_36.asset using Guid(818ce95a63d941d45b514440ffb9f331) Importer(815301076,1909f56bfc062723c751e8b465ee728b)  -> (artifact id: '1c2509bf9366e75db2c4c6efcf179533') in 0.026669 seconds 
========================================================================
Received Import Request.
  Time since last request: 0.000065 seconds.
  path: Assets/Tiles/tile marron_41.asset
  artifactKey: Guid(e698b60ac51f2fd48b9e579a78f7f396) Importer(815301076,1909f56bfc062723c751e8b465ee728b)
Start importing Assets/Tiles/tile marron_41.asset using Guid(e698b60ac51f2fd48b9e579a78f7f396) Importer(815301076,1909f56bfc062723c751e8b465ee728b)  -> (artifact id: '0dbbcd363d6589e3e965296836fe93b4') in 0.019191 seconds 
========================================================================
Received Import Request.
  Time since last request: 38.606767 seconds.
  path: Assets/Tiles/tileset_tenebres_0.asset
  artifactKey: Guid(e86ba727171b8be4b89534db0de2162b) Importer(815301076,1909f56bfc062723c751e8b465ee728b)
Start importing Assets/Tiles/tileset_tenebres_0.asset using Guid(e86ba727171b8be4b89534db0de2162b) Importer(815301076,1909f56bfc062723c751e8b465ee728b)  -> (artifact id: '9121ee9471a9f3bdc4653106189d1758') in 0.037301 seconds 
========================================================================
Received Import Request.
  Time since last request: 0.000063 seconds.
  path: Assets/Tiles/tileset_tenebres_5.asset
  artifactKey: Guid(7ffce0996598bba448ac32f4513e78bc) Importer(815301076,1909f56bfc062723c751e8b465ee728b)
Start importing Assets/Tiles/tileset_tenebres_5.asset using Guid(7ffce0996598bba448ac32f4513e78bc) Importer(815301076,1909f56bfc062723c751e8b465ee728b)  -> (artifact id: 'b7b7f05965472027238c022c01198ba9') in 0.024331 seconds 
========================================================================
Received Import Request.
  Time since last request: 0.000054 seconds.
  path: Assets/Tiles/tileset_tenebres_12.asset
  artifactKey: Guid(532652587358c9e409e1abe324e2d2d1) Importer(815301076,1909f56bfc062723c751e8b465ee728b)
Start importing Assets/Tiles/tileset_tenebres_12.asset using Guid(532652587358c9e409e1abe324e2d2d1) Importer(815301076,1909f56bfc062723c751e8b465ee728b)  -> (artifact id: 'a04d4dd45aaef79ade3063320c1daf4e') in 0.046531 seconds 
========================================================================
Received Import Request.
  Time since last request: 3.237525 seconds.
  path: Assets/Tiles/tileset_tenebres_15.asset
  artifactKey: Guid(1a41d5e54fea14b43b3d44602bf186c8) Importer(815301076,1909f56bfc062723c751e8b465ee728b)
Start importing Assets/Tiles/tileset_tenebres_15.asset using Guid(1a41d5e54fea14b43b3d44602bf186c8) Importer(815301076,1909f56bfc062723c751e8b465ee728b)  -> (artifact id: '52d738459d680653c4af7c8b3b3c19b6') in 0.028763 seconds 
========================================================================
Received Import Request.
  Time since last request: 0.000074 seconds.
  path: Assets/Tiles/tileset_tenebres_20.asset
  artifactKey: Guid(16165fbf93f390f448e5b86171d8f5bf) Importer(815301076,1909f56bfc062723c751e8b465ee728b)
Start importing Assets/Tiles/tileset_tenebres_20.asset using Guid(16165fbf93f390f448e5b86171d8f5bf) Importer(815301076,1909f56bfc062723c751e8b465ee728b)  -> (artifact id: '22ea17a39c37d3a475b83831ba27bdb4') in 0.038249 seconds 
========================================================================
Received Import Request.
  Time since last request: 0.000337 seconds.
  path: Assets/Tiles/tileset_tenebres_19.asset
  artifactKey: Guid(45669ff8140ed924c9a6583acd8d6956) Importer(815301076,1909f56bfc062723c751e8b465ee728b)
Start importing Assets/Tiles/tileset_tenebres_19.asset using Guid(45669ff8140ed924c9a6583acd8d6956) Importer(815301076,1909f56bfc062723c751e8b465ee728b)  -> (artifact id: '5337c17aa9c4de870b89c79b91174ec3') in 0.021983 seconds 
========================================================================
Received Import Request.
  Time since last request: 30.648294 seconds.
  path: Assets/Tiles/tileset_tenebres.png
  artifactKey: Guid(1cd0a3cecb15d284b9ea0d21e0d04a94) Importer(815301076,1909f56bfc062723c751e8b465ee728b)
Start importing Assets/Tiles/tileset_tenebres.png using Guid(1cd0a3cecb15d284b9ea0d21e0d04a94) Importer(815301076,1909f56bfc062723c751e8b465ee728b)  -> (artifact id: 'f5f37e92d0d89d335a854391ab493fc4') in 0.550809 seconds 
========================================================================
Received Import Request.
  Time since last request: 45.822685 seconds.
  path: Assets/Tiles/tile marron.png
  artifactKey: Guid(eb50fa0ee1f4c004283c1ca834beedbf) Importer(815301076,1909f56bfc062723c751e8b465ee728b)
Start importing Assets/Tiles/tile marron.png using Guid(eb50fa0ee1f4c004283c1ca834beedbf) Importer(815301076,1909f56bfc062723c751e8b465ee728b)  -> (artifact id: '3308235fb3ec4852fe3d50e9eae2be35') in 0.587047 seconds 
========================================================================
Received Import Request.
  Time since last request: 0.000061 seconds.
  path: Assets/Tiles/tile marron_19.asset
  artifactKey: Guid(e794d1bd14d1b864a928841b2e029b26) Importer(815301076,1909f56bfc062723c751e8b465ee728b)
Start importing Assets/Tiles/tile marron_19.asset using Guid(e794d1bd14d1b864a928841b2e029b26) Importer(815301076,1909f56bfc062723c751e8b465ee728b)  -> (artifact id: '425bdfa0340dade9c55969158c68a2de') in 0.022826 seconds 
========================================================================
Received Import Request.
  Time since last request: 0.000089 seconds.
  path: Assets/Tiles/tile marron_3.asset
  artifactKey: Guid(c715915fc921e4c4a9fa7df8f13c79ea) Importer(815301076,1909f56bfc062723c751e8b465ee728b)
Start importing Assets/Tiles/tile marron_3.asset using Guid(c715915fc921e4c4a9fa7df8f13c79ea) Importer(815301076,1909f56bfc062723c751e8b465ee728b)  -> (artifact id: '0d36b5aaa6f9a1403868316f724b6ecd') in 0.019403 seconds 
========================================================================
Received Import Request.
  Time since last request: 0.000145 seconds.
  path: Assets/Tiles/tile marron_9.asset
  artifactKey: Guid(0d00f5a52b2e01546ad7606fab08c971) Importer(815301076,1909f56bfc062723c751e8b465ee728b)
Start importing Assets/Tiles/tile marron_9.asset using Guid(0d00f5a52b2e01546ad7606fab08c971) Importer(815301076,1909f56bfc062723c751e8b465ee728b)  -> (artifact id: '464f0be4f20582a41e52110fc7cb2f6d') in 0.023433 seconds 
========================================================================
Received Import Request.
  Time since last request: 0.000485 seconds.
  path: Assets/Tiles/tile marron_12.asset
  artifactKey: Guid(93c0a2a4614ae4f4fb007da0e3bc0d54) Importer(815301076,1909f56bfc062723c751e8b465ee728b)
Start importing Assets/Tiles/tile marron_12.asset using Guid(93c0a2a4614ae4f4fb007da0e3bc0d54) Importer(815301076,1909f56bfc062723c751e8b465ee728b)  -> (artifact id: 'fbbc8f120ced2bf47bc24813a6eb494d') in 0.044919 seconds 
========================================================================
Received Import Request.
  Time since last request: 0.000049 seconds.
  path: Assets/Tiles/tile marron_23.asset
  artifactKey: Guid(fb1610abf98924547893ef1f99a07cf6) Importer(815301076,1909f56bfc062723c751e8b465ee728b)
Start importing Assets/Tiles/tile marron_23.asset using Guid(fb1610abf98924547893ef1f99a07cf6) Importer(815301076,1909f56bfc062723c751e8b465ee728b)  -> (artifact id: '65ec6f5f686048f7e1b530c6a850d5c6') in 0.018966 seconds 
========================================================================
Received Import Request.
  Time since last request: 13.013477 seconds.
  path: Assets/Tiles/tile marron_32.asset
  artifactKey: Guid(39ddeb6a92f102c4f908d473e18fe99c) Importer(815301076,1909f56bfc062723c751e8b465ee728b)
Start importing Assets/Tiles/tile marron_32.asset using Guid(39ddeb6a92f102c4f908d473e18fe99c) Importer(815301076,1909f56bfc062723c751e8b465ee728b)  -> (artifact id: 'cb9efaade1dd088d9585441ceceb43d3') in 0.033866 seconds 
========================================================================
Received Import Request.
  Time since last request: 0.000065 seconds.
  path: Assets/Tiles/tile marron_40.asset
  artifactKey: Guid(a33a7cb44e6fa6a4eafd614435291775) Importer(815301076,1909f56bfc062723c751e8b465ee728b)
Start importing Assets/Tiles/tile marron_40.asset using Guid(a33a7cb44e6fa6a4eafd614435291775) Importer(815301076,1909f56bfc062723c751e8b465ee728b)  -> (artifact id: 'e0ea3cc31a2e83af2391db53b26c7356') in 0.029762 seconds 
========================================================================
Received Import Request.
  Time since last request: 0.000126 seconds.
  path: Assets/Tiles/tile marron_45.asset
  artifactKey: Guid(3a696d15dd854cb47a8f4210c61ef920) Importer(815301076,1909f56bfc062723c751e8b465ee728b)
Start importing Assets/Tiles/tile marron_45.asset using Guid(3a696d15dd854cb47a8f4210c61ef920) Importer(815301076,1909f56bfc062723c751e8b465ee728b)  -> (artifact id: '9b9add4ab6d7565d5ddd0cbf51d61967') in 0.038390 seconds 
========================================================================
Received Import Request.
  Time since last request: 0.000091 seconds.
  path: Assets/Tiles/tile marron_48.asset
  artifactKey: Guid(756dde5107074364692b1268a746041b) Importer(815301076,1909f56bfc062723c751e8b465ee728b)
Start importing Assets/Tiles/tile marron_48.asset using Guid(756dde5107074364692b1268a746041b) Importer(815301076,1909f56bfc062723c751e8b465ee728b)  -> (artifact id: '9dba1813f96e4bf1836d930e6cbada6f') in 0.022919 seconds 
========================================================================
Received Import Request.
  Time since last request: 0.000049 seconds.
  path: Assets/Tiles/tile marron_51.asset
  artifactKey: Guid(98809d18839f0114bb2b5606f270f576) Importer(815301076,1909f56bfc062723c751e8b465ee728b)
Start importing Assets/Tiles/tile marron_51.asset using Guid(98809d18839f0114bb2b5606f270f576) Importer(815301076,1909f56bfc062723c751e8b465ee728b)  -> (artifact id: '0219b494f05b8ce7a24c4af2b93edf8b') in 0.021178 seconds 
========================================================================
Received Import Request.
  Time since last request: 27.263372 seconds.
  path: Assets/Tiles/grass tile.png
  artifactKey: Guid(293192ca06bb6124fafe2960486825a3) Importer(815301076,1909f56bfc062723c751e8b465ee728b)
Start importing Assets/Tiles/grass tile.png using Guid(293192ca06bb6124fafe2960486825a3) Importer(815301076,1909f56bfc062723c751e8b465ee728b)  -> (artifact id: 'afb0f387cffa7e529d3a2e1777934688') in 0.504771 seconds 
========================================================================
Received Import Request.
  Time since last request: 10.276650 seconds.
  path: Assets/Tiles/donjon.png
  artifactKey: Guid(9a725c56368551b4091ec07f0f049cfe) Importer(815301076,1909f56bfc062723c751e8b465ee728b)
Start importing Assets/Tiles/donjon.png using Guid(9a725c56368551b4091ec07f0f049cfe) Importer(815301076,1909f56bfc062723c751e8b465ee728b)  -> (artifact id: '948dc191e817d4b18d5ab0f4744c5b9f') in 0.198738 seconds 
========================================================================
Received Import Request.
  Time since last request: 0.000107 seconds.
  path: Assets/Tiles/donjon_3.asset
  artifactKey: Guid(26a15cde5c33b6c4080e1ffb1c15b035) Importer(815301076,1909f56bfc062723c751e8b465ee728b)
Start importing Assets/Tiles/donjon_3.asset using Guid(26a15cde5c33b6c4080e1ffb1c15b035) Importer(815301076,1909f56bfc062723c751e8b465ee728b)  -> (artifact id: '1864080bbce702617b8400e5deb39e98') in 0.017627 seconds 
========================================================================
Received Prepare
Registering precompiled user dll's ...
Registered in 0.037590 seconds.
Begin MonoManager ReloadAssembly
Symbol file LoadedFromMemory doesn't match image C:\Users\aumai\Documents\Cours ICAN\Unity\Stonk\Paraxplorer\Library\PackageCache\com.unity.visualscripting@1.7.8\Editor\VisualScripting.Core\Dependencies\YamlDotNet\Unity.VisualScripting.YamlDotNet.dll
Symbol file LoadedFromMemory doesn't match image C:\Users\aumai\Documents\Cours ICAN\Unity\Stonk\Paraxplorer\Library\PackageCache\com.unity.visualscripting@1.7.8\Editor\VisualScripting.Core\Dependencies\DotNetZip\Unity.VisualScripting.IonicZip.dll
Native extension for UWP target not found
Native extension for WindowsStandalone target not found
Refreshing native plugins compatible for Editor in 1.22 ms, found 4 plugins.
Preloading 0 native plugins for Editor in 0.00 ms.
Mono: successfully reloaded assembly
- Completed reload, in  1.982 seconds
Domain Reload Profiling:
	ReloadAssembly (1983ms)
		BeginReloadAssembly (277ms)
			ExecutionOrderSort (0ms)
			DisableScriptedObjects (16ms)
			BackupInstance (0ms)
			ReleaseScriptingObjects (0ms)
			CreateAndSetChildDomain (74ms)
		EndReloadAssembly (1518ms)
			LoadAssemblies (229ms)
			RebuildTransferFunctionScriptingTraits (0ms)
			SetupTypeCache (448ms)
			ReleaseScriptCaches (3ms)
			RebuildScriptCaches (78ms)
			SetupLoadedEditorAssemblies (707ms)
				LogAssemblyErrors (0ms)
				InitializePlatformSupportModulesInManaged (23ms)
				SetLoadedEditorAssemblies (1ms)
				RefreshPlugins (1ms)
				BeforeProcessingInitializeOnLoad (177ms)
				ProcessInitializeOnLoadAttributes (423ms)
				ProcessInitializeOnLoadMethodAttributes (69ms)
				AfterProcessingInitializeOnLoad (13ms)
				EditorAssembliesLoaded (0ms)
			ExecutionOrderSort2 (0ms)
			AwakeInstancesAfterBackupRestoration (16ms)
Platform modules already initialized, skipping
Refreshing native plugins compatible for Editor in 5.71 ms, found 4 plugins.
Preloading 0 native plugins for Editor in 0.00 ms.
Unloading 4058 Unused Serialized files (Serialized files now loaded: 0)
Unloading 25 unused Assets / (24.7 KB). Loaded Objects now: 4544.
Memory consumption went from 155.3 MB to 155.3 MB.
Total: 4.752000 ms (FindLiveObjects: 0.366700 ms CreateObjectMapping: 0.114900 ms MarkObjects: 4.221300 ms  DeleteObjects: 0.047200 ms)

AssetImportParameters requested are different than current active one (requested -> active):
  custom:video-decoder-ogg-theora: a1e56fd34408186e4bbccfd4996cb3dc -> 
  custom:container-muxer-webm: aa71ff27fc2769a1b78a27578f13a17b -> 
  custom:container-demuxer-webm: 4f35f7cbe854078d1ac9338744f61a02 -> 
  custom:video-encoder-webm-vp8: eb34c28f22e8b96e1ab97ce403110664 -> 
  custom:video-codec-MediaFoundation-h265: 746d11721c4dcdbdad8f713fa42b33f4 -> 
  custom:audio-encoder-webm-vorbis: bf7c407c2cedff20999df2af8eb42d56 -> 
  custom:framework-win-MediaFoundation: 216162199b28c13a410421893ffa2e32 -> 
  custom:container-demuxer-ogg: 62fdf1f143b41e24485cea50d1cbac27 -> 
  custom:video-decoder-webm-vp8: 9c59270c3fd7afecdb556c50c9e8de78 -> 
  custom:audio-decoder-ogg-vorbis: bf7c407c2cedff20999df2af8eb42d56 -> 
========================================================================
Received Prepare
Registering precompiled user dll's ...
Registered in 0.030538 seconds.
Begin MonoManager ReloadAssembly
Symbol file LoadedFromMemory doesn't match image C:\Users\aumai\Documents\Cours ICAN\Unity\Stonk\Paraxplorer\Library\PackageCache\com.unity.visualscripting@1.7.8\Editor\VisualScripting.Core\Dependencies\YamlDotNet\Unity.VisualScripting.YamlDotNet.dll
Symbol file LoadedFromMemory doesn't match image C:\Users\aumai\Documents\Cours ICAN\Unity\Stonk\Paraxplorer\Library\PackageCache\com.unity.visualscripting@1.7.8\Editor\VisualScripting.Core\Dependencies\DotNetZip\Unity.VisualScripting.IonicZip.dll
Native extension for UWP target not found
Native extension for WindowsStandalone target not found
Refreshing native plugins compatible for Editor in 1.68 ms, found 4 plugins.
Preloading 0 native plugins for Editor in 0.00 ms.
Mono: successfully reloaded assembly
- Completed reload, in  3.430 seconds
Domain Reload Profiling:
	ReloadAssembly (3432ms)
		BeginReloadAssembly (379ms)
			ExecutionOrderSort (0ms)
			DisableScriptedObjects (15ms)
			BackupInstance (0ms)
			ReleaseScriptingObjects (0ms)
			CreateAndSetChildDomain (96ms)
		EndReloadAssembly (2673ms)
			LoadAssemblies (321ms)
			RebuildTransferFunctionScriptingTraits (0ms)
			SetupTypeCache (793ms)
			ReleaseScriptCaches (3ms)
			RebuildScriptCaches (140ms)
			SetupLoadedEditorAssemblies (1260ms)
				LogAssemblyErrors (0ms)
				InitializePlatformSupportModulesInManaged (48ms)
				SetLoadedEditorAssemblies (1ms)
				RefreshPlugins (2ms)
				BeforeProcessingInitializeOnLoad (270ms)
				ProcessInitializeOnLoadAttributes (766ms)
				ProcessInitializeOnLoadMethodAttributes (146ms)
				AfterProcessingInitializeOnLoad (27ms)
				EditorAssembliesLoaded (1ms)
			ExecutionOrderSort2 (0ms)
			AwakeInstancesAfterBackupRestoration (30ms)
Platform modules already initialized, skipping
Refreshing native plugins compatible for Editor in 12.22 ms, found 4 plugins.
Preloading 0 native plugins for Editor in 0.00 ms.
Unloading 4058 Unused Serialized files (Serialized files now loaded: 0)
Unloading 25 unused Assets / (24.6 KB). Loaded Objects now: 4547.
Memory consumption went from 155.3 MB to 155.3 MB.
Total: 9.820900 ms (FindLiveObjects: 0.611700 ms CreateObjectMapping: 0.264000 ms MarkObjects: 8.862700 ms  DeleteObjects: 0.079400 ms)

AssetImportParameters requested are different than current active one (requested -> active):
  custom:video-decoder-ogg-theora: a1e56fd34408186e4bbccfd4996cb3dc -> 
  custom:container-muxer-webm: aa71ff27fc2769a1b78a27578f13a17b -> 
  custom:container-demuxer-webm: 4f35f7cbe854078d1ac9338744f61a02 -> 
  custom:video-encoder-webm-vp8: eb34c28f22e8b96e1ab97ce403110664 -> 
  custom:video-codec-MediaFoundation-h265: 746d11721c4dcdbdad8f713fa42b33f4 -> 
  custom:audio-encoder-webm-vorbis: bf7c407c2cedff20999df2af8eb42d56 -> 
  custom:framework-win-MediaFoundation: 216162199b28c13a410421893ffa2e32 -> 
  custom:container-demuxer-ogg: 62fdf1f143b41e24485cea50d1cbac27 -> 
  custom:video-decoder-webm-vp8: 9c59270c3fd7afecdb556c50c9e8de78 -> 
  custom:audio-decoder-ogg-vorbis: bf7c407c2cedff20999df2af8eb42d56 -> 
