Using pre-set license
Built from '2021.3/staging' branch; Version is '2021.3.11f1 (0a5ca18544bf) revision 679073'; Using compiler version '192829333'; Build Type 'Release'
OS: 'Windows 11  (10.0.22000) 64bit Core' Language: 'fr' Physical Memory: 16193 MB
BatchMode: 1, IsHumanControllingUs: 0, StartBugReporterOnCrash: 0, Is64bit: 1, IsPro: 1

COMMAND LINE ARGUMENTS:
C:\Program Files\Unity\Hub\Editor\2021.3.11f1\Editor\Unity.exe
-adb2
-batchMode
-noUpm
-name
AssetImportWorker3
-projectPath
C:/Users/aumai/Documents/Cours ICAN/Unity/Stonk/Paraxplorer
-logFile
Logs/AssetImportWorker3.log
-srvPort
59283
Successfully changed project path to: C:/Users/aumai/Documents/Cours ICAN/Unity/Stonk/Paraxplorer
C:/Users/aumai/Documents/Cours ICAN/Unity/Stonk/Paraxplorer
[UnityMemory] Configuration Parameters - Can be set up in boot.config
    "memorysetup-bucket-allocator-granularity=16"
    "memorysetup-bucket-allocator-bucket-count=8"
    "memorysetup-bucket-allocator-block-size=33554432"
    "memorysetup-bucket-allocator-block-count=8"
    "memorysetup-main-allocator-block-size=16777216"
    "memorysetup-thread-allocator-block-size=16777216"
    "memorysetup-gfx-main-allocator-block-size=16777216"
    "memorysetup-gfx-thread-allocator-block-size=16777216"
    "memorysetup-cache-allocator-block-size=4194304"
    "memorysetup-typetree-allocator-block-size=2097152"
    "memorysetup-profiler-bucket-allocator-granularity=16"
    "memorysetup-profiler-bucket-allocator-bucket-count=8"
    "memorysetup-profiler-bucket-allocator-block-size=33554432"
    "memorysetup-profiler-bucket-allocator-block-count=8"
    "memorysetup-profiler-allocator-block-size=16777216"
    "memorysetup-profiler-editor-allocator-block-size=1048576"
    "memorysetup-temp-allocator-size-main=16777216"
    "memorysetup-job-temp-allocator-block-size=2097152"
    "memorysetup-job-temp-allocator-block-size-background=1048576"
    "memorysetup-job-temp-allocator-reduction-small-platforms=262144"
    "memorysetup-temp-allocator-size-background-worker=32768"
    "memorysetup-temp-allocator-size-job-worker=262144"
    "memorysetup-temp-allocator-size-preload-manager=33554432"
    "memorysetup-temp-allocator-size-nav-mesh-worker=65536"
    "memorysetup-temp-allocator-size-audio-worker=65536"
    "memorysetup-temp-allocator-size-cloud-worker=32768"
    "memorysetup-temp-allocator-size-gi-baking-worker=262144"
    "memorysetup-temp-allocator-size-gfx=262144"
Refreshing native plugins compatible for Editor in 186.00 ms, found 4 plugins.
Preloading 0 native plugins for Editor in 0.00 ms.
Initialize engine version: 2021.3.11f1 (0a5ca18544bf)
[Subsystems] Discovering subsystems at path C:/Program Files/Unity/Hub/Editor/2021.3.11f1/Editor/Data/Resources/UnitySubsystems
[Subsystems] Discovering subsystems at path C:/Users/aumai/Documents/Cours ICAN/Unity/Stonk/Paraxplorer/Assets
GfxDevice: creating device client; threaded=0; jobified=0
Direct3D:
    Version:  Direct3D 11.0 [level 11.1]
    Renderer: NVIDIA GeForce GTX 1650 (ID=0x1f91)
    Vendor:   NVIDIA
    VRAM:     3962 MB
    Driver:   31.0.15.2225
Initialize mono
Mono path[0] = 'C:/Program Files/Unity/Hub/Editor/2021.3.11f1/Editor/Data/Managed'
Mono path[1] = 'C:/Program Files/Unity/Hub/Editor/2021.3.11f1/Editor/Data/MonoBleedingEdge/lib/mono/unityjit-win32'
Mono config path = 'C:/Program Files/Unity/Hub/Editor/2021.3.11f1/Editor/Data/MonoBleedingEdge/etc'
Using monoOptions --debugger-agent=transport=dt_socket,embedding=1,server=y,suspend=n,address=127.0.0.1:56984
Begin MonoManager ReloadAssembly
Registering precompiled unity dll's ...
Register platform support module: C:/Program Files/Unity/Hub/Editor/2021.3.11f1/Editor/Data/PlaybackEngines/WindowsStandaloneSupport/UnityEditor.WindowsStandalone.Extensions.dll
Register platform support module: C:/Program Files/Unity/Hub/Editor/2021.3.11f1/Editor/Data/PlaybackEngines/MetroSupport/UnityEditor.UWP.Extensions.dll
Registered in 0.011589 seconds.
Native extension for UWP target not found
Native extension for WindowsStandalone target not found
Refreshing native plugins compatible for Editor in 121.11 ms, found 4 plugins.
Preloading 0 native plugins for Editor in 0.00 ms.
Mono: successfully reloaded assembly
- Completed reload, in  0.954 seconds
Domain Reload Profiling:
	ReloadAssembly (955ms)
		BeginReloadAssembly (113ms)
			ExecutionOrderSort (0ms)
			DisableScriptedObjects (0ms)
			BackupInstance (0ms)
			ReleaseScriptingObjects (0ms)
			CreateAndSetChildDomain (1ms)
		EndReloadAssembly (688ms)
			LoadAssemblies (110ms)
			RebuildTransferFunctionScriptingTraits (0ms)
			SetupTypeCache (156ms)
			ReleaseScriptCaches (0ms)
			RebuildScriptCaches (41ms)
			SetupLoadedEditorAssemblies (411ms)
				LogAssemblyErrors (0ms)
				InitializePlatformSupportModulesInManaged (13ms)
				SetLoadedEditorAssemblies (0ms)
				RefreshPlugins (121ms)
				BeforeProcessingInitializeOnLoad (2ms)
				ProcessInitializeOnLoadAttributes (203ms)
				ProcessInitializeOnLoadMethodAttributes (71ms)
				AfterProcessingInitializeOnLoad (0ms)
				EditorAssembliesLoaded (0ms)
			ExecutionOrderSort2 (0ms)
			AwakeInstancesAfterBackupRestoration (0ms)
Platform modules already initialized, skipping
Registering precompiled user dll's ...
Registered in 0.012300 seconds.
Begin MonoManager ReloadAssembly
Symbol file LoadedFromMemory doesn't match image C:\Users\aumai\Documents\Cours ICAN\Unity\Stonk\Paraxplorer\Library\PackageCache\com.unity.visualscripting@1.7.8\Editor\VisualScripting.Core\Dependencies\YamlDotNet\Unity.VisualScripting.YamlDotNet.dll
Symbol file LoadedFromMemory doesn't match image C:\Users\aumai\Documents\Cours ICAN\Unity\Stonk\Paraxplorer\Library\PackageCache\com.unity.visualscripting@1.7.8\Editor\VisualScripting.Core\Dependencies\DotNetZip\Unity.VisualScripting.IonicZip.dll
Native extension for UWP target not found
Native extension for WindowsStandalone target not found
Refreshing native plugins compatible for Editor in 120.30 ms, found 4 plugins.
Preloading 0 native plugins for Editor in 0.00 ms.
Mono: successfully reloaded assembly
- Completed reload, in  1.682 seconds
Domain Reload Profiling:
	ReloadAssembly (1683ms)
		BeginReloadAssembly (163ms)
			ExecutionOrderSort (0ms)
			DisableScriptedObjects (8ms)
			BackupInstance (0ms)
			ReleaseScriptingObjects (0ms)
			CreateAndSetChildDomain (26ms)
		EndReloadAssembly (1336ms)
			LoadAssemblies (149ms)
			RebuildTransferFunctionScriptingTraits (0ms)
			SetupTypeCache (347ms)
			ReleaseScriptCaches (1ms)
			RebuildScriptCaches (81ms)
			SetupLoadedEditorAssemblies (702ms)
				LogAssemblyErrors (0ms)
				InitializePlatformSupportModulesInManaged (9ms)
				SetLoadedEditorAssemblies (0ms)
				RefreshPlugins (120ms)
				BeforeProcessingInitializeOnLoad (131ms)
				ProcessInitializeOnLoadAttributes (359ms)
				ProcessInitializeOnLoadMethodAttributes (69ms)
				AfterProcessingInitializeOnLoad (14ms)
				EditorAssembliesLoaded (0ms)
			ExecutionOrderSort2 (0ms)
			AwakeInstancesAfterBackupRestoration (9ms)
Platform modules already initialized, skipping
========================================================================
Worker process is ready to serve import requests
Launched and connected shader compiler UnityShaderCompiler.exe after 0.05 seconds
Refreshing native plugins compatible for Editor in 0.86 ms, found 4 plugins.
Preloading 0 native plugins for Editor in 0.00 ms.
Unloading 4071 Unused Serialized files (Serialized files now loaded: 0)
Unloading 38 unused Assets / (56.1 KB). Loaded Objects now: 4528.
Memory consumption went from 151.5 MB to 151.5 MB.
Total: 4.579700 ms (FindLiveObjects: 0.443000 ms CreateObjectMapping: 0.176000 ms MarkObjects: 3.854000 ms  DeleteObjects: 0.105200 ms)

AssetImportParameters requested are different than current active one (requested -> active):
  custom:video-decoder-ogg-theora: a1e56fd34408186e4bbccfd4996cb3dc -> 
  custom:container-muxer-webm: aa71ff27fc2769a1b78a27578f13a17b -> 
  custom:container-demuxer-webm: 4f35f7cbe854078d1ac9338744f61a02 -> 
  custom:video-encoder-webm-vp8: eb34c28f22e8b96e1ab97ce403110664 -> 
  custom:video-codec-MediaFoundation-h265: 746d11721c4dcdbdad8f713fa42b33f4 -> 
  custom:audio-encoder-webm-vorbis: bf7c407c2cedff20999df2af8eb42d56 -> 
  custom:framework-win-MediaFoundation: 216162199b28c13a410421893ffa2e32 -> 
  custom:container-demuxer-ogg: 62fdf1f143b41e24485cea50d1cbac27 -> 
  custom:video-decoder-webm-vp8: 9c59270c3fd7afecdb556c50c9e8de78 -> 
  custom:audio-decoder-ogg-vorbis: bf7c407c2cedff20999df2af8eb42d56 -> 
========================================================================
Received Import Request.
  Time since last request: 13153.482180 seconds.
  path: Assets/Tiles/entree_2.asset
  artifactKey: Guid(e0c562cad506da7478bfbbec27da37ea) Importer(815301076,1909f56bfc062723c751e8b465ee728b)
Start importing Assets/Tiles/entree_2.asset using Guid(e0c562cad506da7478bfbbec27da37ea) Importer(815301076,1909f56bfc062723c751e8b465ee728b)  -> (artifact id: 'a65d4e8d593126b5bdf88822d307e1aa') in 0.136683 seconds 
========================================================================
Received Import Request.
  Time since last request: 0.000039 seconds.
  path: Assets/Tiles/entree_30.asset
  artifactKey: Guid(963799737d8b07848b2a46abbf92ea74) Importer(815301076,1909f56bfc062723c751e8b465ee728b)
Start importing Assets/Tiles/entree_30.asset using Guid(963799737d8b07848b2a46abbf92ea74) Importer(815301076,1909f56bfc062723c751e8b465ee728b)  -> (artifact id: '69e92b37d841fa1c236f966a60e9aa24') in 0.016763 seconds 
========================================================================
Received Import Request.
  Time since last request: 0.000074 seconds.
  path: Assets/Tiles/entree_27.asset
  artifactKey: Guid(03f84c3efdbdbd84b8e8daec58a2a529) Importer(815301076,1909f56bfc062723c751e8b465ee728b)
Start importing Assets/Tiles/entree_27.asset using Guid(03f84c3efdbdbd84b8e8daec58a2a529) Importer(815301076,1909f56bfc062723c751e8b465ee728b)  -> (artifact id: '3b8b80cf715f524614916276748b3762') in 0.014510 seconds 
========================================================================
Received Import Request.
  Time since last request: 0.000035 seconds.
  path: Assets/Tiles/entree_26.asset
  artifactKey: Guid(04e7d5301461fce4b8e3fec7590e57ea) Importer(815301076,1909f56bfc062723c751e8b465ee728b)
Start importing Assets/Tiles/entree_26.asset using Guid(04e7d5301461fce4b8e3fec7590e57ea) Importer(815301076,1909f56bfc062723c751e8b465ee728b)  -> (artifact id: '45ae9684be5c2140d2fd25b473602075') in 0.013318 seconds 
========================================================================
Received Import Request.
  Time since last request: 0.000037 seconds.
  path: Assets/Tiles/entree_9.asset
  artifactKey: Guid(d54380124d88fd64e9343e3f917944c8) Importer(815301076,1909f56bfc062723c751e8b465ee728b)
Start importing Assets/Tiles/entree_9.asset using Guid(d54380124d88fd64e9343e3f917944c8) Importer(815301076,1909f56bfc062723c751e8b465ee728b)  -> (artifact id: '0a4698f60f838cfd1fc421372ace069b') in 0.016454 seconds 
========================================================================
Received Import Request.
  Time since last request: 0.000037 seconds.
  path: Assets/Tiles/entree_40.asset
  artifactKey: Guid(2430702d5d1bb7a4b886456da78a1a61) Importer(815301076,1909f56bfc062723c751e8b465ee728b)
Start importing Assets/Tiles/entree_40.asset using Guid(2430702d5d1bb7a4b886456da78a1a61) Importer(815301076,1909f56bfc062723c751e8b465ee728b)  -> (artifact id: '9e29da548cb4bc9be0ff2cb3ae6e4021') in 0.019037 seconds 
========================================================================
Received Import Request.
  Time since last request: 0.000035 seconds.
  path: Assets/Tiles/entree_5.asset
  artifactKey: Guid(0f7bec5b3110f3b4cb482b8c5f7ef731) Importer(815301076,1909f56bfc062723c751e8b465ee728b)
Start importing Assets/Tiles/entree_5.asset using Guid(0f7bec5b3110f3b4cb482b8c5f7ef731) Importer(815301076,1909f56bfc062723c751e8b465ee728b)  -> (artifact id: 'e1a2bef82250ea1461be6b785c2c85bf') in 0.012828 seconds 
========================================================================
Received Import Request.
  Time since last request: 0.000035 seconds.
  path: Assets/Tiles/entree_8.asset
  artifactKey: Guid(eb0db48e593fee547bda09d2590be676) Importer(815301076,1909f56bfc062723c751e8b465ee728b)
Start importing Assets/Tiles/entree_8.asset using Guid(eb0db48e593fee547bda09d2590be676) Importer(815301076,1909f56bfc062723c751e8b465ee728b)  -> (artifact id: '175e652b861c22d683be683afba37c91') in 0.013528 seconds 
========================================================================
Received Import Request.
  Time since last request: 0.000029 seconds.
  path: Assets/Tiles/entree_23.asset
  artifactKey: Guid(55db90467a9131e439d5bc3ecd58da1d) Importer(815301076,1909f56bfc062723c751e8b465ee728b)
Start importing Assets/Tiles/entree_23.asset using Guid(55db90467a9131e439d5bc3ecd58da1d) Importer(815301076,1909f56bfc062723c751e8b465ee728b)  -> (artifact id: '9cd8267b595a130332a57ca61d9477ae') in 0.012934 seconds 
========================================================================
Received Import Request.
  Time since last request: 0.000031 seconds.
  path: Assets/Tiles/entree_14.asset
  artifactKey: Guid(d9d6bbe9690899d49b25cf54d4214618) Importer(815301076,1909f56bfc062723c751e8b465ee728b)
Start importing Assets/Tiles/entree_14.asset using Guid(d9d6bbe9690899d49b25cf54d4214618) Importer(815301076,1909f56bfc062723c751e8b465ee728b)  -> (artifact id: 'de19d0fb559ce52df6320c22d5e7e0a2') in 0.014114 seconds 
========================================================================
Received Import Request.
  Time since last request: 0.000042 seconds.
  path: Assets/Tiles/entree_12.asset
  artifactKey: Guid(ec9e385e71643dd499edd586f15afea3) Importer(815301076,1909f56bfc062723c751e8b465ee728b)
Start importing Assets/Tiles/entree_12.asset using Guid(ec9e385e71643dd499edd586f15afea3) Importer(815301076,1909f56bfc062723c751e8b465ee728b)  -> (artifact id: '09b08d4b612d53b88fbf427417119217') in 0.015736 seconds 
========================================================================
Received Import Request.
  Time since last request: 0.000039 seconds.
  path: Assets/Tiles/entree_4.asset
  artifactKey: Guid(086d31e65ca3c064ab6c470f1948cac7) Importer(815301076,1909f56bfc062723c751e8b465ee728b)
Start importing Assets/Tiles/entree_4.asset using Guid(086d31e65ca3c064ab6c470f1948cac7) Importer(815301076,1909f56bfc062723c751e8b465ee728b)  -> (artifact id: 'd5cb78dda7c66205261688a777d4399e') in 0.013118 seconds 
========================================================================
Received Import Request.
  Time since last request: 0.000056 seconds.
  path: Assets/Tiles/entree_22.asset
  artifactKey: Guid(cf277561d7058074e808ed151435844e) Importer(815301076,1909f56bfc062723c751e8b465ee728b)
Start importing Assets/Tiles/entree_22.asset using Guid(cf277561d7058074e808ed151435844e) Importer(815301076,1909f56bfc062723c751e8b465ee728b)  -> (artifact id: 'd41682de42dbfd3d27fa3edc8c264551') in 0.012221 seconds 
========================================================================
Received Import Request.
  Time since last request: 0.000034 seconds.
  path: Assets/Tiles/entree_24.asset
  artifactKey: Guid(820b31b2a05b4e14382a6d8a0df18c3a) Importer(815301076,1909f56bfc062723c751e8b465ee728b)
Start importing Assets/Tiles/entree_24.asset using Guid(820b31b2a05b4e14382a6d8a0df18c3a) Importer(815301076,1909f56bfc062723c751e8b465ee728b)  -> (artifact id: '14d648604c0672ebb0b2fd37aafdaf34') in 0.013074 seconds 
Editor requested this worker to shutdown with reason: Scaling down because of idle timeout
AssetImportWorker is now disconnected from the server
Process exiting
Exiting without the bug reporter. Application will terminate with return code 0